<?xml version="1.0" encoding="UTF-8"?>
<robot generator="Robot 6.0.2 (Python 3.8.10 on win32)" generated="20230508 20:00:09.340" rpa="false" schemaversion="3">
<suite id="s1" name="Topics Test" source="D:\Downloads\AP4TS - !!!!!NEMAZ!!!!!!\test-done\My_tests\TS_005 - Topics_Test + output\Topics_Test.robot">
<test id="s1-t1" name="TC_005-001: Topics_Test - Gaming - Minecraft" line="9">
<kw name="Open Browser" library="SeleniumLibrary">
<arg>${URL}</arg>
<arg>${BROWSER}</arg>
<doc>Opens a new browser instance to the optional ``url``.</doc>
<msg timestamp="20230508 20:00:09.491" level="INFO">Opening browser 'chrome' to base url 'https://www.reddit.com/'.</msg>
<status status="PASS" starttime="20230508 20:00:09.490" endtime="20230508 20:00:15.741"/>
</kw>
<kw name="Maximize Browser Window" library="SeleniumLibrary">
<doc>Maximizes current browser window.</doc>
<status status="PASS" starttime="20230508 20:00:15.741" endtime="20230508 20:00:15.882"/>
</kw>
<kw name="Wait Until Page Contains Element" library="SeleniumLibrary">
<arg>xpath://button[normalize-space()='Accept all']</arg>
<doc>Waits until the element ``locator`` appears on the current page.</doc>
<status status="PASS" starttime="20230508 20:00:15.882" endtime="20230508 20:00:15.938"/>
</kw>
<kw name="Click Element" library="SeleniumLibrary">
<arg>xpath://button[normalize-space()='Accept all']</arg>
<doc>Click the element identified by ``locator``.</doc>
<msg timestamp="20230508 20:00:15.939" level="INFO">Clicking element 'xpath://button[normalize-space()='Accept all']'.</msg>
<status status="PASS" starttime="20230508 20:00:15.938" endtime="20230508 20:00:15.998"/>
</kw>
<kw name="Wait Until Element Is Not Visible" library="SeleniumLibrary">
<arg>xpath://div[@class='_1DK52RbaamLOWw5UPaht_S _3Ig_EsWWVLquWs2yBBQjec _1acwN_tUhJ8w-n7oCp-Aw3']</arg>
<doc>Waits until the element ``locator`` is not visible.</doc>
<status status="PASS" starttime="20230508 20:00:15.998" endtime="20230508 20:00:16.007"/>
</kw>
<kw name="Wait Until Page Contains Element" library="SeleniumLibrary">
<arg>xpath://div[contains(@role,'menu')]//button[1]</arg>
<doc>Waits until the element ``locator`` appears on the current page.</doc>
<status status="PASS" starttime="20230508 20:00:16.007" endtime="20230508 20:00:16.031"/>
</kw>
<kw name="Click Element" library="SeleniumLibrary">
<arg>xpath://div[contains(@role,'menu')]//button[1]</arg>
<doc>Click the element identified by ``locator``.</doc>
<msg timestamp="20230508 20:00:16.032" level="INFO">Clicking element 'xpath://div[contains(@role,'menu')]//button[1]'.</msg>
<status status="PASS" starttime="20230508 20:00:16.032" endtime="20230508 20:00:16.082"/>
</kw>
<kw name="Wait Until Page Contains Element" library="SeleniumLibrary">
<arg>xpath://span[normalize-space()='Minecraft']</arg>
<doc>Waits until the element ``locator`` appears on the current page.</doc>
<status status="PASS" starttime="20230508 20:00:16.082" endtime="20230508 20:00:16.092"/>
</kw>
<kw name="Click Element" library="SeleniumLibrary">
<arg>xpath://span[normalize-space()='Minecraft']</arg>
<doc>Click the element identified by ``locator``.</doc>
<msg timestamp="20230508 20:00:16.093" level="INFO">Clicking element 'xpath://span[normalize-space()='Minecraft']'.</msg>
<status status="PASS" starttime="20230508 20:00:16.093" endtime="20230508 20:00:16.155"/>
</kw>
<kw name="Wait Until Page Contains Element" library="SeleniumLibrary">
<arg>xpath://div[@class='_3xUDHcNgeNVz7fD8H1kUy7']</arg>
<doc>Waits until the element ``locator`` appears on the current page.</doc>
<status status="PASS" starttime="20230508 20:00:16.157" endtime="20230508 20:00:16.920"/>
</kw>
<kw name="Location Should Be" library="SeleniumLibrary">
<arg>https://www.reddit.com/t/minecraft/</arg>
<doc>Verifies that the current URL is exactly ``url``.</doc>
<msg timestamp="20230508 20:00:16.925" level="INFO">Current location is 'https://www.reddit.com/t/minecraft/'.</msg>
<status status="PASS" starttime="20230508 20:00:16.921" endtime="20230508 20:00:16.925"/>
</kw>
<kw name="Click Element" library="SeleniumLibrary">
<arg>xpath://h3[contains(text(),'[OC] Visualization of livestock being slaughtered ')]</arg>
<doc>Click the element identified by ``locator``.</doc>
<msg timestamp="20230508 20:00:16.925" level="INFO">Clicking element 'xpath://h3[contains(text(),'[OC] Visualization of livestock being slaughtered ')]'.</msg>
<status status="PASS" starttime="20230508 20:00:16.925" endtime="20230508 20:00:17.427"/>
</kw>
<kw name="Wait Until Page Contains Element" library="SeleniumLibrary">
<arg>xpath://faceplate-tracker[contains(@class,'visible')]//a[contains(@class,'a')][normalize-space()='datekram']</arg>
<doc>Waits until the element ``locator`` appears on the current page.</doc>
<status status="PASS" starttime="20230508 20:00:17.427" endtime="20230508 20:00:17.437"/>
</kw>
<kw name="Location Should Be" library="SeleniumLibrary">
<arg>https://www.reddit.com/r/dataisbeautiful/comments/124keay/oc_visualization_of_livestock_being_slaughtered/</arg>
<doc>Verifies that the current URL is exactly ``url``.</doc>
<msg timestamp="20230508 20:00:17.440" level="INFO">Current location is 'https://www.reddit.com/r/dataisbeautiful/comments/124keay/oc_visualization_of_livestock_being_slaughtered/'.</msg>
<status status="PASS" starttime="20230508 20:00:17.437" endtime="20230508 20:00:17.440"/>
</kw>
<kw name="Capture Page Screenshot" library="SeleniumLibrary">
<doc>Takes a screenshot of the current page and embeds it into a log file.</doc>
<msg timestamp="20230508 20:00:17.709" level="INFO" html="true">&lt;/td&gt;&lt;/tr&gt;&lt;tr&gt;&lt;td colspan="3"&gt;&lt;a href="selenium-screenshot-2.png"&gt;&lt;img src="selenium-screenshot-2.png" width="800px"&gt;&lt;/a&gt;</msg>
<status status="PASS" starttime="20230508 20:00:17.440" endtime="20230508 20:00:17.709"/>
</kw>
<kw name="Close Browser" library="SeleniumLibrary">
<doc>Closes the current browser.</doc>
<status status="PASS" starttime="20230508 20:00:17.709" endtime="20230508 20:00:19.883"/>
</kw>
<doc>Tests clicking on the Dropdown menu and functionality -Minecraft</doc>
<status status="PASS" starttime="20230508 20:00:09.490" endtime="20230508 20:00:19.883"/>
</test>
<test id="s1-t2" name="TC_005-002: Topics_Test - Sport- nfl" line="28">
<kw name="Open Browser" library="SeleniumLibrary">
<arg>${URL}</arg>
<arg>${BROWSER}</arg>
<doc>Opens a new browser instance to the optional ``url``.</doc>
<msg timestamp="20230508 20:00:19.886" level="INFO">Opening browser 'chrome' to base url 'https://www.reddit.com/'.</msg>
<status status="PASS" starttime="20230508 20:00:19.884" endtime="20230508 20:00:25.332"/>
</kw>
<kw name="Maximize Browser Window" library="SeleniumLibrary">
<doc>Maximizes current browser window.</doc>
<status status="PASS" starttime="20230508 20:00:25.334" endtime="20230508 20:00:25.518"/>
</kw>
<kw name="Wait Until Page Contains Element" library="SeleniumLibrary">
<arg>xpath://button[normalize-space()='Accept all']</arg>
<doc>Waits until the element ``locator`` appears on the current page.</doc>
<status status="PASS" starttime="20230508 20:00:25.518" endtime="20230508 20:00:25.561"/>
</kw>
<kw name="Click Element" library="SeleniumLibrary">
<arg>xpath://button[normalize-space()='Accept all']</arg>
<doc>Click the element identified by ``locator``.</doc>
<msg timestamp="20230508 20:00:25.562" level="INFO">Clicking element 'xpath://button[normalize-space()='Accept all']'.</msg>
<status status="PASS" starttime="20230508 20:00:25.562" endtime="20230508 20:00:25.654"/>
</kw>
<kw name="Wait Until Element Is Not Visible" library="SeleniumLibrary">
<arg>xpath://div[@class='_1DK52RbaamLOWw5UPaht_S _3Ig_EsWWVLquWs2yBBQjec _1acwN_tUhJ8w-n7oCp-Aw3']</arg>
<doc>Waits until the element ``locator`` is not visible.</doc>
<status status="PASS" starttime="20230508 20:00:25.655" endtime="20230508 20:00:25.664"/>
</kw>
<kw name="Wait Until Page Contains Element" library="SeleniumLibrary">
<arg>xpath://div[contains(@role,'menu')]//button[2]</arg>
<doc>Waits until the element ``locator`` appears on the current page.</doc>
<status status="PASS" starttime="20230508 20:00:25.664" endtime="20230508 20:00:25.672"/>
</kw>
<kw name="Click Element" library="SeleniumLibrary">
<arg>xpath://div[contains(@role,'menu')]//button[2]</arg>
<doc>Click the element identified by ``locator``.</doc>
<msg timestamp="20230508 20:00:25.674" level="INFO">Clicking element 'xpath://div[contains(@role,'menu')]//button[2]'.</msg>
<status status="PASS" starttime="20230508 20:00:25.674" endtime="20230508 20:00:25.708"/>
</kw>
<kw name="Wait Until Page Contains Element" library="SeleniumLibrary">
<arg>xpath://a[contains(@href,'/t/nfl/')]</arg>
<doc>Waits until the element ``locator`` appears on the current page.</doc>
<status status="PASS" starttime="20230508 20:00:25.708" endtime="20230508 20:00:25.719"/>
</kw>
<kw name="Click Element" library="SeleniumLibrary">
<arg>xpath://a[contains(@href,'/t/nfl/')]</arg>
<doc>Click the element identified by ``locator``.</doc>
<msg timestamp="20230508 20:00:25.719" level="INFO">Clicking element 'xpath://a[contains(@href,'/t/nfl/')]'.</msg>
<status status="PASS" starttime="20230508 20:00:25.719" endtime="20230508 20:00:25.796"/>
</kw>
<kw name="Wait Until Page Contains Element" library="SeleniumLibrary">
<arg>xpath://div[@class='_3xUDHcNgeNVz7fD8H1kUy7']</arg>
<doc>Waits until the element ``locator`` appears on the current page.</doc>
<status status="PASS" starttime="20230508 20:00:25.796" endtime="20230508 20:00:26.677"/>
</kw>
<kw name="Location Should Be" library="SeleniumLibrary">
<arg>https://www.reddit.com/t/nfl/</arg>
<doc>Verifies that the current URL is exactly ``url``.</doc>
<msg timestamp="20230508 20:00:26.688" level="INFO">Current location is 'https://www.reddit.com/t/nfl/'.</msg>
<status status="PASS" starttime="20230508 20:00:26.677" endtime="20230508 20:00:26.688"/>
</kw>
<kw name="Wait Until Page Contains Element" library="SeleniumLibrary">
<arg>xpath://div[normalize-space()='Communities']</arg>
<doc>Waits until the element ``locator`` appears on the current page.</doc>
<status status="PASS" starttime="20230508 20:00:26.688" endtime="20230508 20:00:26.703"/>
</kw>
<kw name="Click Element" library="SeleniumLibrary">
<arg>xpath://div[normalize-space()='Communities']</arg>
<doc>Click the element identified by ``locator``.</doc>
<msg timestamp="20230508 20:00:26.704" level="INFO">Clicking element 'xpath://div[normalize-space()='Communities']'.</msg>
<status status="PASS" starttime="20230508 20:00:26.703" endtime="20230508 20:00:26.767"/>
</kw>
<kw name="Wait Until Page Contains Element" library="SeleniumLibrary">
<arg>xpath://div[normalize-space()='r/nfl']</arg>
<doc>Waits until the element ``locator`` appears on the current page.</doc>
<status status="PASS" starttime="20230508 20:00:26.767" endtime="20230508 20:00:26.780"/>
</kw>
<kw name="Click Element" library="SeleniumLibrary">
<arg>xpath://div[normalize-space()='r/nfl']</arg>
<doc>Click the element identified by ``locator``.</doc>
<msg timestamp="20230508 20:00:26.780" level="INFO">Clicking element 'xpath://div[normalize-space()='r/nfl']'.</msg>
<status status="PASS" starttime="20230508 20:00:26.780" endtime="20230508 20:00:26.855"/>
</kw>
<kw name="Location Should Be" library="SeleniumLibrary">
<arg>https://www.reddit.com/r/nfl/</arg>
<doc>Verifies that the current URL is exactly ``url``.</doc>
<msg timestamp="20230508 20:00:26.859" level="INFO">Current location is 'https://www.reddit.com/r/nfl/'.</msg>
<status status="PASS" starttime="20230508 20:00:26.855" endtime="20230508 20:00:26.859"/>
</kw>
<kw name="Wait Until Page Contains Element" library="SeleniumLibrary">
<arg>xpath://h2[@class='_33aRtz9JtW0dIrBNKFAl0y']</arg>
<doc>Waits until the element ``locator`` appears on the current page.</doc>
<status status="PASS" starttime="20230508 20:00:26.859" endtime="20230508 20:00:27.084"/>
</kw>
<kw name="Capture Page Screenshot" library="SeleniumLibrary">
<doc>Takes a screenshot of the current page and embeds it into a log file.</doc>
<msg timestamp="20230508 20:00:27.280" level="INFO" html="true">&lt;/td&gt;&lt;/tr&gt;&lt;tr&gt;&lt;td colspan="3"&gt;&lt;a href="selenium-screenshot-3.png"&gt;&lt;img src="selenium-screenshot-3.png" width="800px"&gt;&lt;/a&gt;</msg>
<status status="PASS" starttime="20230508 20:00:27.084" endtime="20230508 20:00:27.280"/>
</kw>
<kw name="Close Browser" library="SeleniumLibrary">
<doc>Closes the current browser.</doc>
<status status="PASS" starttime="20230508 20:00:27.280" endtime="20230508 20:00:29.447"/>
</kw>
<doc>Tests clicking on the Dropdown menu and functionality -nfl</doc>
<status status="PASS" starttime="20230508 20:00:19.884" endtime="20230508 20:00:29.447"/>
</test>
<test id="s1-t3" name="TC_005-003: Topics_Test - Business, Economics, and Finance - GameStop" line="50">
<kw name="Open Browser" library="SeleniumLibrary">
<arg>${URL}</arg>
<arg>${BROWSER}</arg>
<doc>Opens a new browser instance to the optional ``url``.</doc>
<msg timestamp="20230508 20:00:29.449" level="INFO">Opening browser 'chrome' to base url 'https://www.reddit.com/'.</msg>
<status status="PASS" starttime="20230508 20:00:29.449" endtime="20230508 20:00:35.876"/>
</kw>
<kw name="Maximize Browser Window" library="SeleniumLibrary">
<doc>Maximizes current browser window.</doc>
<status status="PASS" starttime="20230508 20:00:35.876" endtime="20230508 20:00:36.003"/>
</kw>
<kw name="Wait Until Page Contains Element" library="SeleniumLibrary">
<arg>xpath://button[normalize-space()='Accept all']</arg>
<doc>Waits until the element ``locator`` appears on the current page.</doc>
<status status="PASS" starttime="20230508 20:00:36.003" endtime="20230508 20:00:36.025"/>
</kw>
<kw name="Click Element" library="SeleniumLibrary">
<arg>xpath://button[normalize-space()='Accept all']</arg>
<doc>Click the element identified by ``locator``.</doc>
<msg timestamp="20230508 20:00:36.025" level="INFO">Clicking element 'xpath://button[normalize-space()='Accept all']'.</msg>
<status status="PASS" starttime="20230508 20:00:36.025" endtime="20230508 20:00:36.123"/>
</kw>
<kw name="Wait Until Element Is Not Visible" library="SeleniumLibrary">
<arg>xpath://div[@class='_1DK52RbaamLOWw5UPaht_S _3Ig_EsWWVLquWs2yBBQjec _1acwN_tUhJ8w-n7oCp-Aw3']</arg>
<doc>Waits until the element ``locator`` is not visible.</doc>
<status status="PASS" starttime="20230508 20:00:36.123" endtime="20230508 20:00:36.134"/>
</kw>
<kw name="Wait Until Page Contains Element" library="SeleniumLibrary">
<arg>xpath://div[contains(@role,'menu')]//button[3]</arg>
<doc>Waits until the element ``locator`` appears on the current page.</doc>
<status status="PASS" starttime="20230508 20:00:36.134" endtime="20230508 20:00:36.144"/>
</kw>
<kw name="Click Element" library="SeleniumLibrary">
<arg>xpath://div[contains(@role,'menu')]//button[3]</arg>
<doc>Click the element identified by ``locator``.</doc>
<msg timestamp="20230508 20:00:36.144" level="INFO">Clicking element 'xpath://div[contains(@role,'menu')]//button[3]'.</msg>
<status status="PASS" starttime="20230508 20:00:36.144" endtime="20230508 20:00:36.257"/>
</kw>
<kw name="Wait Until Page Contains Element" library="SeleniumLibrary">
<arg>xpath://span[normalize-space()='GameStop']</arg>
<doc>Waits until the element ``locator`` appears on the current page.</doc>
<status status="PASS" starttime="20230508 20:00:36.257" endtime="20230508 20:00:36.268"/>
</kw>
<kw name="Click Element" library="SeleniumLibrary">
<arg>xpath://span[normalize-space()='GameStop']</arg>
<doc>Click the element identified by ``locator``.</doc>
<msg timestamp="20230508 20:00:36.268" level="INFO">Clicking element 'xpath://span[normalize-space()='GameStop']'.</msg>
<status status="PASS" starttime="20230508 20:00:36.268" endtime="20230508 20:00:36.316"/>
</kw>
<kw name="Location Should Be" library="SeleniumLibrary">
<arg>https://www.reddit.com/t/gamestop/</arg>
<doc>Verifies that the current URL is exactly ``url``.</doc>
<msg timestamp="20230508 20:00:36.321" level="INFO">Current location is 'https://www.reddit.com/t/gamestop/'.</msg>
<status status="PASS" starttime="20230508 20:00:36.317" endtime="20230508 20:00:36.321"/>
</kw>
<kw name="Wait Until Page Contains Element" library="SeleniumLibrary">
<arg>xpath://div[normalize-space()='Related Topics']</arg>
<doc>Waits until the element ``locator`` appears on the current page.</doc>
<status status="PASS" starttime="20230508 20:00:36.322" endtime="20230508 20:00:37.736"/>
</kw>
<kw name="Click Element" library="SeleniumLibrary">
<arg>xpath://div[normalize-space()='Related Topics']</arg>
<doc>Click the element identified by ``locator``.</doc>
<msg timestamp="20230508 20:00:37.737" level="INFO">Clicking element 'xpath://div[normalize-space()='Related Topics']'.</msg>
<status status="PASS" starttime="20230508 20:00:37.737" endtime="20230508 20:00:37.846"/>
</kw>
<kw name="Wait Until Page Contains Element" library="SeleniumLibrary">
<arg>xpath://span[contains(text(),'GameStop NFT marketplace')]</arg>
<doc>Waits until the element ``locator`` appears on the current page.</doc>
<status status="PASS" starttime="20230508 20:00:37.847" endtime="20230508 20:00:37.857"/>
</kw>
<kw name="Wait Until Page Contains Element" library="SeleniumLibrary">
<arg>xpath://div[contains(@class,'_34EJPxBGGouPQbmc0Z-LmB')][normalize-space()='r/GameStop']</arg>
<doc>Waits until the element ``locator`` appears on the current page.</doc>
<status status="PASS" starttime="20230508 20:00:37.857" endtime="20230508 20:00:37.868"/>
</kw>
<kw name="Capture Page Screenshot" library="SeleniumLibrary">
<doc>Takes a screenshot of the current page and embeds it into a log file.</doc>
<msg timestamp="20230508 20:00:38.026" level="INFO" html="true">&lt;/td&gt;&lt;/tr&gt;&lt;tr&gt;&lt;td colspan="3"&gt;&lt;a href="selenium-screenshot-4.png"&gt;&lt;img src="selenium-screenshot-4.png" width="800px"&gt;&lt;/a&gt;</msg>
<status status="PASS" starttime="20230508 20:00:37.868" endtime="20230508 20:00:38.026"/>
</kw>
<kw name="Close Browser" library="SeleniumLibrary">
<doc>Closes the current browser.</doc>
<status status="PASS" starttime="20230508 20:00:38.026" endtime="20230508 20:00:40.204"/>
</kw>
<doc>Tests clicking on the Dropdown menu and functionality -Moderator Code of Conduct</doc>
<status status="PASS" starttime="20230508 20:00:29.448" endtime="20230508 20:00:40.204"/>
</test>
<test id="s1-t4" name="TC_005-004: Topics_Test - Crypto - bitcoin" line="69">
<kw name="Open Browser" library="SeleniumLibrary">
<arg>${URL}</arg>
<arg>${BROWSER}</arg>
<doc>Opens a new browser instance to the optional ``url``.</doc>
<msg timestamp="20230508 20:00:40.206" level="INFO">Opening browser 'chrome' to base url 'https://www.reddit.com/'.</msg>
<status status="PASS" starttime="20230508 20:00:40.206" endtime="20230508 20:00:45.709"/>
</kw>
<kw name="Maximize Browser Window" library="SeleniumLibrary">
<doc>Maximizes current browser window.</doc>
<status status="PASS" starttime="20230508 20:00:45.709" endtime="20230508 20:00:45.837"/>
</kw>
<kw name="Wait Until Page Contains Element" library="SeleniumLibrary">
<arg>xpath://button[normalize-space()='Accept all']</arg>
<doc>Waits until the element ``locator`` appears on the current page.</doc>
<status status="PASS" starttime="20230508 20:00:45.837" endtime="20230508 20:00:45.886"/>
</kw>
<kw name="Click Element" library="SeleniumLibrary">
<arg>xpath://button[normalize-space()='Accept all']</arg>
<doc>Click the element identified by ``locator``.</doc>
<msg timestamp="20230508 20:00:45.886" level="INFO">Clicking element 'xpath://button[normalize-space()='Accept all']'.</msg>
<status status="PASS" starttime="20230508 20:00:45.886" endtime="20230508 20:00:45.958"/>
</kw>
<kw name="Wait Until Element Is Not Visible" library="SeleniumLibrary">
<arg>xpath://div[@class='_1DK52RbaamLOWw5UPaht_S _3Ig_EsWWVLquWs2yBBQjec _1acwN_tUhJ8w-n7oCp-Aw3']</arg>
<doc>Waits until the element ``locator`` is not visible.</doc>
<status status="PASS" starttime="20230508 20:00:45.959" endtime="20230508 20:00:45.972"/>
</kw>
<kw name="Wait Until Page Contains Element" library="SeleniumLibrary">
<arg>xpath://div[contains(@role,'menu')]//button[4]</arg>
<doc>Waits until the element ``locator`` appears on the current page.</doc>
<status status="PASS" starttime="20230508 20:00:45.973" endtime="20230508 20:00:45.992"/>
</kw>
<kw name="Click Element" library="SeleniumLibrary">
<arg>xpath://div[contains(@role,'menu')]//button[4]</arg>
<doc>Click the element identified by ``locator``.</doc>
<msg timestamp="20230508 20:00:45.993" level="INFO">Clicking element 'xpath://div[contains(@role,'menu')]//button[4]'.</msg>
<status status="PASS" starttime="20230508 20:00:45.993" endtime="20230508 20:00:46.060"/>
</kw>
<kw name="Wait Until Page Contains Element" library="SeleniumLibrary">
<arg>xpath://span[contains(@class,'yloKeyD8bfd8UJ_Gi9rsR')][normalize-space()='Bitcoin']</arg>
<doc>Waits until the element ``locator`` appears on the current page.</doc>
<status status="PASS" starttime="20230508 20:00:46.060" endtime="20230508 20:00:46.071"/>
</kw>
<kw name="Click Element" library="SeleniumLibrary">
<arg>xpath://span[contains(@class,'yloKeyD8bfd8UJ_Gi9rsR')][normalize-space()='Bitcoin']</arg>
<doc>Click the element identified by ``locator``.</doc>
<msg timestamp="20230508 20:00:46.072" level="INFO">Clicking element 'xpath://span[contains(@class,'yloKeyD8bfd8UJ_Gi9rsR')][normalize-space()='Bitcoin']'.</msg>
<status status="PASS" starttime="20230508 20:00:46.071" endtime="20230508 20:00:46.133"/>
</kw>
<kw name="Location Should Be" library="SeleniumLibrary">
<arg>https://www.reddit.com/t/bitcoin/</arg>
<doc>Verifies that the current URL is exactly ``url``.</doc>
<msg timestamp="20230508 20:00:46.138" level="INFO">Current location is 'https://www.reddit.com/t/bitcoin/'.</msg>
<status status="PASS" starttime="20230508 20:00:46.134" endtime="20230508 20:00:46.138"/>
</kw>
<kw name="Wait Until Page Contains Element" library="SeleniumLibrary">
<arg>xpath://h3[contains(text(),'White House proposes 30% tax on electricity used f')]</arg>
<doc>Waits until the element ``locator`` appears on the current page.</doc>
<status status="PASS" starttime="20230508 20:00:46.139" endtime="20230508 20:00:47.062"/>
</kw>
<kw name="Capture Page Screenshot" library="SeleniumLibrary">
<doc>Takes a screenshot of the current page and embeds it into a log file.</doc>
<msg timestamp="20230508 20:00:47.260" level="INFO" html="true">&lt;/td&gt;&lt;/tr&gt;&lt;tr&gt;&lt;td colspan="3"&gt;&lt;a href="selenium-screenshot-5.png"&gt;&lt;img src="selenium-screenshot-5.png" width="800px"&gt;&lt;/a&gt;</msg>
<status status="PASS" starttime="20230508 20:00:47.063" endtime="20230508 20:00:47.260"/>
</kw>
<kw name="Close Browser" library="SeleniumLibrary">
<doc>Closes the current browser.</doc>
<status status="PASS" starttime="20230508 20:00:47.261" endtime="20230508 20:00:49.411"/>
</kw>
<doc>Tests clicking on the Dropdown menu and functionality -bitcoin</doc>
<status status="PASS" starttime="20230508 20:00:40.206" endtime="20230508 20:00:49.411"/>
</test>
<test id="s1-t5" name="TC_005-005: Topics_Test - Television - The Bachelor" line="85">
<kw name="Open Browser" library="SeleniumLibrary">
<arg>${URL}</arg>
<arg>${BROWSER}</arg>
<doc>Opens a new browser instance to the optional ``url``.</doc>
<msg timestamp="20230508 20:00:49.414" level="INFO">Opening browser 'chrome' to base url 'https://www.reddit.com/'.</msg>
<status status="PASS" starttime="20230508 20:00:49.412" endtime="20230508 20:00:54.855"/>
</kw>
<kw name="Maximize Browser Window" library="SeleniumLibrary">
<doc>Maximizes current browser window.</doc>
<status status="PASS" starttime="20230508 20:00:54.855" endtime="20230508 20:00:54.979"/>
</kw>
<kw name="Wait Until Page Contains Element" library="SeleniumLibrary">
<arg>xpath://button[normalize-space()='Accept all']</arg>
<doc>Waits until the element ``locator`` appears on the current page.</doc>
<status status="PASS" starttime="20230508 20:00:54.980" endtime="20230508 20:00:55.012"/>
</kw>
<kw name="Click Element" library="SeleniumLibrary">
<arg>xpath://button[normalize-space()='Accept all']</arg>
<doc>Click the element identified by ``locator``.</doc>
<msg timestamp="20230508 20:00:55.012" level="INFO">Clicking element 'xpath://button[normalize-space()='Accept all']'.</msg>
<status status="PASS" starttime="20230508 20:00:55.012" endtime="20230508 20:00:55.104"/>
</kw>
<kw name="Wait Until Element Is Not Visible" library="SeleniumLibrary">
<arg>xpath://div[@class='_1DK52RbaamLOWw5UPaht_S _3Ig_EsWWVLquWs2yBBQjec _1acwN_tUhJ8w-n7oCp-Aw3']</arg>
<doc>Waits until the element ``locator`` is not visible.</doc>
<status status="PASS" starttime="20230508 20:00:55.104" endtime="20230508 20:00:55.116"/>
</kw>
<kw name="Wait Until Page Contains Element" library="SeleniumLibrary">
<arg>xpath://div[contains(@role,'menu')]//button[5]</arg>
<doc>Waits until the element ``locator`` appears on the current page.</doc>
<status status="PASS" starttime="20230508 20:00:55.116" endtime="20230508 20:00:55.140"/>
</kw>
<kw name="Click Element" library="SeleniumLibrary">
<arg>xpath://div[contains(@role,'menu')]//button[5]</arg>
<doc>Click the element identified by ``locator``.</doc>
<msg timestamp="20230508 20:00:55.141" level="INFO">Clicking element 'xpath://div[contains(@role,'menu')]//button[5]'.</msg>
<status status="PASS" starttime="20230508 20:00:55.141" endtime="20230508 20:00:55.192"/>
</kw>
<kw name="Wait Until Page Contains Element" library="SeleniumLibrary">
<arg>xpath://a[contains(@href,'/t/the_bachelor/')]</arg>
<doc>Waits until the element ``locator`` appears on the current page.</doc>
<status status="PASS" starttime="20230508 20:00:55.194" endtime="20230508 20:00:55.207"/>
</kw>
<kw name="Click Element" library="SeleniumLibrary">
<arg>xpath://a[contains(@href,'/t/the_bachelor/')]</arg>
<doc>Click the element identified by ``locator``.</doc>
<msg timestamp="20230508 20:00:55.207" level="INFO">Clicking element 'xpath://a[contains(@href,'/t/the_bachelor/')]'.</msg>
<status status="PASS" starttime="20230508 20:00:55.207" endtime="20230508 20:00:55.269"/>
</kw>
<kw name="Location Should Be" library="SeleniumLibrary">
<arg>https://www.reddit.com/t/the_bachelor/</arg>
<doc>Verifies that the current URL is exactly ``url``.</doc>
<msg timestamp="20230508 20:00:55.275" level="INFO">Current location is 'https://www.reddit.com/t/the_bachelor/'.</msg>
<status status="PASS" starttime="20230508 20:00:55.269" endtime="20230508 20:00:55.275"/>
</kw>
<kw name="Wait Until Page Contains Element" library="SeleniumLibrary">
<arg>xpath://div[contains(@class,'_3xUDHcNgeNVz7fD8H1kUy7')]</arg>
<doc>Waits until the element ``locator`` appears on the current page.</doc>
<status status="PASS" starttime="20230508 20:00:55.275" endtime="20230508 20:00:56.028"/>
</kw>
<kw name="Wait Until Page Contains Element" library="SeleniumLibrary">
<arg>xpath://div[normalize-space()='Communities']</arg>
<doc>Waits until the element ``locator`` appears on the current page.</doc>
<status status="PASS" starttime="20230508 20:00:56.028" endtime="20230508 20:00:56.042"/>
</kw>
<kw name="Click Element" library="SeleniumLibrary">
<arg>xpath://div[normalize-space()='Communities']</arg>
<doc>Click the element identified by ``locator``.</doc>
<msg timestamp="20230508 20:00:56.043" level="INFO">Clicking element 'xpath://div[normalize-space()='Communities']'.</msg>
<status status="PASS" starttime="20230508 20:00:56.042" endtime="20230508 20:00:56.102"/>
</kw>
<kw name="Wait Until Page Contains Element" library="SeleniumLibrary">
<arg>xpath://a[contains(@href,'/r/thebachelor/')][normalize-space()='Visit']</arg>
<doc>Waits until the element ``locator`` appears on the current page.</doc>
<status status="PASS" starttime="20230508 20:00:56.102" endtime="20230508 20:00:56.112"/>
</kw>
<kw name="Click Element" library="SeleniumLibrary">
<arg>xpath://a[contains(@href,'/r/thebachelor/')][normalize-space()='Visit']</arg>
<doc>Click the element identified by ``locator``.</doc>
<msg timestamp="20230508 20:00:56.112" level="INFO">Clicking element 'xpath://a[contains(@href,'/r/thebachelor/')][normalize-space()='Visit']'.</msg>
<status status="PASS" starttime="20230508 20:00:56.112" endtime="20230508 20:00:56.181"/>
</kw>
<kw name="Location Should Be" library="SeleniumLibrary">
<arg>https://www.reddit.com/r/thebachelor/</arg>
<doc>Verifies that the current URL is exactly ``url``.</doc>
<msg timestamp="20230508 20:00:56.184" level="INFO">Current location is 'https://www.reddit.com/r/thebachelor/'.</msg>
<status status="PASS" starttime="20230508 20:00:56.181" endtime="20230508 20:00:56.184"/>
</kw>
<kw name="Wait Until Page Contains Element" library="SeleniumLibrary">
<arg>xpath://h1[normalize-space()='The Bachelor']</arg>
<doc>Waits until the element ``locator`` appears on the current page.</doc>
<status status="PASS" starttime="20230508 20:00:56.185" endtime="20230508 20:00:56.412"/>
</kw>
<kw name="Capture Page Screenshot" library="SeleniumLibrary">
<doc>Takes a screenshot of the current page and embeds it into a log file.</doc>
<msg timestamp="20230508 20:00:56.596" level="INFO" html="true">&lt;/td&gt;&lt;/tr&gt;&lt;tr&gt;&lt;td colspan="3"&gt;&lt;a href="selenium-screenshot-6.png"&gt;&lt;img src="selenium-screenshot-6.png" width="800px"&gt;&lt;/a&gt;</msg>
<status status="PASS" starttime="20230508 20:00:56.413" endtime="20230508 20:00:56.596"/>
</kw>
<kw name="Close Browser" library="SeleniumLibrary">
<doc>Closes the current browser.</doc>
<status status="PASS" starttime="20230508 20:00:56.597" endtime="20230508 20:00:58.763"/>
</kw>
<doc>Tests clicking on the Dropdown menu and functionality -The Bachelor</doc>
<status status="PASS" starttime="20230508 20:00:49.412" endtime="20230508 20:00:58.763"/>
</test>
<test id="s1-t6" name="TC_005-006: Topics_Test - Celebrity - Henry Cavill" line="107">
<kw name="Open Browser" library="SeleniumLibrary">
<arg>${URL}</arg>
<arg>${BROWSER}</arg>
<doc>Opens a new browser instance to the optional ``url``.</doc>
<msg timestamp="20230508 20:00:58.765" level="INFO">Opening browser 'chrome' to base url 'https://www.reddit.com/'.</msg>
<status status="PASS" starttime="20230508 20:00:58.764" endtime="20230508 20:01:04.178"/>
</kw>
<kw name="Maximize Browser Window" library="SeleniumLibrary">
<doc>Maximizes current browser window.</doc>
<status status="PASS" starttime="20230508 20:01:04.178" endtime="20230508 20:01:04.328"/>
</kw>
<kw name="Wait Until Page Contains Element" library="SeleniumLibrary">
<arg>xpath://button[normalize-space()='Accept all']</arg>
<doc>Waits until the element ``locator`` appears on the current page.</doc>
<status status="PASS" starttime="20230508 20:01:04.328" endtime="20230508 20:01:04.340"/>
</kw>
<kw name="Click Element" library="SeleniumLibrary">
<arg>xpath://button[normalize-space()='Accept all']</arg>
<doc>Click the element identified by ``locator``.</doc>
<msg timestamp="20230508 20:01:04.340" level="INFO">Clicking element 'xpath://button[normalize-space()='Accept all']'.</msg>
<status status="PASS" starttime="20230508 20:01:04.340" endtime="20230508 20:01:04.407"/>
</kw>
<kw name="Wait Until Element Is Not Visible" library="SeleniumLibrary">
<arg>xpath://div[@class='_1DK52RbaamLOWw5UPaht_S _3Ig_EsWWVLquWs2yBBQjec _1acwN_tUhJ8w-n7oCp-Aw3']</arg>
<doc>Waits until the element ``locator`` is not visible.</doc>
<status status="PASS" starttime="20230508 20:01:04.407" endtime="20230508 20:01:04.418"/>
</kw>
<kw name="Wait Until Page Contains Element" library="SeleniumLibrary">
<arg>xpath://div[contains(@role,'menu')]//button[6]</arg>
<doc>Waits until the element ``locator`` appears on the current page.</doc>
<status status="PASS" starttime="20230508 20:01:04.419" endtime="20230508 20:01:04.429"/>
</kw>
<kw name="Click Element" library="SeleniumLibrary">
<arg>xpath://div[contains(@role,'menu')]//button[6]</arg>
<doc>Click the element identified by ``locator``.</doc>
<msg timestamp="20230508 20:01:04.429" level="INFO">Clicking element 'xpath://div[contains(@role,'menu')]//button[6]'.</msg>
<status status="PASS" starttime="20230508 20:01:04.429" endtime="20230508 20:01:04.476"/>
</kw>
<kw name="Wait Until Page Contains Element" library="SeleniumLibrary">
<arg>xpath://span[normalize-space()='Henry Cavill']</arg>
<doc>Waits until the element ``locator`` appears on the current page.</doc>
<status status="PASS" starttime="20230508 20:01:04.477" endtime="20230508 20:01:04.540"/>
</kw>
<kw name="Click Element" library="SeleniumLibrary">
<arg>xpath://span[normalize-space()='Henry Cavill']</arg>
<doc>Click the element identified by ``locator``.</doc>
<msg timestamp="20230508 20:01:04.540" level="INFO">Clicking element 'xpath://span[normalize-space()='Henry Cavill']'.</msg>
<status status="PASS" starttime="20230508 20:01:04.540" endtime="20230508 20:01:04.600"/>
</kw>
<kw name="Location Should Be" library="SeleniumLibrary">
<arg>https://www.reddit.com/t/henry_cavill/</arg>
<doc>Verifies that the current URL is exactly ``url``.</doc>
<msg timestamp="20230508 20:01:04.604" level="INFO">Current location is 'https://www.reddit.com/t/henry_cavill/'.</msg>
<status status="PASS" starttime="20230508 20:01:04.601" endtime="20230508 20:01:04.604"/>
</kw>
<kw name="Wait Until Page Contains Element" library="SeleniumLibrary">
<arg>xpath://div[contains(@class,'_3xUDHcNgeNVz7fD8H1kUy7')]</arg>
<doc>Waits until the element ``locator`` appears on the current page.</doc>
<status status="PASS" starttime="20230508 20:01:04.604" endtime="20230508 20:01:05.923"/>
</kw>
<kw name="Wait Until Page Contains Element" library="SeleniumLibrary">
<arg>xpath://div[normalize-space()='Communities']</arg>
<doc>Waits until the element ``locator`` appears on the current page.</doc>
<status status="PASS" starttime="20230508 20:01:05.923" endtime="20230508 20:01:05.937"/>
</kw>
<kw name="Click Element" library="SeleniumLibrary">
<arg>xpath://div[normalize-space()='Communities']</arg>
<doc>Click the element identified by ``locator``.</doc>
<msg timestamp="20230508 20:01:05.938" level="INFO">Clicking element 'xpath://div[normalize-space()='Communities']'.</msg>
<status status="PASS" starttime="20230508 20:01:05.937" endtime="20230508 20:01:05.991"/>
</kw>
<kw name="Wait Until Page Contains Element" library="SeleniumLibrary">
<arg>xpath://a[contains(@href,'/r/gayforcavill/')][normalize-space()='Visit']</arg>
<doc>Waits until the element ``locator`` appears on the current page.</doc>
<status status="PASS" starttime="20230508 20:01:05.991" endtime="20230508 20:01:06.003"/>
</kw>
<kw name="Click Element" library="SeleniumLibrary">
<arg>xpath://a[contains(@href,'/r/gayforcavill/')][normalize-space()='Visit']</arg>
<doc>Click the element identified by ``locator``.</doc>
<msg timestamp="20230508 20:01:06.003" level="INFO">Clicking element 'xpath://a[contains(@href,'/r/gayforcavill/')][normalize-space()='Visit']'.</msg>
<status status="PASS" starttime="20230508 20:01:06.003" endtime="20230508 20:01:06.068"/>
</kw>
<kw name="Location Should Be" library="SeleniumLibrary">
<arg>https://www.reddit.com/r/gayforcavill/</arg>
<doc>Verifies that the current URL is exactly ``url``.</doc>
<msg timestamp="20230508 20:01:06.071" level="INFO">Current location is 'https://www.reddit.com/r/gayforcavill/'.</msg>
<status status="PASS" starttime="20230508 20:01:06.068" endtime="20230508 20:01:06.071"/>
</kw>
<kw name="Wait Until Page Contains Element" library="SeleniumLibrary">
<arg>xpath://h2[@class='_33aRtz9JtW0dIrBNKFAl0y']</arg>
<doc>Waits until the element ``locator`` appears on the current page.</doc>
<status status="PASS" starttime="20230508 20:01:06.072" endtime="20230508 20:01:06.296"/>
</kw>
<kw name="Capture Page Screenshot" library="SeleniumLibrary">
<doc>Takes a screenshot of the current page and embeds it into a log file.</doc>
<msg timestamp="20230508 20:01:06.464" level="INFO" html="true">&lt;/td&gt;&lt;/tr&gt;&lt;tr&gt;&lt;td colspan="3"&gt;&lt;a href="selenium-screenshot-7.png"&gt;&lt;img src="selenium-screenshot-7.png" width="800px"&gt;&lt;/a&gt;</msg>
<status status="PASS" starttime="20230508 20:01:06.296" endtime="20230508 20:01:06.464"/>
</kw>
<kw name="Close Browser" library="SeleniumLibrary">
<doc>Closes the current browser.</doc>
<status status="PASS" starttime="20230508 20:01:06.464" endtime="20230508 20:01:08.625"/>
</kw>
<doc>Tests clicking on the Dropdown menu and functionality -Henry Cavill</doc>
<status status="PASS" starttime="20230508 20:00:58.764" endtime="20230508 20:01:08.625"/>
</test>
<test id="s1-t7" name="TC_005-008: Topics_Test - More Topics - Animals and Pets" line="129">
<kw name="Open Browser" library="SeleniumLibrary">
<arg>${URL}</arg>
<arg>${BROWSER}</arg>
<doc>Opens a new browser instance to the optional ``url``.</doc>
<msg timestamp="20230508 20:01:08.627" level="INFO">Opening browser 'chrome' to base url 'https://www.reddit.com/'.</msg>
<status status="PASS" starttime="20230508 20:01:08.627" endtime="20230508 20:01:14.716"/>
</kw>
<kw name="Maximize Browser Window" library="SeleniumLibrary">
<doc>Maximizes current browser window.</doc>
<status status="PASS" starttime="20230508 20:01:14.716" endtime="20230508 20:01:14.842"/>
</kw>
<kw name="Wait Until Page Contains Element" library="SeleniumLibrary">
<arg>xpath://button[normalize-space()='Accept all']</arg>
<doc>Waits until the element ``locator`` appears on the current page.</doc>
<status status="PASS" starttime="20230508 20:01:14.842" endtime="20230508 20:01:14.868"/>
</kw>
<kw name="Click Element" library="SeleniumLibrary">
<arg>xpath://button[normalize-space()='Accept all']</arg>
<doc>Click the element identified by ``locator``.</doc>
<msg timestamp="20230508 20:01:14.869" level="INFO">Clicking element 'xpath://button[normalize-space()='Accept all']'.</msg>
<status status="PASS" starttime="20230508 20:01:14.868" endtime="20230508 20:01:14.955"/>
</kw>
<kw name="Wait Until Element Is Not Visible" library="SeleniumLibrary">
<arg>xpath://div[@class='_1DK52RbaamLOWw5UPaht_S _3Ig_EsWWVLquWs2yBBQjec _1acwN_tUhJ8w-n7oCp-Aw3']</arg>
<doc>Waits until the element ``locator`` is not visible.</doc>
<status status="PASS" starttime="20230508 20:01:14.956" endtime="20230508 20:01:14.965"/>
</kw>
<kw name="Wait Until Page Contains Element" library="SeleniumLibrary">
<arg>xpath://div[contains(@role,'menu')]//button[7]</arg>
<doc>Waits until the element ``locator`` appears on the current page.</doc>
<status status="PASS" starttime="20230508 20:01:14.966" endtime="20230508 20:01:14.976"/>
</kw>
<kw name="Click Element" library="SeleniumLibrary">
<arg>xpath://div[contains(@role,'menu')]//button[7]</arg>
<doc>Click the element identified by ``locator``.</doc>
<msg timestamp="20230508 20:01:14.976" level="INFO">Clicking element 'xpath://div[contains(@role,'menu')]//button[7]'.</msg>
<status status="PASS" starttime="20230508 20:01:14.976" endtime="20230508 20:01:15.072"/>
</kw>
<kw name="Wait Until Page Contains Element" library="SeleniumLibrary">
<arg>xpath://span[normalize-space()='Animals and Pets']</arg>
<doc>Waits until the element ``locator`` appears on the current page.</doc>
<status status="PASS" starttime="20230508 20:01:15.072" endtime="20230508 20:01:15.083"/>
</kw>
<kw name="Click Element" library="SeleniumLibrary">
<arg>xpath://span[normalize-space()='Animals and Pets']</arg>
<doc>Click the element identified by ``locator``.</doc>
<msg timestamp="20230508 20:01:15.083" level="INFO">Clicking element 'xpath://span[normalize-space()='Animals and Pets']'.</msg>
<status status="PASS" starttime="20230508 20:01:15.083" endtime="20230508 20:01:15.144"/>
</kw>
<kw name="Location Should Be" library="SeleniumLibrary">
<arg>https://www.reddit.com/t/animals_and_pets/</arg>
<doc>Verifies that the current URL is exactly ``url``.</doc>
<msg timestamp="20230508 20:01:15.148" level="INFO">Current location is 'https://www.reddit.com/t/animals_and_pets/'.</msg>
<status status="PASS" starttime="20230508 20:01:15.144" endtime="20230508 20:01:15.148"/>
</kw>
<kw name="Wait Until Page Contains Element" library="SeleniumLibrary">
<arg>xpath://div[@class='_3xUDHcNgeNVz7fD8H1kUy7']</arg>
<doc>Waits until the element ``locator`` appears on the current page.</doc>
<status status="PASS" starttime="20230508 20:01:15.149" endtime="20230508 20:01:16.038"/>
</kw>
<kw name="Wait Until Page Contains Element" library="SeleniumLibrary">
<arg>xpath://div[normalize-space()='Communities']</arg>
<doc>Waits until the element ``locator`` appears on the current page.</doc>
<status status="PASS" starttime="20230508 20:01:16.039" endtime="20230508 20:01:16.083"/>
</kw>
<kw name="Click Element" library="SeleniumLibrary">
<arg>xpath://div[normalize-space()='Communities']</arg>
<doc>Click the element identified by ``locator``.</doc>
<msg timestamp="20230508 20:01:16.083" level="INFO">Clicking element 'xpath://div[normalize-space()='Communities']'.</msg>
<status status="PASS" starttime="20230508 20:01:16.083" endtime="20230508 20:01:16.175"/>
</kw>
<kw name="Wait Until Page Contains Element" library="SeleniumLibrary">
<arg>xpath://a[contains(@href,'/r/Pets/')][normalize-space()='Visit']</arg>
<doc>Waits until the element ``locator`` appears on the current page.</doc>
<status status="PASS" starttime="20230508 20:01:16.175" endtime="20230508 20:01:16.190"/>
</kw>
<kw name="Click Element" library="SeleniumLibrary">
<arg>xpath://a[contains(@href,'/r/Pets/')][normalize-space()='Visit']</arg>
<doc>Click the element identified by ``locator``.</doc>
<msg timestamp="20230508 20:01:16.190" level="INFO">Clicking element 'xpath://a[contains(@href,'/r/Pets/')][normalize-space()='Visit']'.</msg>
<status status="PASS" starttime="20230508 20:01:16.190" endtime="20230508 20:01:16.258"/>
</kw>
<kw name="Location Should Be" library="SeleniumLibrary">
<arg>https://www.reddit.com/r/Pets/</arg>
<doc>Verifies that the current URL is exactly ``url``.</doc>
<msg timestamp="20230508 20:01:16.262" level="INFO">Current location is 'https://www.reddit.com/r/Pets/'.</msg>
<status status="PASS" starttime="20230508 20:01:16.259" endtime="20230508 20:01:16.262"/>
</kw>
<kw name="Wait Until Page Contains Element" library="SeleniumLibrary">
<arg>xpath://h2[@class='_33aRtz9JtW0dIrBNKFAl0y']</arg>
<doc>Waits until the element ``locator`` appears on the current page.</doc>
<status status="PASS" starttime="20230508 20:01:16.262" endtime="20230508 20:01:16.484"/>
</kw>
<kw name="Capture Page Screenshot" library="SeleniumLibrary">
<doc>Takes a screenshot of the current page and embeds it into a log file.</doc>
<msg timestamp="20230508 20:01:16.666" level="INFO" html="true">&lt;/td&gt;&lt;/tr&gt;&lt;tr&gt;&lt;td colspan="3"&gt;&lt;a href="selenium-screenshot-8.png"&gt;&lt;img src="selenium-screenshot-8.png" width="800px"&gt;&lt;/a&gt;</msg>
<status status="PASS" starttime="20230508 20:01:16.484" endtime="20230508 20:01:16.667"/>
</kw>
<kw name="Close Browser" library="SeleniumLibrary">
<doc>Closes the current browser.</doc>
<status status="PASS" starttime="20230508 20:01:16.667" endtime="20230508 20:01:18.831"/>
</kw>
<doc>Tests clicking on the Dropdown menu and functionality -Animals and Pets</doc>
<status status="PASS" starttime="20230508 20:01:08.626" endtime="20230508 20:01:18.831"/>
</test>
<test id="s1-t8" name="TC_005-008: Topics_Test - Popular button" line="151">
<kw name="Open Browser" library="SeleniumLibrary">
<arg>${URL}</arg>
<arg>${BROWSER}</arg>
<doc>Opens a new browser instance to the optional ``url``.</doc>
<msg timestamp="20230508 20:01:18.833" level="INFO">Opening browser 'chrome' to base url 'https://www.reddit.com/'.</msg>
<status status="PASS" starttime="20230508 20:01:18.833" endtime="20230508 20:01:24.896"/>
</kw>
<kw name="Maximize Browser Window" library="SeleniumLibrary">
<doc>Maximizes current browser window.</doc>
<status status="PASS" starttime="20230508 20:01:24.896" endtime="20230508 20:01:25.055"/>
</kw>
<kw name="Wait Until Page Contains Element" library="SeleniumLibrary">
<arg>xpath://button[normalize-space()='Accept all']</arg>
<doc>Waits until the element ``locator`` appears on the current page.</doc>
<status status="PASS" starttime="20230508 20:01:25.055" endtime="20230508 20:01:25.096"/>
</kw>
<kw name="Click Element" library="SeleniumLibrary">
<arg>xpath://button[normalize-space()='Accept all']</arg>
<doc>Click the element identified by ``locator``.</doc>
<msg timestamp="20230508 20:01:25.097" level="INFO">Clicking element 'xpath://button[normalize-space()='Accept all']'.</msg>
<status status="PASS" starttime="20230508 20:01:25.097" endtime="20230508 20:01:25.267"/>
</kw>
<kw name="Wait Until Element Is Not Visible" library="SeleniumLibrary">
<arg>xpath://div[@class='_1DK52RbaamLOWw5UPaht_S _3Ig_EsWWVLquWs2yBBQjec _1acwN_tUhJ8w-n7oCp-Aw3']</arg>
<doc>Waits until the element ``locator`` is not visible.</doc>
<status status="PASS" starttime="20230508 20:01:25.267" endtime="20230508 20:01:25.286"/>
</kw>
<kw name="Wait Until Page Contains Element" library="SeleniumLibrary">
<arg>xpath://div[contains(@role,'menu')]//button[7]</arg>
<doc>Waits until the element ``locator`` appears on the current page.</doc>
<status status="PASS" starttime="20230508 20:01:25.287" endtime="20230508 20:01:25.298"/>
</kw>
<kw name="Click Element" library="SeleniumLibrary">
<arg>xpath://div[contains(@role,'menu')]//button[7]</arg>
<doc>Click the element identified by ``locator``.</doc>
<msg timestamp="20230508 20:01:25.299" level="INFO">Clicking element 'xpath://div[contains(@role,'menu')]//button[7]'.</msg>
<status status="PASS" starttime="20230508 20:01:25.299" endtime="20230508 20:01:25.339"/>
</kw>
<kw name="Wait Until Page Contains Element" library="SeleniumLibrary">
<arg>xpath://span[normalize-space()='Animals and Pets']</arg>
<doc>Waits until the element ``locator`` appears on the current page.</doc>
<status status="PASS" starttime="20230508 20:01:25.339" endtime="20230508 20:01:25.351"/>
</kw>
<kw name="Click Element" library="SeleniumLibrary">
<arg>xpath://span[normalize-space()='Animals and Pets']</arg>
<doc>Click the element identified by ``locator``.</doc>
<msg timestamp="20230508 20:01:25.351" level="INFO">Clicking element 'xpath://span[normalize-space()='Animals and Pets']'.</msg>
<status status="PASS" starttime="20230508 20:01:25.351" endtime="20230508 20:01:25.473"/>
</kw>
<kw name="Location Should Be" library="SeleniumLibrary">
<arg>https://www.reddit.com/t/animals_and_pets/</arg>
<doc>Verifies that the current URL is exactly ``url``.</doc>
<msg timestamp="20230508 20:01:25.478" level="INFO">Current location is 'https://www.reddit.com/t/animals_and_pets/'.</msg>
<status status="PASS" starttime="20230508 20:01:25.474" endtime="20230508 20:01:25.479"/>
</kw>
<kw name="Wait Until Page Contains Element" library="SeleniumLibrary">
<arg>xpath://div[@class='_3xUDHcNgeNVz7fD8H1kUy7']</arg>
<doc>Waits until the element ``locator`` appears on the current page.</doc>
<status status="PASS" starttime="20230508 20:01:25.479" endtime="20230508 20:01:26.192"/>
</kw>
<kw name="Wait Until Page Contains Element" library="SeleniumLibrary">
<arg>xpath://div[normalize-space()='Communities']</arg>
<doc>Waits until the element ``locator`` appears on the current page.</doc>
<status status="PASS" starttime="20230508 20:01:26.192" endtime="20230508 20:01:26.240"/>
</kw>
<kw name="Click Element" library="SeleniumLibrary">
<arg>xpath://div[normalize-space()='Communities']</arg>
<doc>Click the element identified by ``locator``.</doc>
<msg timestamp="20230508 20:01:26.241" level="INFO">Clicking element 'xpath://div[normalize-space()='Communities']'.</msg>
<status status="PASS" starttime="20230508 20:01:26.241" endtime="20230508 20:01:26.389"/>
</kw>
<kw name="Wait Until Page Contains Element" library="SeleniumLibrary">
<arg>xpath://a[contains(@href,'/r/Pets/')][normalize-space()='Visit']</arg>
<doc>Waits until the element ``locator`` appears on the current page.</doc>
<status status="PASS" starttime="20230508 20:01:26.389" endtime="20230508 20:01:26.400"/>
</kw>
<kw name="Click Element" library="SeleniumLibrary">
<arg>xpath://a[contains(@href,'/r/Pets/')][normalize-space()='Visit']</arg>
<doc>Click the element identified by ``locator``.</doc>
<msg timestamp="20230508 20:01:26.401" level="INFO">Clicking element 'xpath://a[contains(@href,'/r/Pets/')][normalize-space()='Visit']'.</msg>
<status status="PASS" starttime="20230508 20:01:26.401" endtime="20230508 20:01:26.602"/>
</kw>
<kw name="Location Should Be" library="SeleniumLibrary">
<arg>https://www.reddit.com/r/Pets/</arg>
<doc>Verifies that the current URL is exactly ``url``.</doc>
<msg timestamp="20230508 20:01:26.612" level="INFO">Current location is 'https://www.reddit.com/r/Pets/'.</msg>
<status status="PASS" starttime="20230508 20:01:26.602" endtime="20230508 20:01:26.612"/>
</kw>
<kw name="Wait Until Page Contains Element" library="SeleniumLibrary">
<arg>xpath://h2[@class='_33aRtz9JtW0dIrBNKFAl0y']</arg>
<doc>Waits until the element ``locator`` appears on the current page.</doc>
<status status="PASS" starttime="20230508 20:01:26.614" endtime="20230508 20:01:26.915"/>
</kw>
<kw name="Wait Until Page Contains Element" library="SeleniumLibrary">
<arg>xpath://a[@id='focus-Popular']</arg>
<doc>Waits until the element ``locator`` appears on the current page.</doc>
<status status="PASS" starttime="20230508 20:01:26.915" endtime="20230508 20:01:26.924"/>
</kw>
<kw name="Click Element" library="SeleniumLibrary">
<arg>xpath://a[@id='focus-Popular']</arg>
<doc>Click the element identified by ``locator``.</doc>
<msg timestamp="20230508 20:01:26.925" level="INFO">Clicking element 'xpath://a[@id='focus-Popular']'.</msg>
<status status="PASS" starttime="20230508 20:01:26.924" endtime="20230508 20:01:27.175"/>
</kw>
<kw name="Location Should Be" library="SeleniumLibrary">
<arg>https://www.reddit.com/r/popular/</arg>
<doc>Verifies that the current URL is exactly ``url``.</doc>
<msg timestamp="20230508 20:01:27.193" level="INFO">Current location is 'https://www.reddit.com/r/popular/'.</msg>
<status status="PASS" starttime="20230508 20:01:27.175" endtime="20230508 20:01:27.193"/>
</kw>
<kw name="Wait Until Page Contains Element" library="SeleniumLibrary">
<arg>xpath://div[@class='_3ioMyxiI-wWgZFqBDVBh6r otZ2uDhYTr1YmgF32ArRm']</arg>
<doc>Waits until the element ``locator`` appears on the current page.</doc>
<status status="PASS" starttime="20230508 20:01:27.193" endtime="20230508 20:01:27.202"/>
</kw>
<kw name="Capture Page Screenshot" library="SeleniumLibrary">
<doc>Takes a screenshot of the current page and embeds it into a log file.</doc>
<msg timestamp="20230508 20:01:27.477" level="INFO" html="true">&lt;/td&gt;&lt;/tr&gt;&lt;tr&gt;&lt;td colspan="3"&gt;&lt;a href="selenium-screenshot-9.png"&gt;&lt;img src="selenium-screenshot-9.png" width="800px"&gt;&lt;/a&gt;</msg>
<status status="PASS" starttime="20230508 20:01:27.202" endtime="20230508 20:01:27.477"/>
</kw>
<kw name="Close Browser" library="SeleniumLibrary">
<doc>Closes the current browser.</doc>
<status status="PASS" starttime="20230508 20:01:27.478" endtime="20230508 20:01:29.636"/>
</kw>
<doc>Tests clicking on the Dropdown menu and functionality - Popular button</doc>
<status status="PASS" starttime="20230508 20:01:18.832" endtime="20230508 20:01:29.637"/>
</test>
<status status="PASS" starttime="20230508 20:00:09.341" endtime="20230508 20:01:29.638"/>
</suite>
<statistics>
<total>
<stat pass="8" fail="0" skip="0">All Tests</stat>
</total>
<tag>
</tag>
<suite>
<stat pass="8" fail="0" skip="0" id="s1" name="Topics Test">Topics Test</stat>
</suite>
</statistics>
<errors>
</errors>
</robot>
