<?xml version="1.0" encoding="UTF-8"?>
<robot generator="Robot 6.0.2 (Python 3.8.10 on win32)" generated="20230508 20:22:46.239" rpa="false" schemaversion="3">
<suite id="s1" name="Trending Today Test" source="D:\Downloads\AP4TS - !!!!!NEMAZ!!!!!!\test-done\My_tests\New folder\Trending_Today_Test.robot">
<test id="s1-t1" name="TC_005-008: Trending_Today_Test - Popular button" line="9">
<kw name="Open Browser" library="SeleniumLibrary">
<arg>${URL}</arg>
<arg>${BROWSER}</arg>
<doc>Opens a new browser instance to the optional ``url``.</doc>
<msg timestamp="20230508 20:22:46.389" level="INFO">Opening browser 'chrome' to base url 'https://www.reddit.com/'.</msg>
<status status="PASS" starttime="20230508 20:22:46.388" endtime="20230508 20:22:51.744"/>
</kw>
<kw name="Maximize Browser Window" library="SeleniumLibrary">
<doc>Maximizes current browser window.</doc>
<status status="PASS" starttime="20230508 20:22:51.744" endtime="20230508 20:22:51.887"/>
</kw>
<kw name="Wait Until Page Contains Element" library="SeleniumLibrary">
<arg>xpath://button[normalize-space()='Accept all']</arg>
<doc>Waits until the element ``locator`` appears on the current page.</doc>
<status status="PASS" starttime="20230508 20:22:51.888" endtime="20230508 20:22:51.929"/>
</kw>
<kw name="Click Element" library="SeleniumLibrary">
<arg>xpath://button[normalize-space()='Accept all']</arg>
<doc>Click the element identified by ``locator``.</doc>
<msg timestamp="20230508 20:22:51.930" level="INFO">Clicking element 'xpath://button[normalize-space()='Accept all']'.</msg>
<status status="PASS" starttime="20230508 20:22:51.930" endtime="20230508 20:22:51.995"/>
</kw>
<kw name="Wait Until Element Is Not Visible" library="SeleniumLibrary">
<arg>xpath://div[@class='_1DK52RbaamLOWw5UPaht_S _3Ig_EsWWVLquWs2yBBQjec _1acwN_tUhJ8w-n7oCp-Aw3']</arg>
<doc>Waits until the element ``locator`` is not visible.</doc>
<status status="PASS" starttime="20230508 20:22:51.996" endtime="20230508 20:22:52.006"/>
</kw>
<kw name="Wait Until Page Contains Element" library="SeleniumLibrary">
<arg>xpath://h2[normalize-space()='Taylor Swift']</arg>
<doc>Waits until the element ``locator`` appears on the current page.</doc>
<status status="PASS" starttime="20230508 20:22:52.006" endtime="20230508 20:22:52.455"/>
</kw>
<kw name="Click Element" library="SeleniumLibrary">
<arg>xpath://h2[normalize-space()='Taylor Swift']</arg>
<doc>Click the element identified by ``locator``.</doc>
<msg timestamp="20230508 20:22:52.455" level="INFO">Clicking element 'xpath://h2[normalize-space()='Taylor Swift']'.</msg>
<status status="PASS" starttime="20230508 20:22:52.455" endtime="20230508 20:22:52.516"/>
</kw>
<kw name="Location Should Be" library="SeleniumLibrary">
<arg>https://www.reddit.com/search?q=Taylor%20Swift&amp;source=trending</arg>
<doc>Verifies that the current URL is exactly ``url``.</doc>
<msg timestamp="20230508 20:22:52.521" level="INFO">Current location is 'https://www.reddit.com/search?q=Taylor%20Swift&amp;source=trending'.</msg>
<status status="PASS" starttime="20230508 20:22:52.516" endtime="20230508 20:22:52.521"/>
</kw>
<kw name="Wait Until Page Contains" library="SeleniumLibrary">
<arg>Taylor Swift</arg>
<doc>Waits until ``text`` appears on the current page.</doc>
<status status="PASS" starttime="20230508 20:22:52.521" endtime="20230508 20:22:53.105"/>
</kw>
<kw name="Wait Until Page Contains Element" library="SeleniumLibrary">
<arg>xpath://button[normalize-space()='Communities']</arg>
<doc>Waits until the element ``locator`` appears on the current page.</doc>
<status status="PASS" starttime="20230508 20:22:53.106" endtime="20230508 20:22:53.114"/>
</kw>
<kw name="Click Element" library="SeleniumLibrary">
<arg>xpath://button[normalize-space()='Communities']</arg>
<doc>Click the element identified by ``locator``.</doc>
<msg timestamp="20230508 20:22:53.114" level="INFO">Clicking element 'xpath://button[normalize-space()='Communities']'.</msg>
<status status="PASS" starttime="20230508 20:22:53.114" endtime="20230508 20:22:53.180"/>
</kw>
<kw name="Location Should Be" library="SeleniumLibrary">
<arg>https://www.reddit.com/search?q=Taylor%20Swift&amp;source=trending&amp;type=sr</arg>
<doc>Verifies that the current URL is exactly ``url``.</doc>
<msg timestamp="20230508 20:22:53.185" level="INFO">Current location is 'https://www.reddit.com/search?q=Taylor%20Swift&amp;source=trending&amp;type=sr'.</msg>
<status status="PASS" starttime="20230508 20:22:53.180" endtime="20230508 20:22:53.185"/>
</kw>
<kw name="Wait Until Page Contains Element" library="SeleniumLibrary">
<arg>xpath://a[contains(@class,'_3BWq3z8_9gA3oThgYXnngR YLZe4_XS9hOtObp1VjEF- _2kqt-kRLvKQ1Kqi8OjMEa7')]//h6[1]</arg>
<doc>Waits until the element ``locator`` appears on the current page.</doc>
<status status="PASS" starttime="20230508 20:22:53.185" endtime="20230508 20:22:53.848"/>
</kw>
<kw name="Sleep" library="BuiltIn">
<arg>5s</arg>
<doc>Pauses the test executed for the given time.</doc>
<msg timestamp="20230508 20:22:58.850" level="INFO">Slept 5 seconds</msg>
<status status="PASS" starttime="20230508 20:22:53.848" endtime="20230508 20:22:58.850"/>
</kw>
<kw name="Click Element" library="SeleniumLibrary">
<arg>xpath://a[contains(@class,'_3BWq3z8_9gA3oThgYXnngR YLZe4_XS9hOtObp1VjEF- _2kqt-kRLvKQ1Kqi8OjMEa7')]//h6[1]</arg>
<doc>Click the element identified by ``locator``.</doc>
<msg timestamp="20230508 20:22:58.850" level="INFO">Clicking element 'xpath://a[contains(@class,'_3BWq3z8_9gA3oThgYXnngR YLZe4_XS9hOtObp1VjEF- _2kqt-kRLvKQ1Kqi8OjMEa7')]//h6[1]'.</msg>
<status status="PASS" starttime="20230508 20:22:58.850" endtime="20230508 20:22:58.927"/>
</kw>
<kw name="Location Should Be" library="SeleniumLibrary">
<arg>https://www.reddit.com/r/TaylorSwift/</arg>
<doc>Verifies that the current URL is exactly ``url``.</doc>
<msg timestamp="20230508 20:22:58.930" level="INFO">Current location is 'https://www.reddit.com/r/TaylorSwift/'.</msg>
<status status="PASS" starttime="20230508 20:22:58.927" endtime="20230508 20:22:58.930"/>
</kw>
<kw name="Capture Page Screenshot" library="SeleniumLibrary">
<doc>Takes a screenshot of the current page and embeds it into a log file.</doc>
<msg timestamp="20230508 20:22:59.051" level="INFO" html="true">&lt;/td&gt;&lt;/tr&gt;&lt;tr&gt;&lt;td colspan="3"&gt;&lt;a href="selenium-screenshot-1.png"&gt;&lt;img src="selenium-screenshot-1.png" width="800px"&gt;&lt;/a&gt;</msg>
<status status="PASS" starttime="20230508 20:22:58.930" endtime="20230508 20:22:59.051"/>
</kw>
<kw name="Close Browser" library="SeleniumLibrary">
<doc>Closes the current browser.</doc>
<status status="PASS" starttime="20230508 20:22:59.052" endtime="20230508 20:23:01.230"/>
</kw>
<doc>Tests clicking on Trending_Today_Test functionality</doc>
<status status="PASS" starttime="20230508 20:22:46.388" endtime="20230508 20:23:01.230"/>
</test>
<test id="s1-t2" name="TC_006-002: Trending_Today_Test - Succession" line="30">
<kw name="Open Browser" library="SeleniumLibrary">
<arg>${URL}</arg>
<arg>${BROWSER}</arg>
<doc>Opens a new browser instance to the optional ``url``.</doc>
<msg timestamp="20230508 20:23:01.232" level="INFO">Opening browser 'chrome' to base url 'https://www.reddit.com/'.</msg>
<status status="PASS" starttime="20230508 20:23:01.232" endtime="20230508 20:23:06.751"/>
</kw>
<kw name="Maximize Browser Window" library="SeleniumLibrary">
<doc>Maximizes current browser window.</doc>
<status status="PASS" starttime="20230508 20:23:06.751" endtime="20230508 20:23:06.908"/>
</kw>
<kw name="Wait Until Page Contains Element" library="SeleniumLibrary">
<arg>xpath://button[normalize-space()='Accept all']</arg>
<doc>Waits until the element ``locator`` appears on the current page.</doc>
<status status="PASS" starttime="20230508 20:23:06.909" endtime="20230508 20:23:06.944"/>
</kw>
<kw name="Click Element" library="SeleniumLibrary">
<arg>xpath://button[normalize-space()='Accept all']</arg>
<doc>Click the element identified by ``locator``.</doc>
<msg timestamp="20230508 20:23:06.944" level="INFO">Clicking element 'xpath://button[normalize-space()='Accept all']'.</msg>
<status status="PASS" starttime="20230508 20:23:06.944" endtime="20230508 20:23:07.033"/>
</kw>
<kw name="Wait Until Element Is Not Visible" library="SeleniumLibrary">
<arg>xpath://div[@class='_1DK52RbaamLOWw5UPaht_S _3Ig_EsWWVLquWs2yBBQjec _1acwN_tUhJ8w-n7oCp-Aw3']</arg>
<doc>Waits until the element ``locator`` is not visible.</doc>
<status status="PASS" starttime="20230508 20:23:07.033" endtime="20230508 20:23:07.060"/>
</kw>
<kw name="Wait Until Page Contains Element" library="SeleniumLibrary">
<arg>xpath://h2[normalize-space()='Succession Episode Discussion']</arg>
<doc>Waits until the element ``locator`` appears on the current page.</doc>
<status status="PASS" starttime="20230508 20:23:07.061" endtime="20230508 20:23:07.531"/>
</kw>
<kw name="Click Element" library="SeleniumLibrary">
<arg>xpath://h2[normalize-space()='Succession Episode Discussion']</arg>
<doc>Click the element identified by ``locator``.</doc>
<msg timestamp="20230508 20:23:07.532" level="INFO">Clicking element 'xpath://h2[normalize-space()='Succession Episode Discussion']'.</msg>
<status status="PASS" starttime="20230508 20:23:07.532" endtime="20230508 20:23:07.604"/>
</kw>
<kw name="Location Should Be" library="SeleniumLibrary">
<arg>https://www.reddit.com/search?q=Succession&amp;source=trending</arg>
<doc>Verifies that the current URL is exactly ``url``.</doc>
<msg timestamp="20230508 20:23:07.608" level="INFO">Current location is 'https://www.reddit.com/search?q=Succession&amp;source=trending'.</msg>
<status status="PASS" starttime="20230508 20:23:07.604" endtime="20230508 20:23:07.608"/>
</kw>
<kw name="Wait Until Page Contains" library="SeleniumLibrary">
<arg>Succession</arg>
<doc>Waits until ``text`` appears on the current page.</doc>
<status status="PASS" starttime="20230508 20:23:07.609" endtime="20230508 20:23:08.381"/>
</kw>
<kw name="Wait Until Page Contains Element" library="SeleniumLibrary">
<arg>xpath://button[normalize-space()='Communities']</arg>
<doc>Waits until the element ``locator`` appears on the current page.</doc>
<status status="PASS" starttime="20230508 20:23:08.381" endtime="20230508 20:23:08.398"/>
</kw>
<kw name="Click Element" library="SeleniumLibrary">
<arg>xpath://button[normalize-space()='Communities']</arg>
<doc>Click the element identified by ``locator``.</doc>
<msg timestamp="20230508 20:23:08.399" level="INFO">Clicking element 'xpath://button[normalize-space()='Communities']'.</msg>
<status status="PASS" starttime="20230508 20:23:08.398" endtime="20230508 20:23:08.471"/>
</kw>
<kw name="Wait Until Page Contains Element" library="SeleniumLibrary">
<arg>xpath://a[contains(@class,'_3BWq3z8_9gA3oThgYXnngR YLZe4_XS9hOtObp1VjEF- _2kqt-kRLvKQ1Kqi8OjMEa7')]//h6[1]</arg>
<doc>Waits until the element ``locator`` appears on the current page.</doc>
<status status="PASS" starttime="20230508 20:23:08.471" endtime="20230508 20:23:09.199"/>
</kw>
<kw name="Sleep" library="BuiltIn">
<arg>5s</arg>
<doc>Pauses the test executed for the given time.</doc>
<msg timestamp="20230508 20:23:14.203" level="INFO">Slept 5 seconds</msg>
<status status="PASS" starttime="20230508 20:23:09.199" endtime="20230508 20:23:14.203"/>
</kw>
<kw name="Click Element" library="SeleniumLibrary">
<arg>xpath://a[contains(@class,'_3BWq3z8_9gA3oThgYXnngR YLZe4_XS9hOtObp1VjEF- _2kqt-kRLvKQ1Kqi8OjMEa7')]//h6[1]</arg>
<doc>Click the element identified by ``locator``.</doc>
<msg timestamp="20230508 20:23:14.204" level="INFO">Clicking element 'xpath://a[contains(@class,'_3BWq3z8_9gA3oThgYXnngR YLZe4_XS9hOtObp1VjEF- _2kqt-kRLvKQ1Kqi8OjMEa7')]//h6[1]'.</msg>
<status status="PASS" starttime="20230508 20:23:14.203" endtime="20230508 20:23:14.277"/>
</kw>
<kw name="Location Should Be" library="SeleniumLibrary">
<arg>https://www.reddit.com/r/Succession/</arg>
<doc>Verifies that the current URL is exactly ``url``.</doc>
<msg timestamp="20230508 20:23:14.281" level="INFO">Current location is 'https://www.reddit.com/r/Succession/'.</msg>
<status status="PASS" starttime="20230508 20:23:14.277" endtime="20230508 20:23:14.281"/>
</kw>
<kw name="Wait Until Page Contains Element" library="SeleniumLibrary">
<arg>xpath://h2[@class='_33aRtz9JtW0dIrBNKFAl0y']</arg>
<doc>Waits until the element ``locator`` appears on the current page.</doc>
<status status="PASS" starttime="20230508 20:23:14.281" endtime="20230508 20:23:14.502"/>
</kw>
<kw name="Capture Page Screenshot" library="SeleniumLibrary">
<doc>Takes a screenshot of the current page and embeds it into a log file.</doc>
<msg timestamp="20230508 20:23:14.695" level="INFO" html="true">&lt;/td&gt;&lt;/tr&gt;&lt;tr&gt;&lt;td colspan="3"&gt;&lt;a href="selenium-screenshot-2.png"&gt;&lt;img src="selenium-screenshot-2.png" width="800px"&gt;&lt;/a&gt;</msg>
<status status="PASS" starttime="20230508 20:23:14.503" endtime="20230508 20:23:14.695"/>
</kw>
<kw name="Close Browser" library="SeleniumLibrary">
<doc>Closes the current browser.</doc>
<status status="PASS" starttime="20230508 20:23:14.695" endtime="20230508 20:23:16.858"/>
</kw>
<doc>Tests clicking on Trending_Today_Test functionality</doc>
<status status="PASS" starttime="20230508 20:23:01.231" endtime="20230508 20:23:16.858"/>
</test>
<test id="s1-t3" name="TC_006-003: Trending_Today_Test - PremierLeague" line="51">
<kw name="Open Browser" library="SeleniumLibrary">
<arg>${URL}</arg>
<arg>${BROWSER}</arg>
<doc>Opens a new browser instance to the optional ``url``.</doc>
<msg timestamp="20230508 20:23:16.860" level="INFO">Opening browser 'chrome' to base url 'https://www.reddit.com/'.</msg>
<status status="PASS" starttime="20230508 20:23:16.860" endtime="20230508 20:23:22.329"/>
</kw>
<kw name="Maximize Browser Window" library="SeleniumLibrary">
<doc>Maximizes current browser window.</doc>
<status status="PASS" starttime="20230508 20:23:22.329" endtime="20230508 20:23:22.476"/>
</kw>
<kw name="Wait Until Page Contains Element" library="SeleniumLibrary">
<arg>xpath://button[normalize-space()='Accept all']</arg>
<doc>Waits until the element ``locator`` appears on the current page.</doc>
<status status="PASS" starttime="20230508 20:23:22.477" endtime="20230508 20:23:22.498"/>
</kw>
<kw name="Click Element" library="SeleniumLibrary">
<arg>xpath://button[normalize-space()='Accept all']</arg>
<doc>Click the element identified by ``locator``.</doc>
<msg timestamp="20230508 20:23:22.499" level="INFO">Clicking element 'xpath://button[normalize-space()='Accept all']'.</msg>
<status status="PASS" starttime="20230508 20:23:22.498" endtime="20230508 20:23:22.591"/>
</kw>
<kw name="Wait Until Element Is Not Visible" library="SeleniumLibrary">
<arg>xpath://div[@class='_1DK52RbaamLOWw5UPaht_S _3Ig_EsWWVLquWs2yBBQjec _1acwN_tUhJ8w-n7oCp-Aw3']</arg>
<doc>Waits until the element ``locator`` is not visible.</doc>
<status status="PASS" starttime="20230508 20:23:22.591" endtime="20230508 20:23:22.602"/>
</kw>
<kw name="Wait Until Page Contains Element" library="SeleniumLibrary">
<arg>xpath://h2[normalize-space()='Premier League']</arg>
<doc>Waits until the element ``locator`` appears on the current page.</doc>
<status status="PASS" starttime="20230508 20:23:22.602" endtime="20230508 20:23:22.865"/>
</kw>
<kw name="Click Element" library="SeleniumLibrary">
<arg>xpath://h2[normalize-space()='Premier League']</arg>
<doc>Click the element identified by ``locator``.</doc>
<msg timestamp="20230508 20:23:22.867" level="INFO">Clicking element 'xpath://h2[normalize-space()='Premier League']'.</msg>
<status status="PASS" starttime="20230508 20:23:22.865" endtime="20230508 20:23:22.946"/>
</kw>
<kw name="Location Should Be" library="SeleniumLibrary">
<arg>https://www.reddit.com/search?q=Premier%20League&amp;source=trending</arg>
<doc>Verifies that the current URL is exactly ``url``.</doc>
<msg timestamp="20230508 20:23:22.951" level="INFO">Current location is 'https://www.reddit.com/search?q=Premier%20League&amp;source=trending'.</msg>
<status status="PASS" starttime="20230508 20:23:22.947" endtime="20230508 20:23:22.951"/>
</kw>
<kw name="Wait Until Page Contains" library="SeleniumLibrary">
<arg>Premier League</arg>
<doc>Waits until ``text`` appears on the current page.</doc>
<status status="PASS" starttime="20230508 20:23:22.951" endtime="20230508 20:23:22.968"/>
</kw>
<kw name="Wait Until Page Contains Element" library="SeleniumLibrary">
<arg>xpath://button[normalize-space()='People']</arg>
<doc>Waits until the element ``locator`` appears on the current page.</doc>
<status status="PASS" starttime="20230508 20:23:22.968" endtime="20230508 20:23:23.005"/>
</kw>
<kw name="Click Element" library="SeleniumLibrary">
<arg>xpath://button[normalize-space()='People']</arg>
<doc>Click the element identified by ``locator``.</doc>
<msg timestamp="20230508 20:23:23.006" level="INFO">Clicking element 'xpath://button[normalize-space()='People']'.</msg>
<status status="PASS" starttime="20230508 20:23:23.006" endtime="20230508 20:23:23.060"/>
</kw>
<kw name="Wait Until Page Contains Element" library="SeleniumLibrary">
<arg>xpath://a[contains(@class,'_3BWq3z8_9gA3oThgYXnngR YLZe4_XS9hOtObp1VjEF- _2kqt-kRLvKQ1Kqi8OjMEa7')]//h6[1]</arg>
<doc>Waits until the element ``locator`` appears on the current page.</doc>
<status status="PASS" starttime="20230508 20:23:23.060" endtime="20230508 20:23:23.718"/>
</kw>
<kw name="Sleep" library="BuiltIn">
<arg>5s</arg>
<doc>Pauses the test executed for the given time.</doc>
<msg timestamp="20230508 20:23:28.721" level="INFO">Slept 5 seconds</msg>
<status status="PASS" starttime="20230508 20:23:23.718" endtime="20230508 20:23:28.721"/>
</kw>
<kw name="Click Element" library="SeleniumLibrary">
<arg>xpath://a[contains(@class,'_3BWq3z8_9gA3oThgYXnngR YLZe4_XS9hOtObp1VjEF- _2kqt-kRLvKQ1Kqi8OjMEa7')]//h6[1]</arg>
<doc>Click the element identified by ``locator``.</doc>
<msg timestamp="20230508 20:23:28.722" level="INFO">Clicking element 'xpath://a[contains(@class,'_3BWq3z8_9gA3oThgYXnngR YLZe4_XS9hOtObp1VjEF- _2kqt-kRLvKQ1Kqi8OjMEa7')]//h6[1]'.</msg>
<status status="PASS" starttime="20230508 20:23:28.721" endtime="20230508 20:23:29.398"/>
</kw>
<kw name="Location Should Be" library="SeleniumLibrary">
<arg>https://www.reddit.com/user/PremierLeague/</arg>
<doc>Verifies that the current URL is exactly ``url``.</doc>
<msg timestamp="20230508 20:23:29.402" level="INFO">Current location is 'https://www.reddit.com/user/PremierLeague/'.</msg>
<status status="PASS" starttime="20230508 20:23:29.398" endtime="20230508 20:23:29.402"/>
</kw>
<kw name="Wait Until Page Contains Element" library="SeleniumLibrary">
<arg>xpath://span[@class='_1LCAhi_8JjayVo7pJ0KIh0']</arg>
<doc>Waits until the element ``locator`` appears on the current page.</doc>
<status status="PASS" starttime="20230508 20:23:29.402" endtime="20230508 20:23:29.655"/>
</kw>
<kw name="Capture Page Screenshot" library="SeleniumLibrary">
<doc>Takes a screenshot of the current page and embeds it into a log file.</doc>
<msg timestamp="20230508 20:23:29.896" level="INFO" html="true">&lt;/td&gt;&lt;/tr&gt;&lt;tr&gt;&lt;td colspan="3"&gt;&lt;a href="selenium-screenshot-3.png"&gt;&lt;img src="selenium-screenshot-3.png" width="800px"&gt;&lt;/a&gt;</msg>
<status status="PASS" starttime="20230508 20:23:29.655" endtime="20230508 20:23:29.896"/>
</kw>
<kw name="Close Browser" library="SeleniumLibrary">
<doc>Closes the current browser.</doc>
<status status="PASS" starttime="20230508 20:23:29.896" endtime="20230508 20:23:32.068"/>
</kw>
<doc>Tests clicking on Trending_Today_Test functionality</doc>
<status status="PASS" starttime="20230508 20:23:16.859" endtime="20230508 20:23:32.068"/>
</test>
<test id="s1-t4" name="TC_006-004: Trending_Today_Test - Chris Brown" line="72">
<kw name="Open Browser" library="SeleniumLibrary">
<arg>${URL}</arg>
<arg>${BROWSER}</arg>
<doc>Opens a new browser instance to the optional ``url``.</doc>
<msg timestamp="20230508 20:23:32.070" level="INFO">Opening browser 'chrome' to base url 'https://www.reddit.com/'.</msg>
<status status="PASS" starttime="20230508 20:23:32.070" endtime="20230508 20:23:37.295"/>
</kw>
<kw name="Maximize Browser Window" library="SeleniumLibrary">
<doc>Maximizes current browser window.</doc>
<status status="PASS" starttime="20230508 20:23:37.295" endtime="20230508 20:23:37.430"/>
</kw>
<kw name="Wait Until Page Contains Element" library="SeleniumLibrary">
<arg>xpath://button[normalize-space()='Accept all']</arg>
<doc>Waits until the element ``locator`` appears on the current page.</doc>
<status status="PASS" starttime="20230508 20:23:37.430" endtime="20230508 20:23:37.468"/>
</kw>
<kw name="Click Element" library="SeleniumLibrary">
<arg>xpath://button[normalize-space()='Accept all']</arg>
<doc>Click the element identified by ``locator``.</doc>
<msg timestamp="20230508 20:23:37.469" level="INFO">Clicking element 'xpath://button[normalize-space()='Accept all']'.</msg>
<status status="PASS" starttime="20230508 20:23:37.469" endtime="20230508 20:23:37.528"/>
</kw>
<kw name="Wait Until Element Is Not Visible" library="SeleniumLibrary">
<arg>xpath://div[@class='_1DK52RbaamLOWw5UPaht_S _3Ig_EsWWVLquWs2yBBQjec _1acwN_tUhJ8w-n7oCp-Aw3']</arg>
<doc>Waits until the element ``locator`` is not visible.</doc>
<status status="PASS" starttime="20230508 20:23:37.528" endtime="20230508 20:23:37.538"/>
</kw>
<kw name="Wait Until Page Contains Element" library="SeleniumLibrary">
<arg>xpath://h2[normalize-space()='Chris Brown']</arg>
<doc>Waits until the element ``locator`` appears on the current page.</doc>
<status status="PASS" starttime="20230508 20:23:37.539" endtime="20230508 20:23:38.202"/>
</kw>
<kw name="Click Element" library="SeleniumLibrary">
<arg>xpath://h2[normalize-space()='Chris Brown']</arg>
<doc>Click the element identified by ``locator``.</doc>
<msg timestamp="20230508 20:23:38.203" level="INFO">Clicking element 'xpath://h2[normalize-space()='Chris Brown']'.</msg>
<status status="PASS" starttime="20230508 20:23:38.203" endtime="20230508 20:23:38.260"/>
</kw>
<kw name="Location Should Be" library="SeleniumLibrary">
<arg>https://www.reddit.com/search?q=Chris%20Brown&amp;source=trending</arg>
<doc>Verifies that the current URL is exactly ``url``.</doc>
<msg timestamp="20230508 20:23:38.264" level="INFO">Current location is 'https://www.reddit.com/search?q=Chris%20Brown&amp;source=trending'.</msg>
<status status="PASS" starttime="20230508 20:23:38.261" endtime="20230508 20:23:38.264"/>
</kw>
<kw name="Wait Until Page Contains" library="SeleniumLibrary">
<arg>Chris Brown</arg>
<doc>Waits until ``text`` appears on the current page.</doc>
<status status="PASS" starttime="20230508 20:23:38.264" endtime="20230508 20:23:38.977"/>
</kw>
<kw name="Wait Until Page Contains Element" library="SeleniumLibrary">
<arg>xpath://button[normalize-space()='People']</arg>
<doc>Waits until the element ``locator`` appears on the current page.</doc>
<status status="PASS" starttime="20230508 20:23:38.978" endtime="20230508 20:23:38.988"/>
</kw>
<kw name="Click Element" library="SeleniumLibrary">
<arg>xpath://button[normalize-space()='People']</arg>
<doc>Click the element identified by ``locator``.</doc>
<msg timestamp="20230508 20:23:38.989" level="INFO">Clicking element 'xpath://button[normalize-space()='People']'.</msg>
<status status="PASS" starttime="20230508 20:23:38.989" endtime="20230508 20:23:39.042"/>
</kw>
<kw name="Wait Until Page Contains Element" library="SeleniumLibrary">
<arg>xpath://h6[normalize-space()='u/ChrisBrownYoMama']</arg>
<doc>Waits until the element ``locator`` appears on the current page.</doc>
<status status="PASS" starttime="20230508 20:23:39.042" endtime="20230508 20:23:39.715"/>
</kw>
<kw name="Sleep" library="BuiltIn">
<arg>5s</arg>
<doc>Pauses the test executed for the given time.</doc>
<msg timestamp="20230508 20:23:44.725" level="INFO">Slept 5 seconds</msg>
<status status="PASS" starttime="20230508 20:23:39.715" endtime="20230508 20:23:44.725"/>
</kw>
<kw name="Click Element" library="SeleniumLibrary">
<arg>xpath://h6[normalize-space()='u/ChrisBrownYoMama']</arg>
<doc>Click the element identified by ``locator``.</doc>
<msg timestamp="20230508 20:23:44.725" level="INFO">Clicking element 'xpath://h6[normalize-space()='u/ChrisBrownYoMama']'.</msg>
<status status="PASS" starttime="20230508 20:23:44.725" endtime="20230508 20:23:44.772"/>
</kw>
<kw name="Location Should Be" library="SeleniumLibrary">
<arg>https://www.reddit.com/user/ChrisBrownYoMama/</arg>
<doc>Verifies that the current URL is exactly ``url``.</doc>
<msg timestamp="20230508 20:23:44.777" level="INFO">Current location is 'https://www.reddit.com/user/ChrisBrownYoMama/'.</msg>
<status status="PASS" starttime="20230508 20:23:44.772" endtime="20230508 20:23:44.777"/>
</kw>
<kw name="Wait Until Page Contains Element" library="SeleniumLibrary">
<arg>xpath://span[@class='_1LCAhi_8JjayVo7pJ0KIh0']</arg>
<doc>Waits until the element ``locator`` appears on the current page.</doc>
<status status="PASS" starttime="20230508 20:23:44.777" endtime="20230508 20:23:45.212"/>
</kw>
<kw name="Capture Page Screenshot" library="SeleniumLibrary">
<doc>Takes a screenshot of the current page and embeds it into a log file.</doc>
<msg timestamp="20230508 20:23:45.418" level="INFO" html="true">&lt;/td&gt;&lt;/tr&gt;&lt;tr&gt;&lt;td colspan="3"&gt;&lt;a href="selenium-screenshot-4.png"&gt;&lt;img src="selenium-screenshot-4.png" width="800px"&gt;&lt;/a&gt;</msg>
<status status="PASS" starttime="20230508 20:23:45.212" endtime="20230508 20:23:45.418"/>
</kw>
<kw name="Close Browser" library="SeleniumLibrary">
<doc>Closes the current browser.</doc>
<status status="PASS" starttime="20230508 20:23:45.420" endtime="20230508 20:23:47.583"/>
</kw>
<doc>Tests clicking on Trending_Today_Test functionality</doc>
<status status="PASS" starttime="20230508 20:23:32.069" endtime="20230508 20:23:47.583"/>
</test>
<status status="PASS" starttime="20230508 20:22:46.240" endtime="20230508 20:23:47.583"/>
</suite>
<statistics>
<total>
<stat pass="4" fail="0" skip="0">All Tests</stat>
</total>
<tag>
</tag>
<suite>
<stat pass="4" fail="0" skip="0" id="s1" name="Trending Today Test">Trending Today Test</stat>
</suite>
</statistics>
<errors>
</errors>
</robot>
