<?xml version="1.0" encoding="UTF-8"?>
<robot generator="Robot 6.0.2 (Python 3.8.10 on win32)" generated="20230508 18:01:32.106" rpa="false" schemaversion="3">
<suite id="s1" name="Login page functions" source="D:\Downloads\AP4TS - !!!!!NEMAZ!!!!!!\test-done\My_tests\Login_page_functions + output\Login_page_functions.robot">
<test id="s1-t1" name="TC_001 - Test the login page" line="9">
<kw name="Open Browser" library="SeleniumLibrary">
<arg>${URL}</arg>
<arg>${BROWSER}</arg>
<doc>Opens a new browser instance to the optional ``url``.</doc>
<msg timestamp="20230508 18:01:32.254" level="INFO">Opening browser 'chrome' to base url 'https://www.reddit.com/'.</msg>
<status status="PASS" starttime="20230508 18:01:32.253" endtime="20230508 18:01:38.039"/>
</kw>
<kw name="Maximize Browser Window" library="SeleniumLibrary">
<doc>Maximizes current browser window.</doc>
<status status="PASS" starttime="20230508 18:01:38.041" endtime="20230508 18:01:38.180"/>
</kw>
<kw name="Wait Until Page Contains Element" library="SeleniumLibrary">
<arg>xpath://button[normalize-space()='Accept all']</arg>
<doc>Waits until the element ``locator`` appears on the current page.</doc>
<status status="PASS" starttime="20230508 18:01:38.181" endtime="20230508 18:01:38.248"/>
</kw>
<kw name="Click Element" library="SeleniumLibrary">
<arg>xpath://button[normalize-space()='Accept all']</arg>
<doc>Click the element identified by ``locator``.</doc>
<msg timestamp="20230508 18:01:38.248" level="INFO">Clicking element 'xpath://button[normalize-space()='Accept all']'.</msg>
<status status="PASS" starttime="20230508 18:01:38.248" endtime="20230508 18:01:38.356"/>
</kw>
<kw name="Wait Until Element Is Not Visible" library="SeleniumLibrary">
<arg>xpath://div[@class='_1DK52RbaamLOWw5UPaht_S _3Ig_EsWWVLquWs2yBBQjec _1acwN_tUhJ8w-n7oCp-Aw3']</arg>
<doc>Waits until the element ``locator`` is not visible.</doc>
<status status="PASS" starttime="20230508 18:01:38.356" endtime="20230508 18:01:38.366"/>
</kw>
<kw name="Wait Until Page Contains Element" library="SeleniumLibrary">
<arg>xpath://a[normalize-space()='Log In']</arg>
<doc>Waits until the element ``locator`` appears on the current page.</doc>
<status status="PASS" starttime="20230508 18:01:38.367" endtime="20230508 18:01:38.376"/>
</kw>
<kw name="Click Element" library="SeleniumLibrary">
<arg>xpath://a[normalize-space()='Log In']</arg>
<doc>Click the element identified by ``locator``.</doc>
<msg timestamp="20230508 18:01:38.377" level="INFO">Clicking element 'xpath://a[normalize-space()='Log In']'.</msg>
<status status="PASS" starttime="20230508 18:01:38.377" endtime="20230508 18:01:38.441"/>
</kw>
<kw name="Select Frame" library="SeleniumLibrary">
<arg>xpath://iframe[@class='_25r3t_lrPF3M6zD2YkWvZU']</arg>
<doc>Sets frame identified by ``locator`` as the current frame.</doc>
<msg timestamp="20230508 18:01:38.442" level="INFO">Selecting frame 'xpath://iframe[@class='_25r3t_lrPF3M6zD2YkWvZU']'.</msg>
<status status="PASS" starttime="20230508 18:01:38.442" endtime="20230508 18:01:38.990"/>
</kw>
<kw name="Wait Until Page Contains Element" library="SeleniumLibrary">
<arg>xpath://h1[normalize-space()='Log In']</arg>
<doc>Waits until the element ``locator`` appears on the current page.</doc>
<status status="PASS" starttime="20230508 18:01:38.991" endtime="20230508 18:01:38.999"/>
</kw>
<kw name="Wait Until Page Contains Element" library="SeleniumLibrary">
<arg>xpath://input[@id='loginUsername']</arg>
<doc>Waits until the element ``locator`` appears on the current page.</doc>
<status status="PASS" starttime="20230508 18:01:39.001" endtime="20230508 18:01:39.011"/>
</kw>
<kw name="Wait Until Page Contains Element" library="SeleniumLibrary">
<arg>xpath://input[@id='loginPassword']</arg>
<doc>Waits until the element ``locator`` appears on the current page.</doc>
<status status="PASS" starttime="20230508 18:01:39.012" endtime="20230508 18:01:39.020"/>
</kw>
<kw name="Unselect Frame" library="SeleniumLibrary">
<doc>Sets the main frame as the current frame.</doc>
<status status="PASS" starttime="20230508 18:01:39.021" endtime="20230508 18:01:39.024"/>
</kw>
<kw name="Capture Page Screenshot" library="SeleniumLibrary">
<doc>Takes a screenshot of the current page and embeds it into a log file.</doc>
<msg timestamp="20230508 18:01:39.238" level="INFO" html="true">&lt;/td&gt;&lt;/tr&gt;&lt;tr&gt;&lt;td colspan="3"&gt;&lt;a href="selenium-screenshot-1.png"&gt;&lt;img src="selenium-screenshot-1.png" width="800px"&gt;&lt;/a&gt;</msg>
<status status="PASS" starttime="20230508 18:01:39.024" endtime="20230508 18:01:39.238"/>
</kw>
<kw name="Close Browser" library="SeleniumLibrary">
<doc>Closes the current browser.</doc>
<status status="PASS" starttime="20230508 18:01:39.238" endtime="20230508 18:01:41.396"/>
</kw>
<doc>Tests the login page functionality of the site</doc>
<status status="PASS" starttime="20230508 18:01:32.253" endtime="20230508 18:01:41.398"/>
</test>
<test id="s1-t2" name="TC_001-002: Forgot username" line="26">
<kw name="Open Browser" library="SeleniumLibrary">
<arg>${URL}</arg>
<arg>${BROWSER}</arg>
<doc>Opens a new browser instance to the optional ``url``.</doc>
<msg timestamp="20230508 18:01:41.405" level="INFO">Opening browser 'chrome' to base url 'https://www.reddit.com/'.</msg>
<status status="PASS" starttime="20230508 18:01:41.404" endtime="20230508 18:01:47.017"/>
</kw>
<kw name="Maximize Browser Window" library="SeleniumLibrary">
<doc>Maximizes current browser window.</doc>
<status status="PASS" starttime="20230508 18:01:47.018" endtime="20230508 18:01:47.164"/>
</kw>
<kw name="Wait Until Page Contains Element" library="SeleniumLibrary">
<arg>xpath://button[normalize-space()='Accept all']</arg>
<doc>Waits until the element ``locator`` appears on the current page.</doc>
<status status="PASS" starttime="20230508 18:01:47.165" endtime="20230508 18:01:47.237"/>
</kw>
<kw name="Click Element" library="SeleniumLibrary">
<arg>xpath://button[normalize-space()='Accept all']</arg>
<doc>Click the element identified by ``locator``.</doc>
<msg timestamp="20230508 18:01:47.238" level="INFO">Clicking element 'xpath://button[normalize-space()='Accept all']'.</msg>
<status status="PASS" starttime="20230508 18:01:47.237" endtime="20230508 18:01:47.295"/>
</kw>
<kw name="Wait Until Element Is Not Visible" library="SeleniumLibrary">
<arg>xpath://div[@class='_1DK52RbaamLOWw5UPaht_S _3Ig_EsWWVLquWs2yBBQjec _1acwN_tUhJ8w-n7oCp-Aw3']</arg>
<doc>Waits until the element ``locator`` is not visible.</doc>
<status status="PASS" starttime="20230508 18:01:47.295" endtime="20230508 18:01:47.331"/>
</kw>
<kw name="Wait Until Page Contains Element" library="SeleniumLibrary">
<arg>xpath://a[normalize-space()='Log In']</arg>
<doc>Waits until the element ``locator`` appears on the current page.</doc>
<status status="PASS" starttime="20230508 18:01:47.332" endtime="20230508 18:01:47.342"/>
</kw>
<kw name="Click Element" library="SeleniumLibrary">
<arg>xpath://a[normalize-space()='Log In']</arg>
<doc>Click the element identified by ``locator``.</doc>
<msg timestamp="20230508 18:01:47.343" level="INFO">Clicking element 'xpath://a[normalize-space()='Log In']'.</msg>
<status status="PASS" starttime="20230508 18:01:47.343" endtime="20230508 18:01:47.412"/>
</kw>
<kw name="Select Frame" library="SeleniumLibrary">
<arg>xpath://iframe[@class='_25r3t_lrPF3M6zD2YkWvZU']</arg>
<doc>Sets frame identified by ``locator`` as the current frame.</doc>
<msg timestamp="20230508 18:01:47.413" level="INFO">Selecting frame 'xpath://iframe[@class='_25r3t_lrPF3M6zD2YkWvZU']'.</msg>
<status status="PASS" starttime="20230508 18:01:47.413" endtime="20230508 18:01:48.022"/>
</kw>
<kw name="Wait Until Page Contains Element" library="SeleniumLibrary">
<arg>xpath://h1[normalize-space()='Log In']</arg>
<doc>Waits until the element ``locator`` appears on the current page.</doc>
<status status="PASS" starttime="20230508 18:01:48.022" endtime="20230508 18:01:48.043"/>
</kw>
<kw name="Wait Until Page Contains Element" library="SeleniumLibrary">
<arg>xpath://input[@id='loginUsername']</arg>
<doc>Waits until the element ``locator`` appears on the current page.</doc>
<status status="PASS" starttime="20230508 18:01:48.043" endtime="20230508 18:01:48.052"/>
</kw>
<kw name="Wait Until Page Contains Element" library="SeleniumLibrary">
<arg>xpath://input[@id='loginPassword']</arg>
<doc>Waits until the element ``locator`` appears on the current page.</doc>
<status status="PASS" starttime="20230508 18:01:48.053" endtime="20230508 18:01:48.062"/>
</kw>
<kw name="Wait Until Page Contains Element" library="SeleniumLibrary">
<arg>xpath://a[normalize-space()='username']</arg>
<doc>Waits until the element ``locator`` appears on the current page.</doc>
<status status="PASS" starttime="20230508 18:01:48.062" endtime="20230508 18:01:48.071"/>
</kw>
<kw name="Click Element" library="SeleniumLibrary">
<arg>xpath://a[normalize-space()='username']</arg>
<doc>Click the element identified by ``locator``.</doc>
<msg timestamp="20230508 18:01:48.072" level="INFO">Clicking element 'xpath://a[normalize-space()='username']'.</msg>
<status status="PASS" starttime="20230508 18:01:48.071" endtime="20230508 18:01:48.144"/>
</kw>
<kw name="Unselect Frame" library="SeleniumLibrary">
<doc>Sets the main frame as the current frame.</doc>
<status status="PASS" starttime="20230508 18:01:48.144" endtime="20230508 18:01:48.146"/>
</kw>
<kw name="Select Frame" library="SeleniumLibrary">
<arg>xpath://iframe[@class='_25r3t_lrPF3M6zD2YkWvZU']</arg>
<doc>Sets frame identified by ``locator`` as the current frame.</doc>
<msg timestamp="20230508 18:01:48.147" level="INFO">Selecting frame 'xpath://iframe[@class='_25r3t_lrPF3M6zD2YkWvZU']'.</msg>
<status status="PASS" starttime="20230508 18:01:48.146" endtime="20230508 18:01:48.353"/>
</kw>
<kw name="Wait Until Page Contains Element" library="SeleniumLibrary">
<arg>xpath://input[@id='email']</arg>
<doc>Waits until the element ``locator`` appears on the current page.</doc>
<status status="PASS" starttime="20230508 18:01:48.353" endtime="20230508 18:01:48.364"/>
</kw>
<kw name="Wait Until Page Contains Element" library="SeleniumLibrary">
<arg>xpath://h1[normalize-space()='Recover your username']</arg>
<doc>Waits until the element ``locator`` appears on the current page.</doc>
<status status="PASS" starttime="20230508 18:01:48.364" endtime="20230508 18:01:48.374"/>
</kw>
<kw name="Unselect Frame" library="SeleniumLibrary">
<doc>Sets the main frame as the current frame.</doc>
<status status="PASS" starttime="20230508 18:01:48.374" endtime="20230508 18:01:48.376"/>
</kw>
<kw name="Capture Page Screenshot" library="SeleniumLibrary">
<doc>Takes a screenshot of the current page and embeds it into a log file.</doc>
<msg timestamp="20230508 18:01:48.551" level="INFO" html="true">&lt;/td&gt;&lt;/tr&gt;&lt;tr&gt;&lt;td colspan="3"&gt;&lt;a href="selenium-screenshot-2.png"&gt;&lt;img src="selenium-screenshot-2.png" width="800px"&gt;&lt;/a&gt;</msg>
<status status="PASS" starttime="20230508 18:01:48.377" endtime="20230508 18:01:48.551"/>
</kw>
<kw name="Close Browser" library="SeleniumLibrary">
<doc>Closes the current browser.</doc>
<status status="PASS" starttime="20230508 18:01:48.551" endtime="20230508 18:01:50.697"/>
</kw>
<doc>Tests the Forgot username functionality of the site</doc>
<status status="PASS" starttime="20230508 18:01:41.401" endtime="20230508 18:01:50.697"/>
</test>
<test id="s1-t3" name="TC_001-003: Forgot password" line="49">
<kw name="Open Browser" library="SeleniumLibrary">
<arg>${URL}</arg>
<arg>${BROWSER}</arg>
<doc>Opens a new browser instance to the optional ``url``.</doc>
<msg timestamp="20230508 18:01:50.699" level="INFO">Opening browser 'chrome' to base url 'https://www.reddit.com/'.</msg>
<status status="PASS" starttime="20230508 18:01:50.699" endtime="20230508 18:01:55.969"/>
</kw>
<kw name="Maximize Browser Window" library="SeleniumLibrary">
<doc>Maximizes current browser window.</doc>
<status status="PASS" starttime="20230508 18:01:55.970" endtime="20230508 18:01:56.148"/>
</kw>
<kw name="Wait Until Page Contains Element" library="SeleniumLibrary">
<arg>xpath://button[normalize-space()='Accept all']</arg>
<doc>Waits until the element ``locator`` appears on the current page.</doc>
<status status="PASS" starttime="20230508 18:01:56.148" endtime="20230508 18:01:56.232"/>
</kw>
<kw name="Click Element" library="SeleniumLibrary">
<arg>xpath://button[normalize-space()='Accept all']</arg>
<doc>Click the element identified by ``locator``.</doc>
<msg timestamp="20230508 18:01:56.233" level="INFO">Clicking element 'xpath://button[normalize-space()='Accept all']'.</msg>
<status status="PASS" starttime="20230508 18:01:56.232" endtime="20230508 18:01:56.356"/>
</kw>
<kw name="Wait Until Element Is Not Visible" library="SeleniumLibrary">
<arg>xpath://div[@class='_1DK52RbaamLOWw5UPaht_S _3Ig_EsWWVLquWs2yBBQjec _1acwN_tUhJ8w-n7oCp-Aw3']</arg>
<doc>Waits until the element ``locator`` is not visible.</doc>
<status status="PASS" starttime="20230508 18:01:56.357" endtime="20230508 18:01:56.374"/>
</kw>
<kw name="Wait Until Page Contains Element" library="SeleniumLibrary">
<arg>xpath://a[normalize-space()='Log In']</arg>
<doc>Waits until the element ``locator`` appears on the current page.</doc>
<status status="PASS" starttime="20230508 18:01:56.375" endtime="20230508 18:01:56.384"/>
</kw>
<kw name="Click Element" library="SeleniumLibrary">
<arg>xpath://a[normalize-space()='Log In']</arg>
<doc>Click the element identified by ``locator``.</doc>
<msg timestamp="20230508 18:01:56.385" level="INFO">Clicking element 'xpath://a[normalize-space()='Log In']'.</msg>
<status status="PASS" starttime="20230508 18:01:56.384" endtime="20230508 18:01:56.477"/>
</kw>
<kw name="Select Frame" library="SeleniumLibrary">
<arg>xpath://iframe[@class='_25r3t_lrPF3M6zD2YkWvZU']</arg>
<doc>Sets frame identified by ``locator`` as the current frame.</doc>
<msg timestamp="20230508 18:01:56.477" level="INFO">Selecting frame 'xpath://iframe[@class='_25r3t_lrPF3M6zD2YkWvZU']'.</msg>
<status status="PASS" starttime="20230508 18:01:56.477" endtime="20230508 18:01:56.950"/>
</kw>
<kw name="Wait Until Page Contains Element" library="SeleniumLibrary">
<arg>xpath://h1[normalize-space()='Log In']</arg>
<doc>Waits until the element ``locator`` appears on the current page.</doc>
<status status="PASS" starttime="20230508 18:01:56.950" endtime="20230508 18:01:56.961"/>
</kw>
<kw name="Wait Until Page Contains Element" library="SeleniumLibrary">
<arg>xpath://input[@id='loginUsername']</arg>
<doc>Waits until the element ``locator`` appears on the current page.</doc>
<status status="PASS" starttime="20230508 18:01:56.961" endtime="20230508 18:01:56.986"/>
</kw>
<kw name="Wait Until Page Contains Element" library="SeleniumLibrary">
<arg>xpath://input[@id='loginPassword']</arg>
<doc>Waits until the element ``locator`` appears on the current page.</doc>
<status status="PASS" starttime="20230508 18:01:56.987" endtime="20230508 18:01:56.996"/>
</kw>
<kw name="Wait Until Page Contains Element" library="SeleniumLibrary">
<arg>xpath://a[contains(@class,'BottomLink m-secondary-text lower')][normalize-space()='password']</arg>
<doc>Waits until the element ``locator`` appears on the current page.</doc>
<status status="PASS" starttime="20230508 18:01:56.996" endtime="20230508 18:01:57.006"/>
</kw>
<kw name="Click Element" library="SeleniumLibrary">
<arg>xpath://a[contains(@class,'BottomLink m-secondary-text lower')][normalize-space()='password']</arg>
<doc>Click the element identified by ``locator``.</doc>
<msg timestamp="20230508 18:01:57.006" level="INFO">Clicking element 'xpath://a[contains(@class,'BottomLink m-secondary-text lower')][normalize-space()='password']'.</msg>
<status status="PASS" starttime="20230508 18:01:57.006" endtime="20230508 18:01:57.083"/>
</kw>
<kw name="Unselect Frame" library="SeleniumLibrary">
<doc>Sets the main frame as the current frame.</doc>
<status status="PASS" starttime="20230508 18:01:57.084" endtime="20230508 18:01:57.085"/>
</kw>
<kw name="Select Frame" library="SeleniumLibrary">
<arg>xpath://iframe[@class='_25r3t_lrPF3M6zD2YkWvZU']</arg>
<doc>Sets frame identified by ``locator`` as the current frame.</doc>
<msg timestamp="20230508 18:01:57.086" level="INFO">Selecting frame 'xpath://iframe[@class='_25r3t_lrPF3M6zD2YkWvZU']'.</msg>
<status status="PASS" starttime="20230508 18:01:57.085" endtime="20230508 18:01:57.286"/>
</kw>
<kw name="Wait Until Page Contains Element" library="SeleniumLibrary">
<arg>xpath://input[@id='username']</arg>
<doc>Waits until the element ``locator`` appears on the current page.</doc>
<status status="PASS" starttime="20230508 18:01:57.286" endtime="20230508 18:01:57.295"/>
</kw>
<kw name="Wait Until Page Contains Element" library="SeleniumLibrary">
<arg>xpath://h1[normalize-space()='Reset your password']</arg>
<doc>Waits until the element ``locator`` appears on the current page.</doc>
<status status="PASS" starttime="20230508 18:01:57.296" endtime="20230508 18:01:57.303"/>
</kw>
<kw name="Unselect Frame" library="SeleniumLibrary">
<doc>Sets the main frame as the current frame.</doc>
<status status="PASS" starttime="20230508 18:01:57.304" endtime="20230508 18:01:57.305"/>
</kw>
<kw name="Capture Page Screenshot" library="SeleniumLibrary">
<doc>Takes a screenshot of the current page and embeds it into a log file.</doc>
<msg timestamp="20230508 18:01:57.472" level="INFO" html="true">&lt;/td&gt;&lt;/tr&gt;&lt;tr&gt;&lt;td colspan="3"&gt;&lt;a href="selenium-screenshot-3.png"&gt;&lt;img src="selenium-screenshot-3.png" width="800px"&gt;&lt;/a&gt;</msg>
<status status="PASS" starttime="20230508 18:01:57.305" endtime="20230508 18:01:57.472"/>
</kw>
<kw name="Close Browser" library="SeleniumLibrary">
<doc>Closes the current browser.</doc>
<status status="PASS" starttime="20230508 18:01:57.473" endtime="20230508 18:01:59.642"/>
</kw>
<doc>Tests the Forgot password functionality of the site</doc>
<status status="PASS" starttime="20230508 18:01:50.699" endtime="20230508 18:01:59.643"/>
</test>
<test id="s1-t4" name="TC_001-004: Sign up" line="72">
<kw name="Open Browser" library="SeleniumLibrary">
<arg>${URL}</arg>
<arg>${BROWSER}</arg>
<doc>Opens a new browser instance to the optional ``url``.</doc>
<msg timestamp="20230508 18:01:59.646" level="INFO">Opening browser 'chrome' to base url 'https://www.reddit.com/'.</msg>
<status status="PASS" starttime="20230508 18:01:59.645" endtime="20230508 18:02:05.036"/>
</kw>
<kw name="Maximize Browser Window" library="SeleniumLibrary">
<doc>Maximizes current browser window.</doc>
<status status="PASS" starttime="20230508 18:02:05.037" endtime="20230508 18:02:05.165"/>
</kw>
<kw name="Wait Until Page Contains Element" library="SeleniumLibrary">
<arg>xpath://button[normalize-space()='Accept all']</arg>
<doc>Waits until the element ``locator`` appears on the current page.</doc>
<status status="PASS" starttime="20230508 18:02:05.165" endtime="20230508 18:02:05.239"/>
</kw>
<kw name="Click Element" library="SeleniumLibrary">
<arg>xpath://button[normalize-space()='Accept all']</arg>
<doc>Click the element identified by ``locator``.</doc>
<msg timestamp="20230508 18:02:05.240" level="INFO">Clicking element 'xpath://button[normalize-space()='Accept all']'.</msg>
<status status="PASS" starttime="20230508 18:02:05.239" endtime="20230508 18:02:05.299"/>
</kw>
<kw name="Wait Until Element Is Not Visible" library="SeleniumLibrary">
<arg>xpath://div[@class='_1DK52RbaamLOWw5UPaht_S _3Ig_EsWWVLquWs2yBBQjec _1acwN_tUhJ8w-n7oCp-Aw3']</arg>
<doc>Waits until the element ``locator`` is not visible.</doc>
<status status="PASS" starttime="20230508 18:02:05.299" endtime="20230508 18:02:05.309"/>
</kw>
<kw name="Wait Until Page Contains Element" library="SeleniumLibrary">
<arg>xpath://a[normalize-space()='Log In']</arg>
<doc>Waits until the element ``locator`` appears on the current page.</doc>
<status status="PASS" starttime="20230508 18:02:05.310" endtime="20230508 18:02:05.319"/>
</kw>
<kw name="Click Element" library="SeleniumLibrary">
<arg>xpath://a[normalize-space()='Log In']</arg>
<doc>Click the element identified by ``locator``.</doc>
<msg timestamp="20230508 18:02:05.320" level="INFO">Clicking element 'xpath://a[normalize-space()='Log In']'.</msg>
<status status="PASS" starttime="20230508 18:02:05.319" endtime="20230508 18:02:05.444"/>
</kw>
<kw name="Select Frame" library="SeleniumLibrary">
<arg>xpath://iframe[@class='_25r3t_lrPF3M6zD2YkWvZU']</arg>
<doc>Sets frame identified by ``locator`` as the current frame.</doc>
<msg timestamp="20230508 18:02:05.445" level="INFO">Selecting frame 'xpath://iframe[@class='_25r3t_lrPF3M6zD2YkWvZU']'.</msg>
<status status="PASS" starttime="20230508 18:02:05.444" endtime="20230508 18:02:06.294"/>
</kw>
<kw name="Wait Until Page Contains Element" library="SeleniumLibrary">
<arg>xpath://h1[normalize-space()='Log In']</arg>
<doc>Waits until the element ``locator`` appears on the current page.</doc>
<status status="PASS" starttime="20230508 18:02:06.294" endtime="20230508 18:02:06.303"/>
</kw>
<kw name="Wait Until Page Contains Element" library="SeleniumLibrary">
<arg>xpath://input[@id='loginUsername']</arg>
<doc>Waits until the element ``locator`` appears on the current page.</doc>
<status status="PASS" starttime="20230508 18:02:06.303" endtime="20230508 18:02:06.313"/>
</kw>
<kw name="Wait Until Page Contains Element" library="SeleniumLibrary">
<arg>xpath://input[@id='loginPassword']</arg>
<doc>Waits until the element ``locator`` appears on the current page.</doc>
<status status="PASS" starttime="20230508 18:02:06.313" endtime="20230508 18:02:06.322"/>
</kw>
<kw name="Wait Until Page Contains Element" library="SeleniumLibrary">
<arg>xpath://a[contains(@class,'BottomLink BottomLink__switchLink m-secondary-text')]</arg>
<doc>Waits until the element ``locator`` appears on the current page.</doc>
<status status="PASS" starttime="20230508 18:02:06.322" endtime="20230508 18:02:06.331"/>
</kw>
<kw name="Click Element" library="SeleniumLibrary">
<arg>xpath://a[contains(@class,'BottomLink BottomLink__switchLink m-secondary-text')]</arg>
<doc>Click the element identified by ``locator``.</doc>
<msg timestamp="20230508 18:02:06.332" level="INFO">Clicking element 'xpath://a[contains(@class,'BottomLink BottomLink__switchLink m-secondary-text')]'.</msg>
<status status="PASS" starttime="20230508 18:02:06.332" endtime="20230508 18:02:06.398"/>
</kw>
<kw name="Unselect Frame" library="SeleniumLibrary">
<doc>Sets the main frame as the current frame.</doc>
<status status="PASS" starttime="20230508 18:02:06.398" endtime="20230508 18:02:06.400"/>
</kw>
<kw name="Select Frame" library="SeleniumLibrary">
<arg>xpath://iframe[@class='_25r3t_lrPF3M6zD2YkWvZU']</arg>
<doc>Sets frame identified by ``locator`` as the current frame.</doc>
<msg timestamp="20230508 18:02:06.401" level="INFO">Selecting frame 'xpath://iframe[@class='_25r3t_lrPF3M6zD2YkWvZU']'.</msg>
<status status="PASS" starttime="20230508 18:02:06.400" endtime="20230508 18:02:06.435"/>
</kw>
<kw name="Wait Until Page Contains Element" library="SeleniumLibrary">
<arg>xpath://input[@id='regEmail']</arg>
<doc>Waits until the element ``locator`` appears on the current page.</doc>
<status status="PASS" starttime="20230508 18:02:06.435" endtime="20230508 18:02:06.699"/>
</kw>
<kw name="Wait Until Page Contains Element" library="SeleniumLibrary">
<arg>xpath://h1[normalize-space()='Sign Up']</arg>
<doc>Waits until the element ``locator`` appears on the current page.</doc>
<status status="PASS" starttime="20230508 18:02:06.700" endtime="20230508 18:02:06.721"/>
</kw>
<kw name="Unselect Frame" library="SeleniumLibrary">
<doc>Sets the main frame as the current frame.</doc>
<status status="PASS" starttime="20230508 18:02:06.721" endtime="20230508 18:02:06.723"/>
</kw>
<kw name="Capture Page Screenshot" library="SeleniumLibrary">
<doc>Takes a screenshot of the current page and embeds it into a log file.</doc>
<msg timestamp="20230508 18:02:06.918" level="INFO" html="true">&lt;/td&gt;&lt;/tr&gt;&lt;tr&gt;&lt;td colspan="3"&gt;&lt;a href="selenium-screenshot-4.png"&gt;&lt;img src="selenium-screenshot-4.png" width="800px"&gt;&lt;/a&gt;</msg>
<status status="PASS" starttime="20230508 18:02:06.723" endtime="20230508 18:02:06.918"/>
</kw>
<kw name="Close Browser" library="SeleniumLibrary">
<doc>Closes the current browser.</doc>
<status status="PASS" starttime="20230508 18:02:06.919" endtime="20230508 18:02:09.067"/>
</kw>
<doc>Tests the Sign up page functionality of the site</doc>
<status status="PASS" starttime="20230508 18:01:59.644" endtime="20230508 18:02:09.068"/>
</test>
<test id="s1-t5" name="TC_001-005: Sign up button" line="95">
<kw name="Open Browser" library="SeleniumLibrary">
<arg>${URL}</arg>
<arg>${BROWSER}</arg>
<doc>Opens a new browser instance to the optional ``url``.</doc>
<msg timestamp="20230508 18:02:09.071" level="INFO">Opening browser 'chrome' to base url 'https://www.reddit.com/'.</msg>
<status status="PASS" starttime="20230508 18:02:09.070" endtime="20230508 18:02:14.499"/>
</kw>
<kw name="Maximize Browser Window" library="SeleniumLibrary">
<doc>Maximizes current browser window.</doc>
<status status="PASS" starttime="20230508 18:02:14.499" endtime="20230508 18:02:14.652"/>
</kw>
<kw name="Wait Until Page Contains Element" library="SeleniumLibrary">
<arg>xpath://button[normalize-space()='Accept all']</arg>
<doc>Waits until the element ``locator`` appears on the current page.</doc>
<status status="PASS" starttime="20230508 18:02:14.652" endtime="20230508 18:02:14.702"/>
</kw>
<kw name="Click Element" library="SeleniumLibrary">
<arg>xpath://button[normalize-space()='Accept all']</arg>
<doc>Click the element identified by ``locator``.</doc>
<msg timestamp="20230508 18:02:14.702" level="INFO">Clicking element 'xpath://button[normalize-space()='Accept all']'.</msg>
<status status="PASS" starttime="20230508 18:02:14.702" endtime="20230508 18:02:14.788"/>
</kw>
<kw name="Wait Until Element Is Not Visible" library="SeleniumLibrary">
<arg>xpath://div[@class='_1DK52RbaamLOWw5UPaht_S _3Ig_EsWWVLquWs2yBBQjec _1acwN_tUhJ8w-n7oCp-Aw3']</arg>
<doc>Waits until the element ``locator`` is not visible.</doc>
<status status="PASS" starttime="20230508 18:02:14.788" endtime="20230508 18:02:14.797"/>
</kw>
<kw name="Wait Until Page Contains Element" library="SeleniumLibrary">
<arg>xpath://button[normalize-space()='Join Reddit']</arg>
<doc>Waits until the element ``locator`` appears on the current page.</doc>
<status status="PASS" starttime="20230508 18:02:14.797" endtime="20230508 18:02:14.807"/>
</kw>
<kw name="Click Element" library="SeleniumLibrary">
<arg>xpath://button[normalize-space()='Join Reddit']</arg>
<doc>Click the element identified by ``locator``.</doc>
<msg timestamp="20230508 18:02:14.808" level="INFO">Clicking element 'xpath://button[normalize-space()='Join Reddit']'.</msg>
<status status="PASS" starttime="20230508 18:02:14.807" endtime="20230508 18:02:14.903"/>
</kw>
<kw name="Select Frame" library="SeleniumLibrary">
<arg>xpath://iframe[contains(@class,'_25r3t_lrPF3M6zD2YkWvZU')]</arg>
<doc>Sets frame identified by ``locator`` as the current frame.</doc>
<msg timestamp="20230508 18:02:14.903" level="INFO">Selecting frame 'xpath://iframe[contains(@class,'_25r3t_lrPF3M6zD2YkWvZU')]'.</msg>
<status status="PASS" starttime="20230508 18:02:14.903" endtime="20230508 18:02:15.747"/>
</kw>
<kw name="Wait Until Page Contains Element" library="SeleniumLibrary">
<arg>xpath://h1[normalize-space()='Sign Up']</arg>
<doc>Waits until the element ``locator`` appears on the current page.</doc>
<status status="PASS" starttime="20230508 18:02:15.747" endtime="20230508 18:02:15.757"/>
</kw>
<kw name="Wait Until Page Contains Element" library="SeleniumLibrary">
<arg>xpath://input[@id='regEmail']</arg>
<doc>Waits until the element ``locator`` appears on the current page.</doc>
<status status="PASS" starttime="20230508 18:02:15.757" endtime="20230508 18:02:15.766"/>
</kw>
<kw name="Unselect Frame" library="SeleniumLibrary">
<doc>Sets the main frame as the current frame.</doc>
<status status="PASS" starttime="20230508 18:02:15.767" endtime="20230508 18:02:15.768"/>
</kw>
<kw name="Capture Page Screenshot" library="SeleniumLibrary">
<doc>Takes a screenshot of the current page and embeds it into a log file.</doc>
<msg timestamp="20230508 18:02:15.947" level="INFO" html="true">&lt;/td&gt;&lt;/tr&gt;&lt;tr&gt;&lt;td colspan="3"&gt;&lt;a href="selenium-screenshot-5.png"&gt;&lt;img src="selenium-screenshot-5.png" width="800px"&gt;&lt;/a&gt;</msg>
<status status="PASS" starttime="20230508 18:02:15.769" endtime="20230508 18:02:15.947"/>
</kw>
<kw name="Close Browser" library="SeleniumLibrary">
<doc>Closes the current browser.</doc>
<status status="PASS" starttime="20230508 18:02:15.947" endtime="20230508 18:02:18.094"/>
</kw>
<doc>Tests the Sign up button functionality of the site</doc>
<status status="PASS" starttime="20230508 18:02:09.069" endtime="20230508 18:02:18.095"/>
</test>
<test id="s1-t6" name="TC_001-005: Login" line="111">
<kw name="Open Browser" library="SeleniumLibrary">
<arg>${URL}</arg>
<arg>${BROWSER}</arg>
<doc>Opens a new browser instance to the optional ``url``.</doc>
<msg timestamp="20230508 18:02:18.097" level="INFO">Opening browser 'chrome' to base url 'https://www.reddit.com/'.</msg>
<status status="PASS" starttime="20230508 18:02:18.097" endtime="20230508 18:02:23.503"/>
</kw>
<kw name="Maximize Browser Window" library="SeleniumLibrary">
<doc>Maximizes current browser window.</doc>
<status status="PASS" starttime="20230508 18:02:23.503" endtime="20230508 18:02:23.656"/>
</kw>
<kw name="Wait Until Page Contains Element" library="SeleniumLibrary">
<arg>xpath://button[normalize-space()='Accept all']</arg>
<doc>Waits until the element ``locator`` appears on the current page.</doc>
<status status="PASS" starttime="20230508 18:02:23.656" endtime="20230508 18:02:23.719"/>
</kw>
<kw name="Click Element" library="SeleniumLibrary">
<arg>xpath://button[normalize-space()='Accept all']</arg>
<doc>Click the element identified by ``locator``.</doc>
<msg timestamp="20230508 18:02:23.719" level="INFO">Clicking element 'xpath://button[normalize-space()='Accept all']'.</msg>
<status status="PASS" starttime="20230508 18:02:23.719" endtime="20230508 18:02:23.775"/>
</kw>
<kw name="Wait Until Element Is Not Visible" library="SeleniumLibrary">
<arg>xpath://div[@class='_1DK52RbaamLOWw5UPaht_S _3Ig_EsWWVLquWs2yBBQjec _1acwN_tUhJ8w-n7oCp-Aw3']</arg>
<doc>Waits until the element ``locator`` is not visible.</doc>
<status status="PASS" starttime="20230508 18:02:23.775" endtime="20230508 18:02:23.785"/>
</kw>
<kw name="Wait Until Page Contains Element" library="SeleniumLibrary">
<arg>xpath://a[normalize-space()='Log In']</arg>
<doc>Waits until the element ``locator`` appears on the current page.</doc>
<status status="PASS" starttime="20230508 18:02:23.786" endtime="20230508 18:02:23.794"/>
</kw>
<kw name="Click Element" library="SeleniumLibrary">
<arg>xpath://a[normalize-space()='Log In']</arg>
<doc>Click the element identified by ``locator``.</doc>
<msg timestamp="20230508 18:02:23.795" level="INFO">Clicking element 'xpath://a[normalize-space()='Log In']'.</msg>
<status status="PASS" starttime="20230508 18:02:23.795" endtime="20230508 18:02:23.888"/>
</kw>
<kw name="Select Frame" library="SeleniumLibrary">
<arg>xpath://iframe[@class='_25r3t_lrPF3M6zD2YkWvZU']</arg>
<doc>Sets frame identified by ``locator`` as the current frame.</doc>
<msg timestamp="20230508 18:02:23.889" level="INFO">Selecting frame 'xpath://iframe[@class='_25r3t_lrPF3M6zD2YkWvZU']'.</msg>
<status status="PASS" starttime="20230508 18:02:23.888" endtime="20230508 18:02:24.416"/>
</kw>
<kw name="Wait Until Page Contains Element" library="SeleniumLibrary">
<arg>xpath://h1[normalize-space()='Log In']</arg>
<doc>Waits until the element ``locator`` appears on the current page.</doc>
<status status="PASS" starttime="20230508 18:02:24.417" endtime="20230508 18:02:24.431"/>
</kw>
<kw name="Wait Until Page Contains Element" library="SeleniumLibrary">
<arg>xpath://input[@id='loginUsername']</arg>
<doc>Waits until the element ``locator`` appears on the current page.</doc>
<status status="PASS" starttime="20230508 18:02:24.432" endtime="20230508 18:02:24.442"/>
</kw>
<kw name="Wait Until Page Contains Element" library="SeleniumLibrary">
<arg>xpath://input[@id='loginPassword']</arg>
<doc>Waits until the element ``locator`` appears on the current page.</doc>
<status status="PASS" starttime="20230508 18:02:24.442" endtime="20230508 18:02:24.451"/>
</kw>
<kw name="Input Text" library="SeleniumLibrary">
<arg>xpath://input[@id='loginUsername']</arg>
<arg>DisciplineTotal7010</arg>
<doc>Types the given ``text`` into the text field identified by ``locator``.</doc>
<msg timestamp="20230508 18:02:24.452" level="INFO">Typing text 'DisciplineTotal7010' into text field 'xpath://input[@id='loginUsername']'.</msg>
<status status="PASS" starttime="20230508 18:02:24.452" endtime="20230508 18:02:24.512"/>
</kw>
<kw name="Input Text" library="SeleniumLibrary">
<arg>xpath://input[@id='loginPassword']</arg>
<arg>147test147</arg>
<doc>Types the given ``text`` into the text field identified by ``locator``.</doc>
<msg timestamp="20230508 18:02:24.512" level="INFO">Typing text '147test147' into text field 'xpath://input[@id='loginPassword']'.</msg>
<status status="PASS" starttime="20230508 18:02:24.512" endtime="20230508 18:02:24.566"/>
</kw>
<kw name="Click Element" library="SeleniumLibrary">
<arg>xpath://button[normalize-space()='Log In']</arg>
<doc>Click the element identified by ``locator``.</doc>
<msg timestamp="20230508 18:02:24.567" level="INFO">Clicking element 'xpath://button[normalize-space()='Log In']'.</msg>
<status status="PASS" starttime="20230508 18:02:24.566" endtime="20230508 18:02:24.646"/>
</kw>
<kw name="Unselect Frame" library="SeleniumLibrary">
<doc>Sets the main frame as the current frame.</doc>
<status status="PASS" starttime="20230508 18:02:24.646" endtime="20230508 18:02:24.647"/>
</kw>
<kw name="Wait Until Page Contains Element" library="SeleniumLibrary">
<arg>xpath://div[contains(@class,'efdkOLo3oigH_95whTYCp _1zyV-XmoYeSNGWjfZiXbPc')]//img[contains(@alt,'User avatar')]</arg>
<doc>Waits until the element ``locator`` appears on the current page.</doc>
<status status="PASS" starttime="20230508 18:02:24.648" endtime="20230508 18:02:28.420"/>
</kw>
<kw name="Wait Until Page Contains Element" library="SeleniumLibrary">
<arg>xpath://div[@class='_1zPvgKHteTOub9dKkvrOl4']</arg>
<doc>Waits until the element ``locator`` appears on the current page.</doc>
<status status="PASS" starttime="20230508 18:02:28.421" endtime="20230508 18:02:28.434"/>
</kw>
<kw name="Capture Page Screenshot" library="SeleniumLibrary">
<doc>Takes a screenshot of the current page and embeds it into a log file.</doc>
<msg timestamp="20230508 18:02:28.710" level="INFO" html="true">&lt;/td&gt;&lt;/tr&gt;&lt;tr&gt;&lt;td colspan="3"&gt;&lt;a href="selenium-screenshot-6.png"&gt;&lt;img src="selenium-screenshot-6.png" width="800px"&gt;&lt;/a&gt;</msg>
<status status="PASS" starttime="20230508 18:02:28.434" endtime="20230508 18:02:28.710"/>
</kw>
<kw name="Close Browser" library="SeleniumLibrary">
<doc>Closes the current browser.</doc>
<status status="PASS" starttime="20230508 18:02:28.710" endtime="20230508 18:02:30.868"/>
</kw>
<doc>Tests the login page functionality of the site, Login</doc>
<status status="PASS" starttime="20230508 18:02:18.096" endtime="20230508 18:02:30.869"/>
</test>
<status status="PASS" starttime="20230508 18:01:32.107" endtime="20230508 18:02:30.871"/>
</suite>
<statistics>
<total>
<stat pass="6" fail="0" skip="0">All Tests</stat>
</total>
<tag>
</tag>
<suite>
<stat pass="6" fail="0" skip="0" id="s1" name="Login page functions">Login page functions</stat>
</suite>
</statistics>
<errors>
</errors>
</robot>
