<?xml version="1.0" encoding="UTF-8"?>
<robot generator="Robot 6.0.2 (Python 3.8.10 on win32)" generated="20230508 19:06:01.643" rpa="false" schemaversion="3">
<suite id="s1" name="FrontPage Testing" source="D:\Downloads\AP4TS - !!!!!NEMAZ!!!!!!\test-done\My_tests\New folder\FrontPage_Testing.robot">
<test id="s1-t1" name="TC_003-001: Get mobile app" line="9">
<kw name="Open Browser" library="SeleniumLibrary">
<arg>${URL}</arg>
<arg>${BROWSER}</arg>
<doc>Opens a new browser instance to the optional ``url``.</doc>
<msg timestamp="20230508 19:06:01.793" level="INFO">Opening browser 'chrome' to base url 'https://www.reddit.com/'.</msg>
<status status="PASS" starttime="20230508 19:06:01.791" endtime="20230508 19:06:07.336"/>
</kw>
<kw name="Maximize Browser Window" library="SeleniumLibrary">
<doc>Maximizes current browser window.</doc>
<status status="PASS" starttime="20230508 19:06:07.336" endtime="20230508 19:06:07.483"/>
</kw>
<kw name="Wait Until Page Contains Element" library="SeleniumLibrary">
<arg>xpath://button[normalize-space()='Accept all']</arg>
<doc>Waits until the element ``locator`` appears on the current page.</doc>
<status status="PASS" starttime="20230508 19:06:07.487" endtime="20230508 19:06:07.543"/>
</kw>
<kw name="Click Element" library="SeleniumLibrary">
<arg>xpath://button[normalize-space()='Accept all']</arg>
<doc>Click the element identified by ``locator``.</doc>
<msg timestamp="20230508 19:06:07.544" level="INFO">Clicking element 'xpath://button[normalize-space()='Accept all']'.</msg>
<status status="PASS" starttime="20230508 19:06:07.544" endtime="20230508 19:06:07.600"/>
</kw>
<kw name="Wait Until Element Is Not Visible" library="SeleniumLibrary">
<arg>xpath://div[@class='_1DK52RbaamLOWw5UPaht_S _3Ig_EsWWVLquWs2yBBQjec _1acwN_tUhJ8w-n7oCp-Aw3']</arg>
<doc>Waits until the element ``locator`` is not visible.</doc>
<status status="PASS" starttime="20230508 19:06:07.600" endtime="20230508 19:06:07.610"/>
</kw>
<kw name="Wait Until Page Contains Element" library="SeleniumLibrary">
<arg>xpath://button[normalize-space()='Get App']</arg>
<doc>Waits until the element ``locator`` appears on the current page.</doc>
<status status="PASS" starttime="20230508 19:06:07.610" endtime="20230508 19:06:07.636"/>
</kw>
<kw name="Click Element" library="SeleniumLibrary">
<arg>xpath://button[normalize-space()='Get App']</arg>
<doc>Click the element identified by ``locator``.</doc>
<msg timestamp="20230508 19:06:07.637" level="INFO">Clicking element 'xpath://button[normalize-space()='Get App']'.</msg>
<status status="PASS" starttime="20230508 19:06:07.637" endtime="20230508 19:06:07.671"/>
</kw>
<kw name="Wait Until Page Contains Element" library="SeleniumLibrary">
<arg>xpath://h3[normalize-space()='Get the Reddit app']</arg>
<doc>Waits until the element ``locator`` appears on the current page.</doc>
<status status="PASS" starttime="20230508 19:06:07.672" endtime="20230508 19:06:07.911"/>
</kw>
<kw name="Wait Until Page Contains Element" library="SeleniumLibrary">
<arg>xpath://span[normalize-space()='Scan this QR code to download the app now']</arg>
<doc>Waits until the element ``locator`` appears on the current page.</doc>
<status status="PASS" starttime="20230508 19:06:07.911" endtime="20230508 19:06:07.923"/>
</kw>
<kw name="Wait Until Page Contains Element" library="SeleniumLibrary">
<arg>xpath://div[contains(@class,'text-center p-md')]</arg>
<doc>Waits until the element ``locator`` appears on the current page.</doc>
<status status="PASS" starttime="20230508 19:06:07.923" endtime="20230508 19:06:07.950"/>
</kw>
<kw name="Capture Page Screenshot" library="SeleniumLibrary">
<doc>Takes a screenshot of the current page and embeds it into a log file.</doc>
<msg timestamp="20230508 19:06:08.141" level="INFO" html="true">&lt;/td&gt;&lt;/tr&gt;&lt;tr&gt;&lt;td colspan="3"&gt;&lt;a href="selenium-screenshot-1.png"&gt;&lt;img src="selenium-screenshot-1.png" width="800px"&gt;&lt;/a&gt;</msg>
<status status="PASS" starttime="20230508 19:06:07.950" endtime="20230508 19:06:08.142"/>
</kw>
<kw name="Close Browser" library="SeleniumLibrary">
<doc>Closes the current browser.</doc>
<status status="PASS" starttime="20230508 19:06:08.142" endtime="20230508 19:06:10.306"/>
</kw>
<doc>Tests the functionality of Get mobile app button</doc>
<status status="PASS" starttime="20230508 19:06:01.791" endtime="20230508 19:06:10.306"/>
</test>
<test id="s1-t2" name="TC_003-002: Search test" line="24">
<kw name="Open Browser" library="SeleniumLibrary">
<arg>${URL}</arg>
<arg>${BROWSER}</arg>
<doc>Opens a new browser instance to the optional ``url``.</doc>
<msg timestamp="20230508 19:06:10.307" level="INFO">Opening browser 'chrome' to base url 'https://www.reddit.com/'.</msg>
<status status="PASS" starttime="20230508 19:06:10.307" endtime="20230508 19:06:15.920"/>
</kw>
<kw name="Maximize Browser Window" library="SeleniumLibrary">
<doc>Maximizes current browser window.</doc>
<status status="PASS" starttime="20230508 19:06:15.921" endtime="20230508 19:06:16.047"/>
</kw>
<kw name="Wait Until Page Contains Element" library="SeleniumLibrary">
<arg>xpath://button[normalize-space()='Accept all']</arg>
<doc>Waits until the element ``locator`` appears on the current page.</doc>
<status status="PASS" starttime="20230508 19:06:16.048" endtime="20230508 19:06:16.071"/>
</kw>
<kw name="Click Element" library="SeleniumLibrary">
<arg>xpath://button[normalize-space()='Accept all']</arg>
<doc>Click the element identified by ``locator``.</doc>
<msg timestamp="20230508 19:06:16.072" level="INFO">Clicking element 'xpath://button[normalize-space()='Accept all']'.</msg>
<status status="PASS" starttime="20230508 19:06:16.072" endtime="20230508 19:06:16.175"/>
</kw>
<kw name="Wait Until Element Is Not Visible" library="SeleniumLibrary">
<arg>xpath://div[@class='_1DK52RbaamLOWw5UPaht_S _3Ig_EsWWVLquWs2yBBQjec _1acwN_tUhJ8w-n7oCp-Aw3']</arg>
<doc>Waits until the element ``locator`` is not visible.</doc>
<status status="PASS" starttime="20230508 19:06:16.176" endtime="20230508 19:06:16.188"/>
</kw>
<kw name="Wait Until Page Contains Element" library="SeleniumLibrary">
<arg>xpath://input[@id='header-search-bar']</arg>
<doc>Waits until the element ``locator`` appears on the current page.</doc>
<status status="PASS" starttime="20230508 19:06:16.189" endtime="20230508 19:06:16.200"/>
</kw>
<kw name="Input Text" library="SeleniumLibrary">
<arg>xpath://input[@id='header-search-bar']</arg>
<arg>dogs</arg>
<doc>Types the given ``text`` into the text field identified by ``locator``.</doc>
<msg timestamp="20230508 19:06:16.201" level="INFO">Typing text 'dogs' into text field 'xpath://input[@id='header-search-bar']'.</msg>
<status status="PASS" starttime="20230508 19:06:16.200" endtime="20230508 19:06:16.353"/>
</kw>
<kw name="Press Key" library="SeleniumLibrary">
<arg>xpath://input[@name='q']</arg>
<arg>\\13</arg>
<doc>*DEPRECATED in SeleniumLibrary 4.0.* use `Press Keys` instead.</doc>
<msg timestamp="20230508 19:06:16.353" level="WARN">Keyword 'SeleniumLibrary.Press Key' is deprecated. use `Press Keys` instead.</msg>
<status status="PASS" starttime="20230508 19:06:16.353" endtime="20230508 19:06:16.384"/>
</kw>
<kw name="Wait Until Page Contains" library="SeleniumLibrary">
<arg>dogs</arg>
<doc>Waits until ``text`` appears on the current page.</doc>
<status status="PASS" starttime="20230508 19:06:16.384" endtime="20230508 19:06:16.623"/>
</kw>
<kw name="Capture Page Screenshot" library="SeleniumLibrary">
<doc>Takes a screenshot of the current page and embeds it into a log file.</doc>
<msg timestamp="20230508 19:06:16.846" level="INFO" html="true">&lt;/td&gt;&lt;/tr&gt;&lt;tr&gt;&lt;td colspan="3"&gt;&lt;a href="selenium-screenshot-2.png"&gt;&lt;img src="selenium-screenshot-2.png" width="800px"&gt;&lt;/a&gt;</msg>
<status status="PASS" starttime="20230508 19:06:16.624" endtime="20230508 19:06:16.846"/>
</kw>
<kw name="Close Browser" library="SeleniumLibrary">
<doc>Closes the current browser.</doc>
<status status="PASS" starttime="20230508 19:06:16.846" endtime="20230508 19:06:19.006"/>
</kw>
<doc>Tests the search functionality of Reddit</doc>
<status status="PASS" starttime="20230508 19:06:10.306" endtime="20230508 19:06:19.007"/>
</test>
<test id="s1-t3" name="TC_003-003: Policy test" line="38">
<kw name="Open Browser" library="SeleniumLibrary">
<arg>${URL}</arg>
<arg>${BROWSER}</arg>
<doc>Opens a new browser instance to the optional ``url``.</doc>
<msg timestamp="20230508 19:06:19.009" level="INFO">Opening browser 'chrome' to base url 'https://www.reddit.com/'.</msg>
<status status="PASS" starttime="20230508 19:06:19.008" endtime="20230508 19:06:24.239"/>
</kw>
<kw name="Maximize Browser Window" library="SeleniumLibrary">
<doc>Maximizes current browser window.</doc>
<status status="PASS" starttime="20230508 19:06:24.240" endtime="20230508 19:06:24.387"/>
</kw>
<kw name="Wait Until Page Contains Element" library="SeleniumLibrary">
<arg>xpath://button[normalize-space()='Accept all']</arg>
<doc>Waits until the element ``locator`` appears on the current page.</doc>
<status status="PASS" starttime="20230508 19:06:24.391" endtime="20230508 19:06:24.458"/>
</kw>
<kw name="Click Element" library="SeleniumLibrary">
<arg>xpath://button[normalize-space()='Accept all']</arg>
<doc>Click the element identified by ``locator``.</doc>
<msg timestamp="20230508 19:06:24.458" level="INFO">Clicking element 'xpath://button[normalize-space()='Accept all']'.</msg>
<status status="PASS" starttime="20230508 19:06:24.458" endtime="20230508 19:06:24.544"/>
</kw>
<kw name="Wait Until Element Is Not Visible" library="SeleniumLibrary">
<arg>xpath://div[@class='_1DK52RbaamLOWw5UPaht_S _3Ig_EsWWVLquWs2yBBQjec _1acwN_tUhJ8w-n7oCp-Aw3']</arg>
<doc>Waits until the element ``locator`` is not visible.</doc>
<status status="PASS" starttime="20230508 19:06:24.545" endtime="20230508 19:06:24.571"/>
</kw>
<kw name="Wait Until Page Contains Element" library="SeleniumLibrary">
<arg>xpath://a[normalize-space()='User Agreement']</arg>
<doc>Waits until the element ``locator`` appears on the current page.</doc>
<status status="PASS" starttime="20230508 19:06:24.571" endtime="20230508 19:06:24.583"/>
</kw>
<kw name="Click Element" library="SeleniumLibrary">
<arg>xpath://a[normalize-space()='User Agreement']</arg>
<doc>Click the element identified by ``locator``.</doc>
<msg timestamp="20230508 19:06:24.584" level="INFO">Clicking element 'xpath://a[normalize-space()='User Agreement']'.</msg>
<status status="PASS" starttime="20230508 19:06:24.583" endtime="20230508 19:06:25.504"/>
</kw>
<kw name="Wait Until Page Contains Element" library="SeleniumLibrary">
<arg>xpath://h1[normalize-space()='Reddit User Agreement']</arg>
<doc>Waits until the element ``locator`` appears on the current page.</doc>
<status status="PASS" starttime="20230508 19:06:25.504" endtime="20230508 19:06:25.514"/>
</kw>
<kw name="Location Should Be" library="SeleniumLibrary">
<arg>https://www.redditinc.com/policies/user-agreement</arg>
<doc>Verifies that the current URL is exactly ``url``.</doc>
<msg timestamp="20230508 19:06:25.521" level="INFO">Current location is 'https://www.redditinc.com/policies/user-agreement'.</msg>
<status status="PASS" starttime="20230508 19:06:25.516" endtime="20230508 19:06:25.521"/>
</kw>
<kw name="Capture Page Screenshot" library="SeleniumLibrary">
<doc>Takes a screenshot of the current page and embeds it into a log file.</doc>
<msg timestamp="20230508 19:06:25.702" level="INFO" html="true">&lt;/td&gt;&lt;/tr&gt;&lt;tr&gt;&lt;td colspan="3"&gt;&lt;a href="selenium-screenshot-3.png"&gt;&lt;img src="selenium-screenshot-3.png" width="800px"&gt;&lt;/a&gt;</msg>
<status status="PASS" starttime="20230508 19:06:25.521" endtime="20230508 19:06:25.702"/>
</kw>
<kw name="Close Browser" library="SeleniumLibrary">
<doc>Closes the current browser.</doc>
<status status="PASS" starttime="20230508 19:06:25.702" endtime="20230508 19:06:27.858"/>
</kw>
<doc>Tests the policy functionality of Reddit</doc>
<status status="PASS" starttime="20230508 19:06:19.008" endtime="20230508 19:06:27.858"/>
</test>
<test id="s1-t4" name="TC_003-004: Policy test" line="52">
<kw name="Open Browser" library="SeleniumLibrary">
<arg>${URL}</arg>
<arg>${BROWSER}</arg>
<doc>Opens a new browser instance to the optional ``url``.</doc>
<msg timestamp="20230508 19:06:27.860" level="INFO">Opening browser 'chrome' to base url 'https://www.reddit.com/'.</msg>
<status status="PASS" starttime="20230508 19:06:27.860" endtime="20230508 19:06:33.366"/>
</kw>
<kw name="Maximize Browser Window" library="SeleniumLibrary">
<doc>Maximizes current browser window.</doc>
<status status="PASS" starttime="20230508 19:06:33.367" endtime="20230508 19:06:33.539"/>
</kw>
<kw name="Wait Until Page Contains Element" library="SeleniumLibrary">
<arg>xpath://button[normalize-space()='Accept all']</arg>
<doc>Waits until the element ``locator`` appears on the current page.</doc>
<status status="PASS" starttime="20230508 19:06:33.539" endtime="20230508 19:06:33.591"/>
</kw>
<kw name="Click Element" library="SeleniumLibrary">
<arg>xpath://button[normalize-space()='Accept all']</arg>
<doc>Click the element identified by ``locator``.</doc>
<msg timestamp="20230508 19:06:33.592" level="INFO">Clicking element 'xpath://button[normalize-space()='Accept all']'.</msg>
<status status="PASS" starttime="20230508 19:06:33.592" endtime="20230508 19:06:33.693"/>
</kw>
<kw name="Wait Until Element Is Not Visible" library="SeleniumLibrary">
<arg>xpath://div[@class='_1DK52RbaamLOWw5UPaht_S _3Ig_EsWWVLquWs2yBBQjec _1acwN_tUhJ8w-n7oCp-Aw3']</arg>
<doc>Waits until the element ``locator`` is not visible.</doc>
<status status="PASS" starttime="20230508 19:06:33.693" endtime="20230508 19:06:33.719"/>
</kw>
<kw name="Wait Until Page Contains Element" library="SeleniumLibrary">
<arg>xpath://a[normalize-space()='Content policy']</arg>
<doc>Waits until the element ``locator`` appears on the current page.</doc>
<status status="PASS" starttime="20230508 19:06:33.719" endtime="20230508 19:06:33.729"/>
</kw>
<kw name="Click Element" library="SeleniumLibrary">
<arg>xpath://a[normalize-space()='Content policy']</arg>
<doc>Click the element identified by ``locator``.</doc>
<msg timestamp="20230508 19:06:33.730" level="INFO">Clicking element 'xpath://a[normalize-space()='Content policy']'.</msg>
<status status="PASS" starttime="20230508 19:06:33.730" endtime="20230508 19:06:34.463"/>
</kw>
<kw name="Wait Until Page Contains Element" library="SeleniumLibrary">
<arg>xpath://h1[normalize-space()='Reddit Content Policy']</arg>
<doc>Waits until the element ``locator`` appears on the current page.</doc>
<status status="PASS" starttime="20230508 19:06:34.463" endtime="20230508 19:06:34.473"/>
</kw>
<kw name="Location Should Be" library="SeleniumLibrary">
<arg>https://www.redditinc.com/policies/content-policy</arg>
<doc>Verifies that the current URL is exactly ``url``.</doc>
<msg timestamp="20230508 19:06:34.478" level="INFO">Current location is 'https://www.redditinc.com/policies/content-policy'.</msg>
<status status="PASS" starttime="20230508 19:06:34.474" endtime="20230508 19:06:34.478"/>
</kw>
<kw name="Capture Page Screenshot" library="SeleniumLibrary">
<doc>Takes a screenshot of the current page and embeds it into a log file.</doc>
<msg timestamp="20230508 19:06:34.686" level="INFO" html="true">&lt;/td&gt;&lt;/tr&gt;&lt;tr&gt;&lt;td colspan="3"&gt;&lt;a href="selenium-screenshot-4.png"&gt;&lt;img src="selenium-screenshot-4.png" width="800px"&gt;&lt;/a&gt;</msg>
<status status="PASS" starttime="20230508 19:06:34.479" endtime="20230508 19:06:34.686"/>
</kw>
<kw name="Close Browser" library="SeleniumLibrary">
<doc>Closes the current browser.</doc>
<status status="PASS" starttime="20230508 19:06:34.686" endtime="20230508 19:06:36.835"/>
</kw>
<doc>Tests the policy functionality of Reddit</doc>
<status status="PASS" starttime="20230508 19:06:27.859" endtime="20230508 19:06:36.835"/>
</test>
<test id="s1-t5" name="TC_003-005: Popular comunities test - askreddit" line="66">
<kw name="Open Browser" library="SeleniumLibrary">
<arg>${URL}</arg>
<arg>${BROWSER}</arg>
<doc>Opens a new browser instance to the optional ``url``.</doc>
<msg timestamp="20230508 19:06:36.837" level="INFO">Opening browser 'chrome' to base url 'https://www.reddit.com/'.</msg>
<status status="PASS" starttime="20230508 19:06:36.837" endtime="20230508 19:06:42.589"/>
</kw>
<kw name="Maximize Browser Window" library="SeleniumLibrary">
<doc>Maximizes current browser window.</doc>
<status status="PASS" starttime="20230508 19:06:42.590" endtime="20230508 19:06:42.766"/>
</kw>
<kw name="Wait Until Page Contains Element" library="SeleniumLibrary">
<arg>xpath://button[normalize-space()='Accept all']</arg>
<doc>Waits until the element ``locator`` appears on the current page.</doc>
<status status="PASS" starttime="20230508 19:06:42.766" endtime="20230508 19:06:42.810"/>
</kw>
<kw name="Click Element" library="SeleniumLibrary">
<arg>xpath://button[normalize-space()='Accept all']</arg>
<doc>Click the element identified by ``locator``.</doc>
<msg timestamp="20230508 19:06:42.810" level="INFO">Clicking element 'xpath://button[normalize-space()='Accept all']'.</msg>
<status status="PASS" starttime="20230508 19:06:42.810" endtime="20230508 19:06:42.877"/>
</kw>
<kw name="Wait Until Element Is Not Visible" library="SeleniumLibrary">
<arg>xpath://div[@class='_1DK52RbaamLOWw5UPaht_S _3Ig_EsWWVLquWs2yBBQjec _1acwN_tUhJ8w-n7oCp-Aw3']</arg>
<doc>Waits until the element ``locator`` is not visible.</doc>
<status status="PASS" starttime="20230508 19:06:42.878" endtime="20230508 19:06:42.908"/>
</kw>
<kw name="Wait Until Page Contains Element" library="SeleniumLibrary">
<arg>xpath://a[normalize-space()='AskReddit']</arg>
<doc>Waits until the element ``locator`` appears on the current page.</doc>
<status status="PASS" starttime="20230508 19:06:42.908" endtime="20230508 19:06:42.945"/>
</kw>
<kw name="Click Element" library="SeleniumLibrary">
<arg>xpath://a[normalize-space()='AskReddit']</arg>
<doc>Click the element identified by ``locator``.</doc>
<msg timestamp="20230508 19:06:42.946" level="INFO">Clicking element 'xpath://a[normalize-space()='AskReddit']'.</msg>
<status status="PASS" starttime="20230508 19:06:42.946" endtime="20230508 19:06:43.124"/>
</kw>
<kw name="Wait Until Page Contains Element" library="SeleniumLibrary">
<arg>xpath://h2[@class='_33aRtz9JtW0dIrBNKFAl0y']</arg>
<doc>Waits until the element ``locator`` appears on the current page.</doc>
<status status="PASS" starttime="20230508 19:06:43.124" endtime="20230508 19:06:43.377"/>
</kw>
<kw name="Location Should Be" library="SeleniumLibrary">
<arg>https://www.reddit.com/r/AskReddit/</arg>
<doc>Verifies that the current URL is exactly ``url``.</doc>
<msg timestamp="20230508 19:06:43.385" level="INFO">Current location is 'https://www.reddit.com/r/AskReddit/'.</msg>
<status status="PASS" starttime="20230508 19:06:43.378" endtime="20230508 19:06:43.385"/>
</kw>
<kw name="Capture Page Screenshot" library="SeleniumLibrary">
<doc>Takes a screenshot of the current page and embeds it into a log file.</doc>
<msg timestamp="20230508 19:06:43.598" level="INFO" html="true">&lt;/td&gt;&lt;/tr&gt;&lt;tr&gt;&lt;td colspan="3"&gt;&lt;a href="selenium-screenshot-5.png"&gt;&lt;img src="selenium-screenshot-5.png" width="800px"&gt;&lt;/a&gt;</msg>
<status status="PASS" starttime="20230508 19:06:43.386" endtime="20230508 19:06:43.598"/>
</kw>
<kw name="Close Browser" library="SeleniumLibrary">
<doc>Closes the current browser.</doc>
<status status="PASS" starttime="20230508 19:06:43.598" endtime="20230508 19:06:45.752"/>
</kw>
<doc>Tests the functionality of Popular comunities on Reddit</doc>
<status status="PASS" starttime="20230508 19:06:36.836" endtime="20230508 19:06:45.752"/>
</test>
<test id="s1-t6" name="TC_003-006: Popular comunities test - NoStupidQuestions" line="80">
<kw name="Open Browser" library="SeleniumLibrary">
<arg>${URL}</arg>
<arg>${BROWSER}</arg>
<doc>Opens a new browser instance to the optional ``url``.</doc>
<msg timestamp="20230508 19:06:45.754" level="INFO">Opening browser 'chrome' to base url 'https://www.reddit.com/'.</msg>
<status status="PASS" starttime="20230508 19:06:45.754" endtime="20230508 19:06:51.103"/>
</kw>
<kw name="Maximize Browser Window" library="SeleniumLibrary">
<doc>Maximizes current browser window.</doc>
<status status="PASS" starttime="20230508 19:06:51.104" endtime="20230508 19:06:51.234"/>
</kw>
<kw name="Wait Until Page Contains Element" library="SeleniumLibrary">
<arg>xpath://button[normalize-space()='Accept all']</arg>
<doc>Waits until the element ``locator`` appears on the current page.</doc>
<status status="PASS" starttime="20230508 19:06:51.234" endtime="20230508 19:06:51.296"/>
</kw>
<kw name="Click Element" library="SeleniumLibrary">
<arg>xpath://button[normalize-space()='Accept all']</arg>
<doc>Click the element identified by ``locator``.</doc>
<msg timestamp="20230508 19:06:51.297" level="INFO">Clicking element 'xpath://button[normalize-space()='Accept all']'.</msg>
<status status="PASS" starttime="20230508 19:06:51.296" endtime="20230508 19:06:51.358"/>
</kw>
<kw name="Wait Until Element Is Not Visible" library="SeleniumLibrary">
<arg>xpath://div[@class='_1DK52RbaamLOWw5UPaht_S _3Ig_EsWWVLquWs2yBBQjec _1acwN_tUhJ8w-n7oCp-Aw3']</arg>
<doc>Waits until the element ``locator`` is not visible.</doc>
<status status="PASS" starttime="20230508 19:06:51.359" endtime="20230508 19:06:51.370"/>
</kw>
<kw name="Wait Until Page Contains Element" library="SeleniumLibrary">
<arg>xpath://a[normalize-space()='NoStupidQuestions']</arg>
<doc>Waits until the element ``locator`` appears on the current page.</doc>
<status status="PASS" starttime="20230508 19:06:51.370" endtime="20230508 19:06:51.378"/>
</kw>
<kw name="Click Element" library="SeleniumLibrary">
<arg>xpath://a[normalize-space()='NoStupidQuestions']</arg>
<doc>Click the element identified by ``locator``.</doc>
<msg timestamp="20230508 19:06:51.379" level="INFO">Clicking element 'xpath://a[normalize-space()='NoStupidQuestions']'.</msg>
<status status="PASS" starttime="20230508 19:06:51.378" endtime="20230508 19:06:51.521"/>
</kw>
<kw name="Wait Until Page Contains Element" library="SeleniumLibrary">
<arg>xpath://h2[@class='_33aRtz9JtW0dIrBNKFAl0y']</arg>
<doc>Waits until the element ``locator`` appears on the current page.</doc>
<status status="PASS" starttime="20230508 19:06:51.521" endtime="20230508 19:06:53.926"/>
</kw>
<kw name="Location Should Be" library="SeleniumLibrary">
<arg>https://www.reddit.com/r/NoStupidQuestions/</arg>
<doc>Verifies that the current URL is exactly ``url``.</doc>
<msg timestamp="20230508 19:06:54.008" level="INFO">Current location is 'https://www.reddit.com/r/NoStupidQuestions/'.</msg>
<status status="PASS" starttime="20230508 19:06:53.926" endtime="20230508 19:06:54.008"/>
</kw>
<kw name="Capture Page Screenshot" library="SeleniumLibrary">
<doc>Takes a screenshot of the current page and embeds it into a log file.</doc>
<msg timestamp="20230508 19:06:54.229" level="INFO" html="true">&lt;/td&gt;&lt;/tr&gt;&lt;tr&gt;&lt;td colspan="3"&gt;&lt;a href="selenium-screenshot-6.png"&gt;&lt;img src="selenium-screenshot-6.png" width="800px"&gt;&lt;/a&gt;</msg>
<status status="PASS" starttime="20230508 19:06:54.008" endtime="20230508 19:06:54.229"/>
</kw>
<kw name="Close Browser" library="SeleniumLibrary">
<doc>Closes the current browser.</doc>
<status status="PASS" starttime="20230508 19:06:54.230" endtime="20230508 19:06:56.421"/>
</kw>
<doc>Tests the functionality of Popular comunities on Reddit</doc>
<status status="PASS" starttime="20230508 19:06:45.753" endtime="20230508 19:06:56.422"/>
</test>
<test id="s1-t7" name="TC_003-007: Popular comunities test - OutOfTheLoop" line="94">
<kw name="Open Browser" library="SeleniumLibrary">
<arg>${URL}</arg>
<arg>${BROWSER}</arg>
<doc>Opens a new browser instance to the optional ``url``.</doc>
<msg timestamp="20230508 19:06:56.423" level="INFO">Opening browser 'chrome' to base url 'https://www.reddit.com/'.</msg>
<status status="PASS" starttime="20230508 19:06:56.423" endtime="20230508 19:07:02.011"/>
</kw>
<kw name="Maximize Browser Window" library="SeleniumLibrary">
<doc>Maximizes current browser window.</doc>
<status status="PASS" starttime="20230508 19:07:02.013" endtime="20230508 19:07:02.150"/>
</kw>
<kw name="Wait Until Page Contains Element" library="SeleniumLibrary">
<arg>xpath://button[normalize-space()='Accept all']</arg>
<doc>Waits until the element ``locator`` appears on the current page.</doc>
<status status="PASS" starttime="20230508 19:07:02.150" endtime="20230508 19:07:02.197"/>
</kw>
<kw name="Click Element" library="SeleniumLibrary">
<arg>xpath://button[normalize-space()='Accept all']</arg>
<doc>Click the element identified by ``locator``.</doc>
<msg timestamp="20230508 19:07:02.198" level="INFO">Clicking element 'xpath://button[normalize-space()='Accept all']'.</msg>
<status status="PASS" starttime="20230508 19:07:02.198" endtime="20230508 19:07:02.276"/>
</kw>
<kw name="Wait Until Element Is Not Visible" library="SeleniumLibrary">
<arg>xpath://div[@class='_1DK52RbaamLOWw5UPaht_S _3Ig_EsWWVLquWs2yBBQjec _1acwN_tUhJ8w-n7oCp-Aw3']</arg>
<doc>Waits until the element ``locator`` is not visible.</doc>
<status status="PASS" starttime="20230508 19:07:02.276" endtime="20230508 19:07:02.308"/>
</kw>
<kw name="Wait Until Page Contains Element" library="SeleniumLibrary">
<arg>xpath://button[@role='button'][normalize-space()='See more']</arg>
<doc>Waits until the element ``locator`` appears on the current page.</doc>
<status status="PASS" starttime="20230508 19:07:02.308" endtime="20230508 19:07:02.344"/>
</kw>
<kw name="Click Element" library="SeleniumLibrary">
<arg>xpath://button[@role='button'][normalize-space()='See more']</arg>
<doc>Click the element identified by ``locator``.</doc>
<msg timestamp="20230508 19:07:02.345" level="INFO">Clicking element 'xpath://button[@role='button'][normalize-space()='See more']'.</msg>
<status status="PASS" starttime="20230508 19:07:02.345" endtime="20230508 19:07:02.411"/>
</kw>
<kw name="Wait Until Page Contains Element" library="SeleniumLibrary">
<arg>xpath://a[normalize-space()='OutOfTheLoop']</arg>
<doc>Waits until the element ``locator`` appears on the current page.</doc>
<status status="PASS" starttime="20230508 19:07:02.411" endtime="20230508 19:07:02.425"/>
</kw>
<kw name="Click Element" library="SeleniumLibrary">
<arg>xpath://a[normalize-space()='OutOfTheLoop']</arg>
<doc>Click the element identified by ``locator``.</doc>
<msg timestamp="20230508 19:07:02.425" level="INFO">Clicking element 'xpath://a[normalize-space()='OutOfTheLoop']'.</msg>
<status status="PASS" starttime="20230508 19:07:02.425" endtime="20230508 19:07:02.542"/>
</kw>
<kw name="Location Should Be" library="SeleniumLibrary">
<arg>https://www.reddit.com/r/OutOfTheLoop/</arg>
<doc>Verifies that the current URL is exactly ``url``.</doc>
<msg timestamp="20230508 19:07:02.548" level="INFO">Current location is 'https://www.reddit.com/r/OutOfTheLoop/'.</msg>
<status status="PASS" starttime="20230508 19:07:02.542" endtime="20230508 19:07:02.548"/>
</kw>
<kw name="Wait Until Page Contains Element" library="SeleniumLibrary">
<arg>xpath://h1[normalize-space()='OutOfTheLoop']</arg>
<doc>Waits until the element ``locator`` appears on the current page.</doc>
<status status="PASS" starttime="20230508 19:07:02.548" endtime="20230508 19:07:02.770"/>
</kw>
<kw name="Capture Page Screenshot" library="SeleniumLibrary">
<doc>Takes a screenshot of the current page and embeds it into a log file.</doc>
<msg timestamp="20230508 19:07:02.961" level="INFO" html="true">&lt;/td&gt;&lt;/tr&gt;&lt;tr&gt;&lt;td colspan="3"&gt;&lt;a href="selenium-screenshot-7.png"&gt;&lt;img src="selenium-screenshot-7.png" width="800px"&gt;&lt;/a&gt;</msg>
<status status="PASS" starttime="20230508 19:07:02.770" endtime="20230508 19:07:02.961"/>
</kw>
<kw name="Close Browser" library="SeleniumLibrary">
<doc>Closes the current browser.</doc>
<status status="PASS" starttime="20230508 19:07:02.961" endtime="20230508 19:07:05.129"/>
</kw>
<doc>Tests the functionality of see more button Popular comunities on Reddit</doc>
<status status="PASS" starttime="20230508 19:06:56.422" endtime="20230508 19:07:05.129"/>
</test>
<test id="s1-t8" name="TC_003-008: ClickRedditLogoTest" line="110">
<kw name="Open Browser" library="SeleniumLibrary">
<arg>${URL}</arg>
<arg>${BROWSER}</arg>
<doc>Opens a new browser instance to the optional ``url``.</doc>
<msg timestamp="20230508 19:07:05.131" level="INFO">Opening browser 'chrome' to base url 'https://www.reddit.com/'.</msg>
<status status="PASS" starttime="20230508 19:07:05.131" endtime="20230508 19:07:10.763"/>
</kw>
<kw name="Maximize Browser Window" library="SeleniumLibrary">
<doc>Maximizes current browser window.</doc>
<status status="PASS" starttime="20230508 19:07:10.763" endtime="20230508 19:07:10.893"/>
</kw>
<kw name="Wait Until Page Contains Element" library="SeleniumLibrary">
<arg>xpath://button[normalize-space()='Accept all']</arg>
<doc>Waits until the element ``locator`` appears on the current page.</doc>
<status status="PASS" starttime="20230508 19:07:10.893" endtime="20230508 19:07:10.963"/>
</kw>
<kw name="Click Element" library="SeleniumLibrary">
<arg>xpath://button[normalize-space()='Accept all']</arg>
<doc>Click the element identified by ``locator``.</doc>
<msg timestamp="20230508 19:07:10.964" level="INFO">Clicking element 'xpath://button[normalize-space()='Accept all']'.</msg>
<status status="PASS" starttime="20230508 19:07:10.963" endtime="20230508 19:07:11.113"/>
</kw>
<kw name="Wait Until Element Is Not Visible" library="SeleniumLibrary">
<arg>xpath://div[@class='_1DK52RbaamLOWw5UPaht_S _3Ig_EsWWVLquWs2yBBQjec _1acwN_tUhJ8w-n7oCp-Aw3']</arg>
<doc>Waits until the element ``locator`` is not visible.</doc>
<status status="PASS" starttime="20230508 19:07:11.113" endtime="20230508 19:07:11.123"/>
</kw>
<kw name="Wait Until Page Contains Element" library="SeleniumLibrary">
<arg>xpath://a[normalize-space()='NoStupidQuestions']</arg>
<doc>Waits until the element ``locator`` appears on the current page.</doc>
<status status="PASS" starttime="20230508 19:07:11.124" endtime="20230508 19:07:11.135"/>
</kw>
<kw name="Click Element" library="SeleniumLibrary">
<arg>xpath://a[normalize-space()='NoStupidQuestions']</arg>
<doc>Click the element identified by ``locator``.</doc>
<msg timestamp="20230508 19:07:11.137" level="INFO">Clicking element 'xpath://a[normalize-space()='NoStupidQuestions']'.</msg>
<status status="PASS" starttime="20230508 19:07:11.137" endtime="20230508 19:07:11.244"/>
</kw>
<kw name="Wait Until Page Contains Element" library="SeleniumLibrary">
<arg>xpath://h2[@class='_33aRtz9JtW0dIrBNKFAl0y']</arg>
<doc>Waits until the element ``locator`` appears on the current page.</doc>
<status status="PASS" starttime="20230508 19:07:11.244" endtime="20230508 19:07:12.871"/>
</kw>
<kw name="Location Should Be" library="SeleniumLibrary">
<arg>https://www.reddit.com/r/NoStupidQuestions/</arg>
<doc>Verifies that the current URL is exactly ``url``.</doc>
<msg timestamp="20230508 19:07:12.902" level="INFO">Current location is 'https://www.reddit.com/r/NoStupidQuestions/'.</msg>
<status status="PASS" starttime="20230508 19:07:12.872" endtime="20230508 19:07:12.902"/>
</kw>
<kw name="Wait Until Page Contains Element" library="SeleniumLibrary">
<arg>xpath://a[@aria-label='Home']</arg>
<doc>Waits until the element ``locator`` appears on the current page.</doc>
<status status="PASS" starttime="20230508 19:07:12.902" endtime="20230508 19:07:12.911"/>
</kw>
<kw name="Click Element" library="SeleniumLibrary">
<arg>xpath://a[@aria-label='Home']</arg>
<doc>Click the element identified by ``locator``.</doc>
<msg timestamp="20230508 19:07:12.912" level="INFO">Clicking element 'xpath://a[@aria-label='Home']'.</msg>
<status status="PASS" starttime="20230508 19:07:12.912" endtime="20230508 19:07:13.273"/>
</kw>
<kw name="Wait Until Page Contains Element" library="SeleniumLibrary">
<arg>xpath://a[@aria-label='Home']</arg>
<doc>Waits until the element ``locator`` appears on the current page.</doc>
<status status="PASS" starttime="20230508 19:07:13.273" endtime="20230508 19:07:13.311"/>
</kw>
<kw name="Click Element" library="SeleniumLibrary">
<arg>xpath://a[@aria-label='Home']</arg>
<doc>Click the element identified by ``locator``.</doc>
<msg timestamp="20230508 19:07:13.312" level="INFO">Clicking element 'xpath://a[@aria-label='Home']'.</msg>
<status status="PASS" starttime="20230508 19:07:13.311" endtime="20230508 19:07:13.377"/>
</kw>
<kw name="Location Should Be" library="SeleniumLibrary">
<arg>https://www.reddit.com/</arg>
<doc>Verifies that the current URL is exactly ``url``.</doc>
<msg timestamp="20230508 19:07:13.386" level="INFO">Current location is 'https://www.reddit.com/'.</msg>
<status status="PASS" starttime="20230508 19:07:13.377" endtime="20230508 19:07:13.386"/>
</kw>
<kw name="Capture Page Screenshot" library="SeleniumLibrary">
<doc>Takes a screenshot of the current page and embeds it into a log file.</doc>
<msg timestamp="20230508 19:07:13.642" level="INFO" html="true">&lt;/td&gt;&lt;/tr&gt;&lt;tr&gt;&lt;td colspan="3"&gt;&lt;a href="selenium-screenshot-8.png"&gt;&lt;img src="selenium-screenshot-8.png" width="800px"&gt;&lt;/a&gt;</msg>
<status status="PASS" starttime="20230508 19:07:13.386" endtime="20230508 19:07:13.642"/>
</kw>
<kw name="Close Browser" library="SeleniumLibrary">
<doc>Closes the current browser.</doc>
<status status="PASS" starttime="20230508 19:07:13.643" endtime="20230508 19:07:15.809"/>
</kw>
<doc>Tests clicking on the Reddit logo at the top left</doc>
<status status="PASS" starttime="20230508 19:07:05.130" endtime="20230508 19:07:15.811"/>
</test>
<status status="PASS" starttime="20230508 19:06:01.644" endtime="20230508 19:07:15.816"/>
</suite>
<statistics>
<total>
<stat pass="8" fail="0" skip="0">All Tests</stat>
</total>
<tag>
</tag>
<suite>
<stat pass="8" fail="0" skip="0" id="s1" name="FrontPage Testing">FrontPage Testing</stat>
</suite>
</statistics>
<errors>
<msg timestamp="20230508 19:06:16.353" level="WARN">Keyword 'SeleniumLibrary.Press Key' is deprecated. use `Press Keys` instead.</msg>
</errors>
</robot>
