<?xml version="1.0" encoding="UTF-8"?>
<robot generator="Robot 6.0.2 (Python 3.8.10 on win32)" generated="20230508 19:23:14.508" rpa="false" schemaversion="3">
<suite id="s1" name="Dropdown menu Test" source="D:\Downloads\AP4TS - !!!!!NEMAZ!!!!!!\test-done\My_tests\TS_004 - Dropdown_menu_Test + output\Dropdown_menu_Test.robot">
<test id="s1-t1" name="TC_004-001: Dropdown menu Test - iOS" line="9">
<kw name="Open Browser" library="SeleniumLibrary">
<arg>${URL}</arg>
<arg>${BROWSER}</arg>
<doc>Opens a new browser instance to the optional ``url``.</doc>
<msg timestamp="20230508 19:23:14.657" level="INFO">Opening browser 'chrome' to base url 'https://www.reddit.com/'.</msg>
<status status="PASS" starttime="20230508 19:23:14.657" endtime="20230508 19:23:20.082"/>
</kw>
<kw name="Maximize Browser Window" library="SeleniumLibrary">
<doc>Maximizes current browser window.</doc>
<status status="PASS" starttime="20230508 19:23:20.082" endtime="20230508 19:23:20.230"/>
</kw>
<kw name="Wait Until Page Contains Element" library="SeleniumLibrary">
<arg>xpath://button[normalize-space()='Accept all']</arg>
<doc>Waits until the element ``locator`` appears on the current page.</doc>
<status status="PASS" starttime="20230508 19:23:20.231" endtime="20230508 19:23:20.256"/>
</kw>
<kw name="Click Element" library="SeleniumLibrary">
<arg>xpath://button[normalize-space()='Accept all']</arg>
<doc>Click the element identified by ``locator``.</doc>
<msg timestamp="20230508 19:23:20.257" level="INFO">Clicking element 'xpath://button[normalize-space()='Accept all']'.</msg>
<status status="PASS" starttime="20230508 19:23:20.256" endtime="20230508 19:23:20.342"/>
</kw>
<kw name="Wait Until Element Is Not Visible" library="SeleniumLibrary">
<arg>xpath://div[@class='_1DK52RbaamLOWw5UPaht_S _3Ig_EsWWVLquWs2yBBQjec _1acwN_tUhJ8w-n7oCp-Aw3']</arg>
<doc>Waits until the element ``locator`` is not visible.</doc>
<status status="PASS" starttime="20230508 19:23:20.342" endtime="20230508 19:23:20.369"/>
</kw>
<kw name="Wait Until Page Contains Element" library="SeleniumLibrary">
<arg>xpath://button[@id='USER_DROPDOWN_ID']</arg>
<doc>Waits until the element ``locator`` appears on the current page.</doc>
<status status="PASS" starttime="20230508 19:23:20.369" endtime="20230508 19:23:20.379"/>
</kw>
<kw name="Click Element" library="SeleniumLibrary">
<arg>xpath://button[@id='USER_DROPDOWN_ID']</arg>
<doc>Click the element identified by ``locator``.</doc>
<msg timestamp="20230508 19:23:20.380" level="INFO">Clicking element 'xpath://button[@id='USER_DROPDOWN_ID']'.</msg>
<status status="PASS" starttime="20230508 19:23:20.379" endtime="20230508 19:23:20.476"/>
</kw>
<kw name="Wait Until Page Contains Element" library="SeleniumLibrary">
<arg>xpath://body/div/div[contains(@role,'menu')]/button[1]</arg>
<doc>Waits until the element ``locator`` appears on the current page.</doc>
<status status="PASS" starttime="20230508 19:23:20.477" endtime="20230508 19:23:20.492"/>
</kw>
<kw name="Click Element" library="SeleniumLibrary">
<arg>xpath://body/div/div[contains(@role,'menu')]/button[1]</arg>
<doc>Click the element identified by ``locator``.</doc>
<msg timestamp="20230508 19:23:20.492" level="INFO">Clicking element 'xpath://body/div/div[contains(@role,'menu')]/button[1]'.</msg>
<status status="PASS" starttime="20230508 19:23:20.492" endtime="20230508 19:23:20.529"/>
</kw>
<kw name="Wait Until Page Contains Element" library="SeleniumLibrary">
<arg>xpath:(//a[contains(@class,'NiNJXib52w4C8FUidB5af')])[84]</arg>
<doc>Waits until the element ``locator`` appears on the current page.</doc>
<status status="PASS" starttime="20230508 19:23:20.529" endtime="20230508 19:23:20.540"/>
</kw>
<kw name="Click Element" library="SeleniumLibrary">
<arg>xpath:(//a[contains(@class,'NiNJXib52w4C8FUidB5af')])[84]</arg>
<doc>Click the element identified by ``locator``.</doc>
<msg timestamp="20230508 19:23:20.541" level="INFO">Clicking element 'xpath:(//a[contains(@class,'NiNJXib52w4C8FUidB5af')])[84]'.</msg>
<status status="PASS" starttime="20230508 19:23:20.541" endtime="20230508 19:23:25.350"/>
</kw>
<kw name="Location Should Be" library="SeleniumLibrary">
<arg>https://apps.apple.com/US/app/id1064216828?shortlink=b3d845e&amp;is_retargeting=true&amp;c=ios_reddit_footer&amp;pid=reddit_footer&amp;source_caller=ui</arg>
<doc>Verifies that the current URL is exactly ``url``.</doc>
<msg timestamp="20230508 19:23:25.356" level="INFO">Current location is 'https://apps.apple.com/US/app/id1064216828?shortlink=b3d845e&amp;is_retargeting=true&amp;c=ios_reddit_footer&amp;pid=reddit_footer&amp;source_caller=ui'.</msg>
<status status="PASS" starttime="20230508 19:23:25.350" endtime="20230508 19:23:25.356"/>
</kw>
<kw name="Wait Until Page Contains Element" library="SeleniumLibrary">
<arg>xpath://h2[normalize-space()='Dive into anything']</arg>
<doc>Waits until the element ``locator`` appears on the current page.</doc>
<status status="PASS" starttime="20230508 19:23:25.356" endtime="20230508 19:23:25.366"/>
</kw>
<kw name="Capture Page Screenshot" library="SeleniumLibrary">
<doc>Takes a screenshot of the current page and embeds it into a log file.</doc>
<msg timestamp="20230508 19:23:25.557" level="INFO" html="true">&lt;/td&gt;&lt;/tr&gt;&lt;tr&gt;&lt;td colspan="3"&gt;&lt;a href="selenium-screenshot-1.png"&gt;&lt;img src="selenium-screenshot-1.png" width="800px"&gt;&lt;/a&gt;</msg>
<status status="PASS" starttime="20230508 19:23:25.366" endtime="20230508 19:23:25.558"/>
</kw>
<kw name="Close Browser" library="SeleniumLibrary">
<doc>Closes the current browser.</doc>
<status status="PASS" starttime="20230508 19:23:25.558" endtime="20230508 19:23:27.727"/>
</kw>
<doc>Tests clicking on the Dropdown menu and functionality - iOS</doc>
<status status="PASS" starttime="20230508 19:23:14.656" endtime="20230508 19:23:27.727"/>
</test>
<test id="s1-t2" name="TC_004-002: Dropdown menu Test - Google play" line="27">
<kw name="Open Browser" library="SeleniumLibrary">
<arg>${URL}</arg>
<arg>${BROWSER}</arg>
<doc>Opens a new browser instance to the optional ``url``.</doc>
<msg timestamp="20230508 19:23:27.729" level="INFO">Opening browser 'chrome' to base url 'https://www.reddit.com/'.</msg>
<status status="PASS" starttime="20230508 19:23:27.729" endtime="20230508 19:23:33.261"/>
</kw>
<kw name="Maximize Browser Window" library="SeleniumLibrary">
<doc>Maximizes current browser window.</doc>
<status status="PASS" starttime="20230508 19:23:33.262" endtime="20230508 19:23:33.412"/>
</kw>
<kw name="Wait Until Page Contains Element" library="SeleniumLibrary">
<arg>xpath://button[normalize-space()='Accept all']</arg>
<doc>Waits until the element ``locator`` appears on the current page.</doc>
<status status="PASS" starttime="20230508 19:23:33.412" endtime="20230508 19:23:33.463"/>
</kw>
<kw name="Click Element" library="SeleniumLibrary">
<arg>xpath://button[normalize-space()='Accept all']</arg>
<doc>Click the element identified by ``locator``.</doc>
<msg timestamp="20230508 19:23:33.463" level="INFO">Clicking element 'xpath://button[normalize-space()='Accept all']'.</msg>
<status status="PASS" starttime="20230508 19:23:33.463" endtime="20230508 19:23:33.542"/>
</kw>
<kw name="Wait Until Element Is Not Visible" library="SeleniumLibrary">
<arg>xpath://div[@class='_1DK52RbaamLOWw5UPaht_S _3Ig_EsWWVLquWs2yBBQjec _1acwN_tUhJ8w-n7oCp-Aw3']</arg>
<doc>Waits until the element ``locator`` is not visible.</doc>
<status status="PASS" starttime="20230508 19:23:33.542" endtime="20230508 19:23:33.578"/>
</kw>
<kw name="Wait Until Page Contains Element" library="SeleniumLibrary">
<arg>xpath://button[@id='USER_DROPDOWN_ID']</arg>
<doc>Waits until the element ``locator`` appears on the current page.</doc>
<status status="PASS" starttime="20230508 19:23:33.579" endtime="20230508 19:23:33.589"/>
</kw>
<kw name="Click Element" library="SeleniumLibrary">
<arg>xpath://button[@id='USER_DROPDOWN_ID']</arg>
<doc>Click the element identified by ``locator``.</doc>
<msg timestamp="20230508 19:23:33.590" level="INFO">Clicking element 'xpath://button[@id='USER_DROPDOWN_ID']'.</msg>
<status status="PASS" starttime="20230508 19:23:33.589" endtime="20230508 19:23:33.650"/>
</kw>
<kw name="Wait Until Page Contains Element" library="SeleniumLibrary">
<arg>xpath://body/div/div[contains(@role,'menu')]/button[1]</arg>
<doc>Waits until the element ``locator`` appears on the current page.</doc>
<status status="PASS" starttime="20230508 19:23:33.650" endtime="20230508 19:23:33.661"/>
</kw>
<kw name="Click Element" library="SeleniumLibrary">
<arg>xpath://body/div/div[contains(@role,'menu')]/button[1]</arg>
<doc>Click the element identified by ``locator``.</doc>
<msg timestamp="20230508 19:23:33.662" level="INFO">Clicking element 'xpath://body/div/div[contains(@role,'menu')]/button[1]'.</msg>
<status status="PASS" starttime="20230508 19:23:33.662" endtime="20230508 19:23:33.704"/>
</kw>
<kw name="Wait Until Page Contains Element" library="SeleniumLibrary">
<arg>xpath:(//a[@class='NiNJXib52w4C8FUidB5af'])[2]</arg>
<doc>Waits until the element ``locator`` appears on the current page.</doc>
<status status="PASS" starttime="20230508 19:23:33.704" endtime="20230508 19:23:33.745"/>
</kw>
<kw name="Click Element" library="SeleniumLibrary">
<arg>xpath:(//a[@class='NiNJXib52w4C8FUidB5af'])[2]</arg>
<doc>Click the element identified by ``locator``.</doc>
<msg timestamp="20230508 19:23:33.746" level="INFO">Clicking element 'xpath:(//a[@class='NiNJXib52w4C8FUidB5af'])[2]'.</msg>
<status status="PASS" starttime="20230508 19:23:33.745" endtime="20230508 19:23:35.236"/>
</kw>
<kw name="Location Should Be" library="SeleniumLibrary">
<arg>https://play.google.com/store/apps/details?id=com.reddit.frontpage&amp;shortlink=4c212f61&amp;is_retargeting=true&amp;c=android_reddit_footer&amp;pid=reddit_footer&amp;source_caller=unknown</arg>
<doc>Verifies that the current URL is exactly ``url``.</doc>
<msg timestamp="20230508 19:23:35.251" level="INFO">Current location is 'https://play.google.com/store/apps/details?id=com.reddit.frontpage&amp;shortlink=4c212f61&amp;is_retargeting=true&amp;c=android_reddit_footer&amp;pid=reddit_footer&amp;source_caller=unknown'.</msg>
<status status="PASS" starttime="20230508 19:23:35.236" endtime="20230508 19:23:35.251"/>
</kw>
<kw name="Wait Until Page Contains Element" library="SeleniumLibrary">
<arg>xpath://span[normalize-space()='Reddit']</arg>
<doc>Waits until the element ``locator`` appears on the current page.</doc>
<status status="PASS" starttime="20230508 19:23:35.252" endtime="20230508 19:23:35.262"/>
</kw>
<kw name="Capture Page Screenshot" library="SeleniumLibrary">
<doc>Takes a screenshot of the current page and embeds it into a log file.</doc>
<msg timestamp="20230508 19:23:35.426" level="INFO" html="true">&lt;/td&gt;&lt;/tr&gt;&lt;tr&gt;&lt;td colspan="3"&gt;&lt;a href="selenium-screenshot-2.png"&gt;&lt;img src="selenium-screenshot-2.png" width="800px"&gt;&lt;/a&gt;</msg>
<status status="PASS" starttime="20230508 19:23:35.263" endtime="20230508 19:23:35.426"/>
</kw>
<kw name="Close Browser" library="SeleniumLibrary">
<doc>Closes the current browser.</doc>
<status status="PASS" starttime="20230508 19:23:35.427" endtime="20230508 19:23:37.606"/>
</kw>
<doc>Tests clicking on the Dropdown menu and functionality - Google play</doc>
<status status="PASS" starttime="20230508 19:23:27.728" endtime="20230508 19:23:37.606"/>
</test>
<test id="s1-t3" name="TC_004-03: Dropdown menu Test - Rereddit" line="45">
<kw name="Open Browser" library="SeleniumLibrary">
<arg>${URL}</arg>
<arg>${BROWSER}</arg>
<doc>Opens a new browser instance to the optional ``url``.</doc>
<msg timestamp="20230508 19:23:37.608" level="INFO">Opening browser 'chrome' to base url 'https://www.reddit.com/'.</msg>
<status status="PASS" starttime="20230508 19:23:37.608" endtime="20230508 19:23:43.017"/>
</kw>
<kw name="Maximize Browser Window" library="SeleniumLibrary">
<doc>Maximizes current browser window.</doc>
<status status="PASS" starttime="20230508 19:23:43.017" endtime="20230508 19:23:43.171"/>
</kw>
<kw name="Wait Until Page Contains Element" library="SeleniumLibrary">
<arg>xpath://button[normalize-space()='Accept all']</arg>
<doc>Waits until the element ``locator`` appears on the current page.</doc>
<status status="PASS" starttime="20230508 19:23:43.171" endtime="20230508 19:23:43.214"/>
</kw>
<kw name="Click Element" library="SeleniumLibrary">
<arg>xpath://button[normalize-space()='Accept all']</arg>
<doc>Click the element identified by ``locator``.</doc>
<msg timestamp="20230508 19:23:43.215" level="INFO">Clicking element 'xpath://button[normalize-space()='Accept all']'.</msg>
<status status="PASS" starttime="20230508 19:23:43.215" endtime="20230508 19:23:43.288"/>
</kw>
<kw name="Wait Until Element Is Not Visible" library="SeleniumLibrary">
<arg>xpath://div[@class='_1DK52RbaamLOWw5UPaht_S _3Ig_EsWWVLquWs2yBBQjec _1acwN_tUhJ8w-n7oCp-Aw3']</arg>
<doc>Waits until the element ``locator`` is not visible.</doc>
<status status="PASS" starttime="20230508 19:23:43.289" endtime="20230508 19:23:43.298"/>
</kw>
<kw name="Wait Until Page Contains Element" library="SeleniumLibrary">
<arg>xpath://button[@id='USER_DROPDOWN_ID']</arg>
<doc>Waits until the element ``locator`` appears on the current page.</doc>
<status status="PASS" starttime="20230508 19:23:43.298" endtime="20230508 19:23:43.308"/>
</kw>
<kw name="Click Element" library="SeleniumLibrary">
<arg>xpath://button[@id='USER_DROPDOWN_ID']</arg>
<doc>Click the element identified by ``locator``.</doc>
<msg timestamp="20230508 19:23:43.309" level="INFO">Clicking element 'xpath://button[@id='USER_DROPDOWN_ID']'.</msg>
<status status="PASS" starttime="20230508 19:23:43.309" endtime="20230508 19:23:43.388"/>
</kw>
<kw name="Wait Until Page Contains Element" library="SeleniumLibrary">
<arg>xpath://body/div/div[contains(@role,'menu')]/button[1]</arg>
<doc>Waits until the element ``locator`` appears on the current page.</doc>
<status status="PASS" starttime="20230508 19:23:43.389" endtime="20230508 19:23:43.423"/>
</kw>
<kw name="Click Element" library="SeleniumLibrary">
<arg>xpath://body/div/div[contains(@role,'menu')]/button[1]</arg>
<doc>Click the element identified by ``locator``.</doc>
<msg timestamp="20230508 19:23:43.424" level="INFO">Clicking element 'xpath://body/div/div[contains(@role,'menu')]/button[1]'.</msg>
<status status="PASS" starttime="20230508 19:23:43.424" endtime="20230508 19:23:43.460"/>
</kw>
<kw name="Wait Until Page Contains Element" library="SeleniumLibrary">
<arg>xpath://span[normalize-space()='Rereddit']</arg>
<doc>Waits until the element ``locator`` appears on the current page.</doc>
<status status="PASS" starttime="20230508 19:23:43.460" endtime="20230508 19:23:43.470"/>
</kw>
<kw name="Execute Javascript" library="SeleniumLibrary">
<arg>document.evaluate("//span[normalize-space()='Rereddit']", document, null, XPathResult.FIRST_ORDERED_NODE_TYPE, null).singleNodeValue.click()</arg>
<doc>Executes the given JavaScript code with possible arguments.</doc>
<msg timestamp="20230508 19:23:43.471" level="INFO">Executing JavaScript:
document.evaluate("//span[normalize-space()='Rereddit']", document, null, XPathResult.FIRST_ORDERED_NODE_TYPE, null).singleNodeValue.click()
Without any arguments.</msg>
<status status="PASS" starttime="20230508 19:23:43.471" endtime="20230508 19:23:44.861"/>
</kw>
<kw name="Location Should Be" library="SeleniumLibrary">
<arg>https://www.reddit.com/posts/2022/</arg>
<doc>Verifies that the current URL is exactly ``url``.</doc>
<msg timestamp="20230508 19:23:44.869" level="INFO">Current location is 'https://www.reddit.com/posts/2022/'.</msg>
<status status="PASS" starttime="20230508 19:23:44.861" endtime="20230508 19:23:44.869"/>
</kw>
<kw name="Wait Until Page Contains Element" library="SeleniumLibrary">
<arg>xpath://h1[normalize-space()='Rereddit']</arg>
<doc>Waits until the element ``locator`` appears on the current page.</doc>
<status status="PASS" starttime="20230508 19:23:44.869" endtime="20230508 19:23:44.890"/>
</kw>
<kw name="Capture Page Screenshot" library="SeleniumLibrary">
<doc>Takes a screenshot of the current page and embeds it into a log file.</doc>
<msg timestamp="20230508 19:23:45.082" level="INFO" html="true">&lt;/td&gt;&lt;/tr&gt;&lt;tr&gt;&lt;td colspan="3"&gt;&lt;a href="selenium-screenshot-3.png"&gt;&lt;img src="selenium-screenshot-3.png" width="800px"&gt;&lt;/a&gt;</msg>
<status status="PASS" starttime="20230508 19:23:44.890" endtime="20230508 19:23:45.083"/>
</kw>
<kw name="Close Browser" library="SeleniumLibrary">
<doc>Closes the current browser.</doc>
<status status="PASS" starttime="20230508 19:23:45.083" endtime="20230508 19:23:47.263"/>
</kw>
<doc>Tests clicking on the Dropdown menu and functionality - Rereddit</doc>
<status status="PASS" starttime="20230508 19:23:37.607" endtime="20230508 19:23:47.263"/>
</test>
<test id="s1-t4" name="TC_004-004: Dropdown menu Test - blog" line="63">
<kw name="Open Browser" library="SeleniumLibrary">
<arg>${URL}</arg>
<arg>${BROWSER}</arg>
<doc>Opens a new browser instance to the optional ``url``.</doc>
<msg timestamp="20230508 19:23:47.264" level="INFO">Opening browser 'chrome' to base url 'https://www.reddit.com/'.</msg>
<status status="PASS" starttime="20230508 19:23:47.264" endtime="20230508 19:23:52.697"/>
</kw>
<kw name="Maximize Browser Window" library="SeleniumLibrary">
<doc>Maximizes current browser window.</doc>
<status status="PASS" starttime="20230508 19:23:52.697" endtime="20230508 19:23:52.851"/>
</kw>
<kw name="Wait Until Page Contains Element" library="SeleniumLibrary">
<arg>xpath://button[normalize-space()='Accept all']</arg>
<doc>Waits until the element ``locator`` appears on the current page.</doc>
<status status="PASS" starttime="20230508 19:23:52.852" endtime="20230508 19:23:52.875"/>
</kw>
<kw name="Click Element" library="SeleniumLibrary">
<arg>xpath://button[normalize-space()='Accept all']</arg>
<doc>Click the element identified by ``locator``.</doc>
<msg timestamp="20230508 19:23:52.876" level="INFO">Clicking element 'xpath://button[normalize-space()='Accept all']'.</msg>
<status status="PASS" starttime="20230508 19:23:52.876" endtime="20230508 19:23:52.995"/>
</kw>
<kw name="Wait Until Element Is Not Visible" library="SeleniumLibrary">
<arg>xpath://div[@class='_1DK52RbaamLOWw5UPaht_S _3Ig_EsWWVLquWs2yBBQjec _1acwN_tUhJ8w-n7oCp-Aw3']</arg>
<doc>Waits until the element ``locator`` is not visible.</doc>
<status status="PASS" starttime="20230508 19:23:52.996" endtime="20230508 19:23:53.007"/>
</kw>
<kw name="Wait Until Page Contains Element" library="SeleniumLibrary">
<arg>xpath://button[@id='USER_DROPDOWN_ID']</arg>
<doc>Waits until the element ``locator`` appears on the current page.</doc>
<status status="PASS" starttime="20230508 19:23:53.008" endtime="20230508 19:23:53.016"/>
</kw>
<kw name="Click Element" library="SeleniumLibrary">
<arg>xpath://button[@id='USER_DROPDOWN_ID']</arg>
<doc>Click the element identified by ``locator``.</doc>
<msg timestamp="20230508 19:23:53.017" level="INFO">Clicking element 'xpath://button[@id='USER_DROPDOWN_ID']'.</msg>
<status status="PASS" starttime="20230508 19:23:53.017" endtime="20230508 19:23:53.104"/>
</kw>
<kw name="Wait Until Page Contains Element" library="SeleniumLibrary">
<arg>xpath://body/div/div[contains(@role,'menu')]/button[1]</arg>
<doc>Waits until the element ``locator`` appears on the current page.</doc>
<status status="PASS" starttime="20230508 19:23:53.104" endtime="20230508 19:23:53.115"/>
</kw>
<kw name="Click Element" library="SeleniumLibrary">
<arg>xpath://body/div/div[contains(@role,'menu')]/button[1]</arg>
<doc>Click the element identified by ``locator``.</doc>
<msg timestamp="20230508 19:23:53.116" level="INFO">Clicking element 'xpath://body/div/div[contains(@role,'menu')]/button[1]'.</msg>
<status status="PASS" starttime="20230508 19:23:53.116" endtime="20230508 19:23:53.157"/>
</kw>
<kw name="Wait Until Page Contains Element" library="SeleniumLibrary">
<arg>xpath://a[contains(@href,'https://redditblog.com')]</arg>
<doc>Waits until the element ``locator`` appears on the current page.</doc>
<status status="PASS" starttime="20230508 19:23:53.157" endtime="20230508 19:23:53.169"/>
</kw>
<kw name="Click Element" library="SeleniumLibrary">
<arg>xpath://a[contains(@href,'https://redditblog.com')]</arg>
<doc>Click the element identified by ``locator``.</doc>
<msg timestamp="20230508 19:23:53.169" level="INFO">Clicking element 'xpath://a[contains(@href,'https://redditblog.com')]'.</msg>
<status status="PASS" starttime="20230508 19:23:53.169" endtime="20230508 19:23:54.751"/>
</kw>
<kw name="Location Should Be" library="SeleniumLibrary">
<arg>https://www.redditinc.com/blog</arg>
<doc>Verifies that the current URL is exactly ``url``.</doc>
<msg timestamp="20230508 19:23:54.754" level="INFO">Current location is 'https://www.redditinc.com/blog'.</msg>
<status status="PASS" starttime="20230508 19:23:54.751" endtime="20230508 19:23:54.755"/>
</kw>
<kw name="Wait Until Page Contains Element" library="SeleniumLibrary">
<arg>xpath://article[@id='post-291917']//a[normalize-space()='Announcements']</arg>
<doc>Waits until the element ``locator`` appears on the current page.</doc>
<status status="PASS" starttime="20230508 19:23:54.755" endtime="20230508 19:23:54.764"/>
</kw>
<kw name="Capture Page Screenshot" library="SeleniumLibrary">
<doc>Takes a screenshot of the current page and embeds it into a log file.</doc>
<msg timestamp="20230508 19:23:55.034" level="INFO" html="true">&lt;/td&gt;&lt;/tr&gt;&lt;tr&gt;&lt;td colspan="3"&gt;&lt;a href="selenium-screenshot-4.png"&gt;&lt;img src="selenium-screenshot-4.png" width="800px"&gt;&lt;/a&gt;</msg>
<status status="PASS" starttime="20230508 19:23:54.765" endtime="20230508 19:23:55.034"/>
</kw>
<kw name="Close Browser" library="SeleniumLibrary">
<doc>Closes the current browser.</doc>
<status status="PASS" starttime="20230508 19:23:55.034" endtime="20230508 19:23:57.199"/>
</kw>
<doc>Tests clicking on the Dropdown menu and functionality - blog</doc>
<status status="PASS" starttime="20230508 19:23:47.264" endtime="20230508 19:23:57.199"/>
</test>
<test id="s1-t5" name="TC_004-005: Dropdown menu Test - press" line="81">
<kw name="Open Browser" library="SeleniumLibrary">
<arg>${URL}</arg>
<arg>${BROWSER}</arg>
<doc>Opens a new browser instance to the optional ``url``.</doc>
<msg timestamp="20230508 19:23:57.201" level="INFO">Opening browser 'chrome' to base url 'https://www.reddit.com/'.</msg>
<status status="PASS" starttime="20230508 19:23:57.201" endtime="20230508 19:24:02.283"/>
</kw>
<kw name="Maximize Browser Window" library="SeleniumLibrary">
<doc>Maximizes current browser window.</doc>
<status status="PASS" starttime="20230508 19:24:02.283" endtime="20230508 19:24:02.442"/>
</kw>
<kw name="Wait Until Page Contains Element" library="SeleniumLibrary">
<arg>xpath://button[normalize-space()='Accept all']</arg>
<doc>Waits until the element ``locator`` appears on the current page.</doc>
<status status="PASS" starttime="20230508 19:24:02.442" endtime="20230508 19:24:02.490"/>
</kw>
<kw name="Click Element" library="SeleniumLibrary">
<arg>xpath://button[normalize-space()='Accept all']</arg>
<doc>Click the element identified by ``locator``.</doc>
<msg timestamp="20230508 19:24:02.490" level="INFO">Clicking element 'xpath://button[normalize-space()='Accept all']'.</msg>
<status status="PASS" starttime="20230508 19:24:02.490" endtime="20230508 19:24:02.594"/>
</kw>
<kw name="Wait Until Element Is Not Visible" library="SeleniumLibrary">
<arg>xpath://div[@class='_1DK52RbaamLOWw5UPaht_S _3Ig_EsWWVLquWs2yBBQjec _1acwN_tUhJ8w-n7oCp-Aw3']</arg>
<doc>Waits until the element ``locator`` is not visible.</doc>
<status status="PASS" starttime="20230508 19:24:02.595" endtime="20230508 19:24:02.621"/>
</kw>
<kw name="Wait Until Page Contains Element" library="SeleniumLibrary">
<arg>xpath://button[@id='USER_DROPDOWN_ID']</arg>
<doc>Waits until the element ``locator`` appears on the current page.</doc>
<status status="PASS" starttime="20230508 19:24:02.621" endtime="20230508 19:24:02.642"/>
</kw>
<kw name="Click Element" library="SeleniumLibrary">
<arg>xpath://button[@id='USER_DROPDOWN_ID']</arg>
<doc>Click the element identified by ``locator``.</doc>
<msg timestamp="20230508 19:24:02.643" level="INFO">Clicking element 'xpath://button[@id='USER_DROPDOWN_ID']'.</msg>
<status status="PASS" starttime="20230508 19:24:02.642" endtime="20230508 19:24:02.711"/>
</kw>
<kw name="Wait Until Page Contains Element" library="SeleniumLibrary">
<arg>xpath://body/div/div[contains(@role,'menu')]/button[1]</arg>
<doc>Waits until the element ``locator`` appears on the current page.</doc>
<status status="PASS" starttime="20230508 19:24:02.712" endtime="20230508 19:24:02.724"/>
</kw>
<kw name="Click Element" library="SeleniumLibrary">
<arg>xpath://body/div/div[contains(@role,'menu')]/button[1]</arg>
<doc>Click the element identified by ``locator``.</doc>
<msg timestamp="20230508 19:24:02.725" level="INFO">Clicking element 'xpath://body/div/div[contains(@role,'menu')]/button[1]'.</msg>
<status status="PASS" starttime="20230508 19:24:02.724" endtime="20230508 19:24:02.760"/>
</kw>
<kw name="Wait Until Page Contains Element" library="SeleniumLibrary">
<arg>xpath://span[normalize-space()='Press']</arg>
<doc>Waits until the element ``locator`` appears on the current page.</doc>
<status status="PASS" starttime="20230508 19:24:02.760" endtime="20230508 19:24:02.771"/>
</kw>
<kw name="Click Element" library="SeleniumLibrary">
<arg>xpath://span[normalize-space()='Press']</arg>
<doc>Click the element identified by ``locator``.</doc>
<msg timestamp="20230508 19:24:02.771" level="INFO">Clicking element 'xpath://span[normalize-space()='Press']'.</msg>
<status status="PASS" starttime="20230508 19:24:02.771" endtime="20230508 19:24:04.157"/>
</kw>
<kw name="Location Should Be" library="SeleniumLibrary">
<arg>https://www.redditinc.com/press</arg>
<doc>Verifies that the current URL is exactly ``url``.</doc>
<msg timestamp="20230508 19:24:04.161" level="INFO">Current location is 'https://www.redditinc.com/press'.</msg>
<status status="PASS" starttime="20230508 19:24:04.157" endtime="20230508 19:24:04.161"/>
</kw>
<kw name="Wait Until Page Contains Element" library="SeleniumLibrary">
<arg>xpath://h1[normalize-space()='Where Stories Are Born']</arg>
<doc>Waits until the element ``locator`` appears on the current page.</doc>
<status status="PASS" starttime="20230508 19:24:04.162" endtime="20230508 19:24:04.172"/>
</kw>
<kw name="Capture Page Screenshot" library="SeleniumLibrary">
<doc>Takes a screenshot of the current page and embeds it into a log file.</doc>
<msg timestamp="20230508 19:24:04.318" level="INFO" html="true">&lt;/td&gt;&lt;/tr&gt;&lt;tr&gt;&lt;td colspan="3"&gt;&lt;a href="selenium-screenshot-5.png"&gt;&lt;img src="selenium-screenshot-5.png" width="800px"&gt;&lt;/a&gt;</msg>
<status status="PASS" starttime="20230508 19:24:04.172" endtime="20230508 19:24:04.318"/>
</kw>
<kw name="Close Browser" library="SeleniumLibrary">
<doc>Closes the current browser.</doc>
<status status="PASS" starttime="20230508 19:24:04.319" endtime="20230508 19:24:06.481"/>
</kw>
<doc>Tests clicking on the Dropdown menu and functionality -press</doc>
<status status="PASS" starttime="20230508 19:23:57.200" endtime="20230508 19:24:06.481"/>
</test>
<test id="s1-t6" name="TC_004-006: Dropdown menu Test - Privacy Policy" line="99">
<kw name="Open Browser" library="SeleniumLibrary">
<arg>${URL}</arg>
<arg>${BROWSER}</arg>
<doc>Opens a new browser instance to the optional ``url``.</doc>
<msg timestamp="20230508 19:24:06.483" level="INFO">Opening browser 'chrome' to base url 'https://www.reddit.com/'.</msg>
<status status="PASS" starttime="20230508 19:24:06.483" endtime="20230508 19:24:12.032"/>
</kw>
<kw name="Maximize Browser Window" library="SeleniumLibrary">
<doc>Maximizes current browser window.</doc>
<status status="PASS" starttime="20230508 19:24:12.033" endtime="20230508 19:24:12.193"/>
</kw>
<kw name="Wait Until Page Contains Element" library="SeleniumLibrary">
<arg>xpath://button[normalize-space()='Accept all']</arg>
<doc>Waits until the element ``locator`` appears on the current page.</doc>
<status status="PASS" starttime="20230508 19:24:12.194" endtime="20230508 19:24:12.275"/>
</kw>
<kw name="Click Element" library="SeleniumLibrary">
<arg>xpath://button[normalize-space()='Accept all']</arg>
<doc>Click the element identified by ``locator``.</doc>
<msg timestamp="20230508 19:24:12.276" level="INFO">Clicking element 'xpath://button[normalize-space()='Accept all']'.</msg>
<status status="PASS" starttime="20230508 19:24:12.275" endtime="20230508 19:24:12.333"/>
</kw>
<kw name="Wait Until Element Is Not Visible" library="SeleniumLibrary">
<arg>xpath://div[@class='_1DK52RbaamLOWw5UPaht_S _3Ig_EsWWVLquWs2yBBQjec _1acwN_tUhJ8w-n7oCp-Aw3']</arg>
<doc>Waits until the element ``locator`` is not visible.</doc>
<status status="PASS" starttime="20230508 19:24:12.334" endtime="20230508 19:24:12.346"/>
</kw>
<kw name="Wait Until Page Contains Element" library="SeleniumLibrary">
<arg>xpath://button[@id='USER_DROPDOWN_ID']</arg>
<doc>Waits until the element ``locator`` appears on the current page.</doc>
<status status="PASS" starttime="20230508 19:24:12.346" endtime="20230508 19:24:12.357"/>
</kw>
<kw name="Click Element" library="SeleniumLibrary">
<arg>xpath://button[@id='USER_DROPDOWN_ID']</arg>
<doc>Click the element identified by ``locator``.</doc>
<msg timestamp="20230508 19:24:12.358" level="INFO">Clicking element 'xpath://button[@id='USER_DROPDOWN_ID']'.</msg>
<status status="PASS" starttime="20230508 19:24:12.357" endtime="20230508 19:24:12.442"/>
</kw>
<kw name="Wait Until Page Contains Element" library="SeleniumLibrary">
<arg>xpath://body/div/div[contains(@role,'menu')]/button[2]</arg>
<doc>Waits until the element ``locator`` appears on the current page.</doc>
<status status="PASS" starttime="20230508 19:24:12.442" endtime="20230508 19:24:12.453"/>
</kw>
<kw name="Click Element" library="SeleniumLibrary">
<arg>xpath://body/div/div[contains(@role,'menu')]/button[2]</arg>
<doc>Click the element identified by ``locator``.</doc>
<msg timestamp="20230508 19:24:12.454" level="INFO">Clicking element 'xpath://body/div/div[contains(@role,'menu')]/button[2]'.</msg>
<status status="PASS" starttime="20230508 19:24:12.454" endtime="20230508 19:24:12.492"/>
</kw>
<kw name="Wait Until Page Contains Element" library="SeleniumLibrary">
<arg>xpath://span[normalize-space()='Privacy Policy']</arg>
<doc>Waits until the element ``locator`` appears on the current page.</doc>
<status status="PASS" starttime="20230508 19:24:12.492" endtime="20230508 19:24:12.504"/>
</kw>
<kw name="Click Element" library="SeleniumLibrary">
<arg>xpath://span[normalize-space()='Privacy Policy']</arg>
<doc>Click the element identified by ``locator``.</doc>
<msg timestamp="20230508 19:24:12.506" level="INFO">Clicking element 'xpath://span[normalize-space()='Privacy Policy']'.</msg>
<status status="PASS" starttime="20230508 19:24:12.506" endtime="20230508 19:24:12.963"/>
</kw>
<kw name="Location Should Be" library="SeleniumLibrary">
<arg>https://www.reddit.com/policies/privacy-policy</arg>
<doc>Verifies that the current URL is exactly ``url``.</doc>
<msg timestamp="20230508 19:24:12.970" level="INFO">Current location is 'https://www.reddit.com/policies/privacy-policy'.</msg>
<status status="PASS" starttime="20230508 19:24:12.964" endtime="20230508 19:24:12.970"/>
</kw>
<kw name="Wait Until Page Contains Element" library="SeleniumLibrary">
<arg>xpath://h1[@class='text-32 mb-md']</arg>
<doc>Waits until the element ``locator`` appears on the current page.</doc>
<status status="PASS" starttime="20230508 19:24:12.970" endtime="20230508 19:24:12.981"/>
</kw>
<kw name="Capture Page Screenshot" library="SeleniumLibrary">
<doc>Takes a screenshot of the current page and embeds it into a log file.</doc>
<msg timestamp="20230508 19:24:13.130" level="INFO" html="true">&lt;/td&gt;&lt;/tr&gt;&lt;tr&gt;&lt;td colspan="3"&gt;&lt;a href="selenium-screenshot-6.png"&gt;&lt;img src="selenium-screenshot-6.png" width="800px"&gt;&lt;/a&gt;</msg>
<status status="PASS" starttime="20230508 19:24:12.981" endtime="20230508 19:24:13.130"/>
</kw>
<kw name="Close Browser" library="SeleniumLibrary">
<doc>Closes the current browser.</doc>
<status status="PASS" starttime="20230508 19:24:13.130" endtime="20230508 19:24:15.287"/>
</kw>
<doc>Tests clicking on the Dropdown menu and functionality -Privacy Policy</doc>
<status status="PASS" starttime="20230508 19:24:06.482" endtime="20230508 19:24:15.287"/>
</test>
<test id="s1-t7" name="TC_004-007: Dropdown menu Test - Moderator Code of Conduct" line="117">
<kw name="Open Browser" library="SeleniumLibrary">
<arg>${URL}</arg>
<arg>${BROWSER}</arg>
<doc>Opens a new browser instance to the optional ``url``.</doc>
<msg timestamp="20230508 19:24:15.289" level="INFO">Opening browser 'chrome' to base url 'https://www.reddit.com/'.</msg>
<status status="PASS" starttime="20230508 19:24:15.289" endtime="20230508 19:24:20.622"/>
</kw>
<kw name="Maximize Browser Window" library="SeleniumLibrary">
<doc>Maximizes current browser window.</doc>
<status status="PASS" starttime="20230508 19:24:20.622" endtime="20230508 19:24:20.776"/>
</kw>
<kw name="Wait Until Page Contains Element" library="SeleniumLibrary">
<arg>xpath://button[normalize-space()='Accept all']</arg>
<doc>Waits until the element ``locator`` appears on the current page.</doc>
<status status="PASS" starttime="20230508 19:24:20.776" endtime="20230508 19:24:20.828"/>
</kw>
<kw name="Click Element" library="SeleniumLibrary">
<arg>xpath://button[normalize-space()='Accept all']</arg>
<doc>Click the element identified by ``locator``.</doc>
<msg timestamp="20230508 19:24:20.829" level="INFO">Clicking element 'xpath://button[normalize-space()='Accept all']'.</msg>
<status status="PASS" starttime="20230508 19:24:20.828" endtime="20230508 19:24:20.900"/>
</kw>
<kw name="Wait Until Element Is Not Visible" library="SeleniumLibrary">
<arg>xpath://div[@class='_1DK52RbaamLOWw5UPaht_S _3Ig_EsWWVLquWs2yBBQjec _1acwN_tUhJ8w-n7oCp-Aw3']</arg>
<doc>Waits until the element ``locator`` is not visible.</doc>
<status status="PASS" starttime="20230508 19:24:20.900" endtime="20230508 19:24:20.942"/>
</kw>
<kw name="Wait Until Page Contains Element" library="SeleniumLibrary">
<arg>xpath://button[@id='USER_DROPDOWN_ID']</arg>
<doc>Waits until the element ``locator`` appears on the current page.</doc>
<status status="PASS" starttime="20230508 19:24:20.943" endtime="20230508 19:24:20.953"/>
</kw>
<kw name="Click Element" library="SeleniumLibrary">
<arg>xpath://button[@id='USER_DROPDOWN_ID']</arg>
<doc>Click the element identified by ``locator``.</doc>
<msg timestamp="20230508 19:24:20.953" level="INFO">Clicking element 'xpath://button[@id='USER_DROPDOWN_ID']'.</msg>
<status status="PASS" starttime="20230508 19:24:20.953" endtime="20230508 19:24:21.037"/>
</kw>
<kw name="Wait Until Page Contains Element" library="SeleniumLibrary">
<arg>xpath://body/div/div[contains(@role,'menu')]/button[2]</arg>
<doc>Waits until the element ``locator`` appears on the current page.</doc>
<status status="PASS" starttime="20230508 19:24:21.037" endtime="20230508 19:24:21.047"/>
</kw>
<kw name="Click Element" library="SeleniumLibrary">
<arg>xpath://body/div/div[contains(@role,'menu')]/button[2]</arg>
<doc>Click the element identified by ``locator``.</doc>
<msg timestamp="20230508 19:24:21.047" level="INFO">Clicking element 'xpath://body/div/div[contains(@role,'menu')]/button[2]'.</msg>
<status status="PASS" starttime="20230508 19:24:21.047" endtime="20230508 19:24:21.084"/>
</kw>
<kw name="Wait Until Page Contains Element" library="SeleniumLibrary">
<arg>xpath://span[normalize-space()='Moderator Code of Conduct']</arg>
<doc>Waits until the element ``locator`` appears on the current page.</doc>
<status status="PASS" starttime="20230508 19:24:21.086" endtime="20230508 19:24:21.097"/>
</kw>
<kw name="Click Element" library="SeleniumLibrary">
<arg>xpath://span[normalize-space()='Moderator Code of Conduct']</arg>
<doc>Click the element identified by ``locator``.</doc>
<msg timestamp="20230508 19:24:21.098" level="INFO">Clicking element 'xpath://span[normalize-space()='Moderator Code of Conduct']'.</msg>
<status status="PASS" starttime="20230508 19:24:21.098" endtime="20230508 19:24:21.932"/>
</kw>
<kw name="Location Should Be" library="SeleniumLibrary">
<arg>https://www.redditinc.com/policies/moderator-code-of-conduct</arg>
<doc>Verifies that the current URL is exactly ``url``.</doc>
<msg timestamp="20230508 19:24:21.939" level="INFO">Current location is 'https://www.redditinc.com/policies/moderator-code-of-conduct'.</msg>
<status status="PASS" starttime="20230508 19:24:21.932" endtime="20230508 19:24:21.939"/>
</kw>
<kw name="Wait Until Page Contains Element" library="SeleniumLibrary">
<arg>xpath://h1[normalize-space()='Moderator Code of Conduct']</arg>
<doc>Waits until the element ``locator`` appears on the current page.</doc>
<status status="PASS" starttime="20230508 19:24:21.939" endtime="20230508 19:24:21.949"/>
</kw>
<kw name="Capture Page Screenshot" library="SeleniumLibrary">
<doc>Takes a screenshot of the current page and embeds it into a log file.</doc>
<msg timestamp="20230508 19:24:22.161" level="INFO" html="true">&lt;/td&gt;&lt;/tr&gt;&lt;tr&gt;&lt;td colspan="3"&gt;&lt;a href="selenium-screenshot-7.png"&gt;&lt;img src="selenium-screenshot-7.png" width="800px"&gt;&lt;/a&gt;</msg>
<status status="PASS" starttime="20230508 19:24:21.949" endtime="20230508 19:24:22.161"/>
</kw>
<kw name="Close Browser" library="SeleniumLibrary">
<doc>Closes the current browser.</doc>
<status status="PASS" starttime="20230508 19:24:22.161" endtime="20230508 19:24:24.318"/>
</kw>
<doc>Tests clicking on the Dropdown menu and functionality -Moderator Code of Conduct</doc>
<status status="PASS" starttime="20230508 19:24:15.288" endtime="20230508 19:24:24.320"/>
</test>
<test id="s1-t8" name="TC_004-008: Dropdown menu Test - Login/Sign up button" line="135">
<kw name="Open Browser" library="SeleniumLibrary">
<arg>${URL}</arg>
<arg>${BROWSER}</arg>
<doc>Opens a new browser instance to the optional ``url``.</doc>
<msg timestamp="20230508 19:24:24.328" level="INFO">Opening browser 'chrome' to base url 'https://www.reddit.com/'.</msg>
<status status="PASS" starttime="20230508 19:24:24.326" endtime="20230508 19:24:29.732"/>
</kw>
<kw name="Maximize Browser Window" library="SeleniumLibrary">
<doc>Maximizes current browser window.</doc>
<status status="PASS" starttime="20230508 19:24:29.733" endtime="20230508 19:24:29.876"/>
</kw>
<kw name="Wait Until Page Contains Element" library="SeleniumLibrary">
<arg>xpath://button[normalize-space()='Accept all']</arg>
<doc>Waits until the element ``locator`` appears on the current page.</doc>
<status status="PASS" starttime="20230508 19:24:29.876" endtime="20230508 19:24:29.899"/>
</kw>
<kw name="Click Element" library="SeleniumLibrary">
<arg>xpath://button[normalize-space()='Accept all']</arg>
<doc>Click the element identified by ``locator``.</doc>
<msg timestamp="20230508 19:24:29.900" level="INFO">Clicking element 'xpath://button[normalize-space()='Accept all']'.</msg>
<status status="PASS" starttime="20230508 19:24:29.900" endtime="20230508 19:24:29.991"/>
</kw>
<kw name="Wait Until Element Is Not Visible" library="SeleniumLibrary">
<arg>xpath://div[@class='_1DK52RbaamLOWw5UPaht_S _3Ig_EsWWVLquWs2yBBQjec _1acwN_tUhJ8w-n7oCp-Aw3']</arg>
<doc>Waits until the element ``locator`` is not visible.</doc>
<status status="PASS" starttime="20230508 19:24:29.991" endtime="20230508 19:24:30.002"/>
</kw>
<kw name="Wait Until Page Contains Element" library="SeleniumLibrary">
<arg>xpath://button[@id='USER_DROPDOWN_ID']</arg>
<doc>Waits until the element ``locator`` appears on the current page.</doc>
<status status="PASS" starttime="20230508 19:24:30.003" endtime="20230508 19:24:30.013"/>
</kw>
<kw name="Click Element" library="SeleniumLibrary">
<arg>xpath://button[@id='USER_DROPDOWN_ID']</arg>
<doc>Click the element identified by ``locator``.</doc>
<msg timestamp="20230508 19:24:30.013" level="INFO">Clicking element 'xpath://button[@id='USER_DROPDOWN_ID']'.</msg>
<status status="PASS" starttime="20230508 19:24:30.013" endtime="20230508 19:24:30.172"/>
</kw>
<kw name="Wait Until Page Contains Element" library="SeleniumLibrary">
<arg>xpath://i[contains(@class,'icon icon-logout')]</arg>
<doc>Waits until the element ``locator`` appears on the current page.</doc>
<status status="PASS" starttime="20230508 19:24:30.172" endtime="20230508 19:24:30.183"/>
</kw>
<kw name="Click Element" library="SeleniumLibrary">
<arg>xpath://i[contains(@class,'icon icon-logout')]</arg>
<doc>Click the element identified by ``locator``.</doc>
<msg timestamp="20230508 19:24:30.184" level="INFO">Clicking element 'xpath://i[contains(@class,'icon icon-logout')]'.</msg>
<status status="PASS" starttime="20230508 19:24:30.183" endtime="20230508 19:24:30.306"/>
</kw>
<kw name="Select Frame" library="SeleniumLibrary">
<arg>xpath://iframe[contains(@class,'_25r3t_lrPF3M6zD2YkWvZU')]</arg>
<doc>Sets frame identified by ``locator`` as the current frame.</doc>
<msg timestamp="20230508 19:24:30.307" level="INFO">Selecting frame 'xpath://iframe[contains(@class,'_25r3t_lrPF3M6zD2YkWvZU')]'.</msg>
<status status="PASS" starttime="20230508 19:24:30.307" endtime="20230508 19:24:30.920"/>
</kw>
<kw name="Wait Until Page Contains Element" library="SeleniumLibrary">
<arg>xpath://input[@id='loginUsername']</arg>
<doc>Waits until the element ``locator`` appears on the current page.</doc>
<status status="PASS" starttime="20230508 19:24:30.920" endtime="20230508 19:24:30.929"/>
</kw>
<kw name="Wait Until Page Contains Element" library="SeleniumLibrary">
<arg>xpath://h1[normalize-space()='Log In']</arg>
<doc>Waits until the element ``locator`` appears on the current page.</doc>
<status status="PASS" starttime="20230508 19:24:30.930" endtime="20230508 19:24:30.938"/>
</kw>
<kw name="Unselect Frame" library="SeleniumLibrary">
<doc>Sets the main frame as the current frame.</doc>
<status status="PASS" starttime="20230508 19:24:30.939" endtime="20230508 19:24:30.941"/>
</kw>
<kw name="Capture Page Screenshot" library="SeleniumLibrary">
<doc>Takes a screenshot of the current page and embeds it into a log file.</doc>
<msg timestamp="20230508 19:24:31.125" level="INFO" html="true">&lt;/td&gt;&lt;/tr&gt;&lt;tr&gt;&lt;td colspan="3"&gt;&lt;a href="selenium-screenshot-8.png"&gt;&lt;img src="selenium-screenshot-8.png" width="800px"&gt;&lt;/a&gt;</msg>
<status status="PASS" starttime="20230508 19:24:30.941" endtime="20230508 19:24:31.125"/>
</kw>
<kw name="Close Browser" library="SeleniumLibrary">
<doc>Closes the current browser.</doc>
<status status="PASS" starttime="20230508 19:24:31.125" endtime="20230508 19:24:33.294"/>
</kw>
<doc>Tests clicking on the Dropdown menu and functionality -Moderator Code of Conduct</doc>
<status status="PASS" starttime="20230508 19:24:24.324" endtime="20230508 19:24:33.294"/>
</test>
<status status="PASS" starttime="20230508 19:23:14.509" endtime="20230508 19:24:33.296"/>
</suite>
<statistics>
<total>
<stat pass="8" fail="0" skip="0">All Tests</stat>
</total>
<tag>
</tag>
<suite>
<stat pass="8" fail="0" skip="0" id="s1" name="Dropdown menu Test">Dropdown menu Test</stat>
</suite>
</statistics>
<errors>
</errors>
</robot>
